[    0.000000] Initializing cgroup subsys cpuset
[    0.000000] Initializing cgroup subsys cpu
[    0.000000] Initializing cgroup subsys cpuacct
[    0.000000] Linux version 4.4.0-98-generic (buildd@lcy01-03) (gcc version 5.4.0 20160609 (Ubuntu 5.4.0-6ubuntu1~16.04.4) ) #121-Ubuntu SMP Tue Oct 10 14:24:03 UTC 2017 (Ubuntu 4.4.0-98.121-generic 4.4.90)
[    0.000000] Command line: BOOT_IMAGE=/boot/vmlinuz-4.4.0-98-generic root=UUID=d7006b2f-ace6-464d-8b21-17180b3ed360 ro console=tty1 console=ttyS0
[    0.000000] KERNEL supported cpus:
[    0.000000]   Intel GenuineIntel
[    0.000000]   AMD AuthenticAMD
[    0.000000]   Centaur CentaurHauls
[    0.000000] x86/fpu: xstate_offset[2]:  576, xstate_sizes[2]:  256
[    0.000000] x86/fpu: Supporting XSAVE feature 0x01: 'x87 floating point registers'
[    0.000000] x86/fpu: Supporting XSAVE feature 0x02: 'SSE registers'
[    0.000000] x86/fpu: Supporting XSAVE feature 0x04: 'AVX registers'
[    0.000000] x86/fpu: Enabled xstate features 0x7, context size is 832 bytes, using 'standard' format.
[    0.000000] x86/fpu: Using 'lazy' FPU context switches.
[    0.000000] e820: BIOS-provided physical RAM map:
[    0.000000] BIOS-e820: [mem 0x0000000000000000-0x000000000009fbff] usable
[    0.000000] BIOS-e820: [mem 0x000000000009fc00-0x000000000009ffff] reserved
[    0.000000] BIOS-e820: [mem 0x00000000000f0000-0x00000000000fffff] reserved
[    0.000000] BIOS-e820: [mem 0x0000000000100000-0x000000003ffeffff] usable
[    0.000000] BIOS-e820: [mem 0x000000003fff0000-0x000000003fffffff] ACPI data
[    0.000000] BIOS-e820: [mem 0x00000000fec00000-0x00000000fec00fff] reserved
[    0.000000] BIOS-e820: [mem 0x00000000fee00000-0x00000000fee00fff] reserved
[    0.000000] BIOS-e820: [mem 0x00000000fffc0000-0x00000000ffffffff] reserved
[    0.000000] NX (Execute Disable) protection: active
[    0.000000] SMBIOS 2.5 present.
[    0.000000] Hypervisor detected: KVM
[    0.000000] e820: last_pfn = 0x3fff0 max_arch_pfn = 0x400000000
[    0.000000] MTRR: Disabled
[    0.000000] x86/PAT: MTRRs disabled, skipping PAT initialization too.
[    0.000000] CPU MTRRs all blank - virtualized system.
[    0.000000] x86/PAT: Configuration [0-7]: WB  WT  UC- UC  WB  WT  UC- UC  
[    0.000000] found SMP MP-table at [mem 0x0009fff0-0x0009ffff] mapped at [ffff88000009fff0]
[    0.000000] Scanning 1 areas for low memory corruption
[    0.000000] RAMDISK: [mem 0x3622e000-0x3710efff]
[    0.000000] ACPI: Early table checksum verification disabled
[    0.000000] ACPI: RSDP 0x00000000000E0000 000024 (v02 VBOX  )
[    0.000000] ACPI: XSDT 0x000000003FFF0030 00003C (v01 VBOX   VBOXXSDT 00000001 ASL  00000061)
[    0.000000] ACPI: FACP 0x000000003FFF00F0 0000F4 (v04 VBOX   VBOXFACP 00000001 ASL  00000061)
[    0.000000] ACPI: DSDT 0x000000003FFF0470 0021FF (v02 VBOX   VBOXBIOS 00000002 INTL 20100528)
[    0.000000] ACPI: FACS 0x000000003FFF0200 000040
[    0.000000] ACPI: FACS 0x000000003FFF0200 000040
[    0.000000] ACPI: APIC 0x000000003FFF0240 00005C (v02 VBOX   VBOXAPIC 00000001 ASL  00000061)
[    0.000000] ACPI: SSDT 0x000000003FFF02A0 0001CC (v01 VBOX   VBOXCPUT 00000002 INTL 20100528)
[    0.000000] No NUMA configuration found
[    0.000000] Faking a node at [mem 0x0000000000000000-0x000000003ffeffff]
[    0.000000] NODE_DATA(0) allocated [mem 0x3ffeb000-0x3ffeffff]
[    0.000000] kvm-clock: Using msrs 4b564d01 and 4b564d00
[    0.000000] kvm-clock: cpu 0, msr 0:3ffe3001, primary cpu clock
[    0.000000] kvm-clock: using sched offset of 3799559032 cycles
[    0.000000] clocksource: kvm-clock: mask: 0xffffffffffffffff max_cycles: 0x1cd42e4dffb, max_idle_ns: 881590591483 ns
[    0.000000] Zone ranges:
[    0.000000]   DMA      [mem 0x0000000000001000-0x0000000000ffffff]
[    0.000000]   DMA32    [mem 0x0000000001000000-0x000000003ffeffff]
[    0.000000]   Normal   empty
[    0.000000]   Device   empty
[    0.000000] Movable zone start for each node
[    0.000000] Early memory node ranges
[    0.000000]   node   0: [mem 0x0000000000001000-0x000000000009efff]
[    0.000000]   node   0: [mem 0x0000000000100000-0x000000003ffeffff]
[    0.000000] Initmem setup node 0 [mem 0x0000000000001000-0x000000003ffeffff]
[    0.000000] ACPI: PM-Timer IO Port: 0x4008
[    0.000000] IOAPIC[0]: apic_id 2, version 32, address 0xfec00000, GSI 0-23
[    0.000000] ACPI: INT_SRC_OVR (bus 0 bus_irq 0 global_irq 2 dfl dfl)
[    0.000000] ACPI: INT_SRC_OVR (bus 0 bus_irq 9 global_irq 9 high level)
[    0.000000] Using ACPI (MADT) for SMP configuration information
[    0.000000] smpboot: Allowing 2 CPUs, 0 hotplug CPUs
[    0.000000] PM: Registered nosave memory: [mem 0x00000000-0x00000fff]
[    0.000000] PM: Registered nosave memory: [mem 0x0009f000-0x0009ffff]
[    0.000000] PM: Registered nosave memory: [mem 0x000a0000-0x000effff]
[    0.000000] PM: Registered nosave memory: [mem 0x000f0000-0x000fffff]
[    0.000000] e820: [mem 0x40000000-0xfebfffff] available for PCI devices
[    0.000000] Booting paravirtualized kernel on KVM
[    0.000000] clocksource: refined-jiffies: mask: 0xffffffff max_cycles: 0xffffffff, max_idle_ns: 7645519600211568 ns
[    0.000000] setup_percpu: NR_CPUS:512 nr_cpumask_bits:512 nr_cpu_ids:2 nr_node_ids:1
[    0.000000] PERCPU: Embedded 34 pages/cpu @ffff88003fc00000 s98328 r8192 d32744 u1048576
[    0.000000] PV qspinlock hash table entries: 256 (order: 0, 4096 bytes)
[    0.000000] Built 1 zonelists in Node order, mobility grouping on.  Total pages: 257913
[    0.000000] Policy zone: DMA32
[    0.000000] Kernel command line: BOOT_IMAGE=/boot/vmlinuz-4.4.0-98-generic root=UUID=d7006b2f-ace6-464d-8b21-17180b3ed360 ro console=tty1 console=ttyS0
[    0.000000] PID hash table entries: 4096 (order: 3, 32768 bytes)
[    0.000000] Memory: 997328K/1048120K available (8484K kernel code, 1294K rwdata, 3988K rodata, 1492K init, 1316K bss, 50792K reserved, 0K cma-reserved)
[    0.000000] SLUB: HWalign=64, Order=0-3, MinObjects=0, CPUs=2, Nodes=1
[    0.000000] Hierarchical RCU implementation.
[    0.000000] 	Build-time adjustment of leaf fanout to 64.
[    0.000000] 	RCU restricting CPUs from NR_CPUS=512 to nr_cpu_ids=2.
[    0.000000] RCU: Adjusting geometry for rcu_fanout_leaf=64, nr_cpu_ids=2
[    0.000000] NR_IRQS:33024 nr_irqs:440 16
[    0.000000] Console: colour VGA+ 80x25
[    0.000000] console [tty1] enabled
[    0.000000] console [ttyS0] enabled
[    0.000000] tsc: Detected 2303.998 MHz processor
[    5.109329] Calibrating delay loop (skipped) preset value.. 4607.99 BogoMIPS (lpj=9215992)
[    5.110847] pid_max: default: 32768 minimum: 301
[    5.111671] ACPI: Core revision 20150930
[    5.113167] ACPI: 2 ACPI AML tables successfully acquired and loaded
[    5.114356] Security Framework initialized
[    5.137751] Yama: becoming mindful.
[    5.138438] AppArmor: AppArmor initialized
[    5.139251] Dentry cache hash table entries: 131072 (order: 8, 1048576 bytes)
[    5.190983] Inode-cache hash table entries: 65536 (order: 7, 524288 bytes)
[    5.207131] Mount-cache hash table entries: 2048 (order: 2, 16384 bytes)
[    5.255668] Mountpoint-cache hash table entries: 2048 (order: 2, 16384 bytes)
[    5.256990] Initializing cgroup subsys io
[    5.257744] Initializing cgroup subsys memory
[    5.258539] Initializing cgroup subsys devices
[    5.259348] Initializing cgroup subsys freezer
[    5.294803] Initializing cgroup subsys net_cls
[    5.344841] Initializing cgroup subsys perf_event
[    5.345682] Initializing cgroup subsys net_prio
[    5.349643] Initializing cgroup subsys hugetlb
[    5.350445] Initializing cgroup subsys pids
[    5.351282] CPU: Physical Processor ID: 0
[    5.352032] CPU: Processor Core ID: 0
[    5.354346] mce: CPU supports 0 MCE banks
[    5.390876] Last level iTLB entries: 4KB 64, 2MB 8, 4MB 8
[    5.391804] Last level dTLB entries: 4KB 64, 2MB 0, 4MB 0, 1GB 4
[    5.394366] Freeing SMP alternatives memory: 32K
[    5.401718] ftrace: allocating 32154 entries in 126 pages
[    5.447109] smpboot: APIC(0) Converting physical 0 to logical package 0
[    5.487420] smpboot: Max logical packages: 1
[    5.488422] x2apic enabled
[    5.489198] Switched APIC routing to physical x2apic.
[    5.490986] ..TIMER: vector=0x30 apic1=0 pin1=2 apic2=-1 pin2=-1
[    5.596957] smpboot: CPU0: Intel(R) Core(TM) i5-7360U CPU @ 2.30GHz (family: 0x6, model: 0x8e, stepping: 0x9)
[    5.629459] Performance Events: unsupported p6 CPU model 142 no PMU driver, software events only.
[    5.631120] KVM setup paravirtual spinlock
[    5.632437] x86: Booting SMP configuration:
[    5.633221] .... node  #0, CPUs:      #1
[    5.634077] kvm-clock: cpu 1, msr 0:3ffe3041, secondary cpu clock
[    5.653728] mce: CPU supports 0 MCE banks
[    5.666554] x86: Booted up 1 node, 2 CPUs
[    5.703610] smpboot: Total of 2 processors activated (9215.99 BogoMIPS)
[    5.763421] devtmpfs: initialized
[    5.792134] evm: security.selinux
[    5.825713] evm: security.SMACK64
[    5.864510] evm: security.SMACK64EXEC
[    5.901875] evm: security.SMACK64TRANSMUTE
[    5.941253] evm: security.SMACK64MMAP
[    5.967235] evm: security.ima
[    5.978351] evm: security.capability
[    5.979235] clocksource: jiffies: mask: 0xffffffff max_cycles: 0xffffffff, max_idle_ns: 7645041785100000 ns
[    5.992981] futex hash table entries: 512 (order: 3, 32768 bytes)
[    6.014173] pinctrl core: initialized pinctrl subsystem
[    6.034087] RTC time:  8:16:34, date: 11/13/17
[    6.076673] NET: Registered protocol family 16
[    6.117967] cpuidle: using governor ladder
[    6.185342] cpuidle: using governor menu
[    6.227272] PCCT header not found.
[    6.255310] ACPI: bus type PCI registered
[    6.273897] acpiphp: ACPI Hot Plug PCI Controller Driver version: 0.5
[    6.329114] PCI: Using configuration type 1 for base access
[    6.400918] ACPI: Added _OSI(Module Device)
[    6.447149] ACPI: Added _OSI(Processor Device)
[    6.501442] ACPI: Added _OSI(3.0 _SCP Extensions)
[    6.552873] ACPI: Added _OSI(Processor Aggregator Device)
[    6.609312] ACPI: Executed 1 blocks of module-level executable AML code
[    6.690662] ACPI: Interpreter enabled
[    6.727390] ACPI: (supports S0 S5)
[    6.768566] ACPI: Using IOAPIC for interrupt routing
[    6.820887] PCI: Using host bridge windows from ACPI; if necessary, use "pci=nocrs" and report a bug
[    6.908332] ACPI: PCI Root Bridge [PCI0] (domain 0000 [bus 00-ff])
[    6.977596] acpi PNP0A03:00: _OSC: OS supports [ASPM ClockPM Segments MSI]
[    7.045333] acpi PNP0A03:00: _OSC: not requesting OS control; OS requires [ExtendedConfig ASPM ClockPM MSI]
[    7.098223] acpi PNP0A03:00: fail to add MMCONFIG information, can't access extended PCI configuration space under this bridge.
[    7.194897] PCI host bridge to bus 0000:00
[    7.229341] pci_bus 0000:00: root bus resource [io  0x0000-0x0cf7 window]
[    7.292472] pci_bus 0000:00: root bus resource [io  0x0d00-0xffff window]
[    7.362376] pci_bus 0000:00: root bus resource [mem 0x000a0000-0x000bffff window]
[    7.429595] pci_bus 0000:00: root bus resource [mem 0x40000000-0xffdfffff window]
[    7.513867] pci_bus 0000:00: root bus resource [bus 00-ff]
[    7.559768] pci 0000:00:01.1: legacy IDE quirk: reg 0x10: [io  0x01f0-0x01f7]
[    7.634233] pci 0000:00:01.1: legacy IDE quirk: reg 0x14: [io  0x03f6]
[    7.689422] pci 0000:00:01.1: legacy IDE quirk: reg 0x18: [io  0x0170-0x0177]
[    7.748961] pci 0000:00:01.1: legacy IDE quirk: reg 0x1c: [io  0x0376]
[    7.787705] pci 0000:00:07.0: quirk: [io  0x4000-0x403f] claimed by PIIX4 ACPI
[    7.853662] pci 0000:00:07.0: quirk: [io  0x4100-0x410f] claimed by PIIX4 SMB
[    7.920493] ACPI: PCI Interrupt Link [LNKA] (IRQs 5 9 10 *11)
[    7.986203] ACPI: PCI Interrupt Link [LNKB] (IRQs 5 9 10 *11)
[    8.045430] ACPI: PCI Interrupt Link [LNKC] (IRQs 5 9 *10 11)
[    8.083183] ACPI: PCI Interrupt Link [LNKD] (IRQs 5 *9 10 11)
[    8.138574] ACPI: Enabled 2 GPEs in block 00 to 07
[    8.159436] vgaarb: setting as boot device: PCI:0000:00:02.0
[    8.163384] vgaarb: device added: PCI:0000:00:02.0,decodes=io+mem,owns=io+mem,locks=none
[    8.176605] vgaarb: loaded
[    8.179905] vgaarb: bridge control possible 0000:00:02.0
[    8.185147] SCSI subsystem initialized
[    8.190225] ACPI: bus type USB registered
[    8.220897] usbcore: registered new interface driver usbfs
[    8.230500] usbcore: registered new interface driver hub
[    8.231451] usbcore: registered new device driver usb
[    8.235927] PCI: Using ACPI for IRQ routing
[    8.243673] NetLabel: Initializing
[    8.281805] NetLabel:  domain hash size = 128
[    8.288083] NetLabel:  protocols = UNLABELED CIPSOv4
[    8.289007] NetLabel:  unlabeled traffic allowed by default
[    8.290178] amd_nb: Cannot enumerate AMD northbridges
[    8.302014] clocksource: Switched to clocksource kvm-clock
[    8.309364] AppArmor: AppArmor Filesystem Enabled
[    8.317882] pnp: PnP ACPI init
[    8.319163] pnp: PnP ACPI: found 3 devices
[    8.375606] clocksource: acpi_pm: mask: 0xffffff max_cycles: 0xffffff, max_idle_ns: 2085701024 ns
[    8.382863] NET: Registered protocol family 2
[    8.441149] TCP established hash table entries: 8192 (order: 4, 65536 bytes)
[    8.442358] TCP bind hash table entries: 8192 (order: 5, 131072 bytes)
[    8.448822] TCP: Hash tables configured (established 8192 bind 8192)
[    8.449908] UDP hash table entries: 512 (order: 2, 16384 bytes)
[    8.450932] UDP-Lite hash table entries: 512 (order: 2, 16384 bytes)
[    8.452030] NET: Registered protocol family 1
[    8.452841] pci 0000:00:00.0: Limiting direct PCI/PCI transfers
[    8.454142] pci 0000:00:01.0: Activating ISA DMA hang workarounds
[    8.488384] Unpacking initramfs...
[    8.683550] Freeing initrd memory: 15236K
[    8.847409] platform rtc_cmos: registered platform RTC device (no PNP device found)
[    8.954801] Scanning for low memory corruption every 60 seconds
[    8.996516] audit: initializing netlink subsys (disabled)
[    9.184161] audit: type=2000 audit(1510560995.774:1): initialized
[    9.195773] Initialise system trusted keyring
[    9.196772] HugeTLB registered 2 MB page size, pre-allocated 0 pages
[    9.198900] zbud: loaded
[    9.199652] VFS: Disk quotas dquot_6.6.0
[    9.215409] VFS: Dquot-cache hash table entries: 512 (order 0, 4096 bytes)
[    9.216789] squashfs: version 4.0 (2009/01/31) Phillip Lougher
[    9.244403] fuse init (API version 7.23)
[    9.260768] Key type big_key registered
[    9.269573] Allocating IMA MOK and blacklist keyrings.
[    9.336721] Key type asymmetric registered
[    9.427052] Asymmetric key parser 'x509' registered
[    9.545613] Block layer SCSI generic (bsg) driver version 0.4 loaded (major 249)
[    9.755627] io scheduler noop registered
[    9.855721] tsc: Refined TSC clocksource calibration: 2305.698 MHz
[    9.998398] clocksource: tsc: mask: 0xffffffffffffffff max_cycles: 0x213c3bf946a, max_idle_ns: 440795281843 ns
[    9.998468] io scheduler deadline registered (default)
[    9.998514] io scheduler cfq registered
[    9.998596] pci_hotplug: PCI Hot Plug PCI Core version: 0.5
[    9.998599] pciehp: PCI Express Hot Plug Controller Driver version: 0.4
[    9.998805] ACPI: AC Adapter [AC] (on-line)
[    9.998889] input: Power Button as /devices/LNXSYSTM:00/LNXPWRBN:00/input/input0
[    9.998892] ACPI: Power Button [PWRF]
[    9.998945] input: Sleep Button as /devices/LNXSYSTM:00/LNXSLPBN:00/input/input1
[    9.998946] ACPI: Sleep Button [SLPF]
[    9.999063] GHES: HEST is not enabled!
[   10.255205] Serial: 8250/16550 driver, 32 ports, IRQ sharing enabled
[   10.331724] 00:02: ttyS0 at I/O 0x3f8 (irq = 4, base_baud = 115200) is a 16550A
[   10.349828] Linux agpgart interface v0.103
[   10.366849] loop: module loaded
[   10.367239] scsi host0: ata_piix
[   10.367278] scsi host1: ata_piix
[   10.377299] ata1: PATA max UDMA/33 cmd 0x1f0 ctl 0x3f6 bmdma 0xd000 irq 14
[   10.367300] ata2: PATA max UDMA/33 cmd 0x170 ctl 0x376 bmdma 0xd008 irq 15
[   10.367355] libphy: Fixed MDIO Bus: probed
[   10.367357] tun: Universal TUN/TAP device driver, 1.6
[   10.367357] tun: (C) 1999-2004 Max Krasnyansky <maxk@qualcomm.com>
[   10.367614] PPP generic driver version 2.4.2
[   10.367657] ehci_hcd: USB 2.0 'Enhanced' Host Controller (EHCI) Driver
[   10.367660] ehci-pci: EHCI PCI platform driver
[   10.367673] ehci-platform: EHCI generic platform driver
[   10.367679] ohci_hcd: USB 1.1 'Open' Host Controller (OHCI) Driver
[   10.367681] ohci-pci: OHCI PCI platform driver
[   10.367687] ohci-platform: OHCI generic platform driver
[   10.367694] uhci_hcd: USB Universal Host Controller Interface driver
[   10.367734] i8042: PNP: PS/2 Controller [PNP0303:PS2K,PNP0f03:PS2M] at 0x60,0x64 irq 1,12
[   10.368122] serio: i8042 KBD port at 0x60,0x64 irq 1
[   10.368125] serio: i8042 AUX port at 0x60,0x64 irq 12
[   10.368193] mousedev: PS/2 mouse device common for all mice
[   10.368392] input: AT Translated Set 2 keyboard as /devices/platform/i8042/serio0/input/input2
[   10.368658] rtc_cmos rtc_cmos: rtc core: registered rtc_cmos as rtc0
[   10.368699] rtc_cmos rtc_cmos: alarms up to one day, 114 bytes nvram
[   10.368703] i2c /dev entries driver
[   10.368743] device-mapper: uevent: version 1.0.3
[   10.368782] device-mapper: ioctl: 4.34.0-ioctl (2015-10-28) initialised: dm-devel@redhat.com
[   10.368793] ledtrig-cpu: registered to indicate activity on CPUs
[   10.369180] NET: Registered protocol family 10
[   10.369295] NET: Registered protocol family 17
[   10.369301] Key type dns_resolver registered
[   10.369395] microcode: CPU0 sig=0x806e9, pf=0x8, revision=0x0
[   10.378873] microcode: CPU1 sig=0x806e9, pf=0x8, revision=0x0
[   10.378942] microcode: Microcode Update Driver: v2.01 <tigran@aivazian.fsnet.co.uk>, Ptter Oruba
[   10.379060] registered taskstats version 1
[   10.379073] Loading compiled-in X.509 certificates
[   10.379531] Loaded X.509 cert 'Build time autogenerated kernel key: 7431eaeda5a51458aeb00f8de0f18f89e178d882'
[   10.379545] zswap: loaded using pool lzo/zbud
[   10.380528] Key type trusted registered
[   10.382163] Key type encrypted registered
[   10.382166] AppArmor: AppArmor sha1 policy hashing enabled
[   10.382169] ima: No TPM chip found, activating TPM-bypass!
[   10.382181] evm: HMAC attrs: 0x1
[   10.382395]   Magic number: 9:573:270
[   10.384089] rtc_cmos rtc_cmos: setting system clock to 2017-11-13 08:16:39 UTC (1510560999)
[   10.384145] BIOS EDD facility v0.16 2004-Jun-25, 0 devices found
[   10.384145] EDD information not available.
[   14.626738] Freeing unused kernel memory: 1492K
[   14.666642] Write protecting the kernel read-only data: 14336k
[   14.716957] Freeing unused kernel memory: 1744K
[   14.753501] Freeing unused kernel memory: 108K
Loading, please [   14.768723] random: systemd-udevd: uninitialized urandom read (16 bytes read, 5 bits of entropy available)
wait...
startin[   14.769209] random: udevadm: uninitialized urandom read (16 bytes read, 5 bits of entropy available)
g version 229
[   14.769236] random: udevadm: uninitialized urandom read (16 bytes read, 5 bits of entropy available)
[   14.769318] random: udevadm: uninitialized urandom read (16 bytes read, 5 bits of entropy available)
[   14.769348] random: udevadm: uninitialized urandom read (16 bytes read, 5 bits of entropy available)
[   14.769376] random: udevadm: uninitialized urandom read (16 bytes read, 5 bits of entropy available)
[   14.769406] random: udevadm: uninitialized urandom read (16 bytes read, 5 bits of entropy available)
[   14.769432] random: udevadm: uninitialized urandom read (16 bytes read, 5 bits of entropy available)
[   14.769457] random: udevadm: uninitialized urandom read (16 bytes read, 5 bits of entropy available)
[   14.769486] random: udevadm: uninitialized urandom read (16 bytes read, 5 bits of entropy available)
[   15.777317] e1000: Intel(R) PRO/1000 Network Driver - version 7.3.21-k8-NAPI
[   15.790962] e1000: Copyright (c) 1999-2006 Intel Corporation.
[   15.796127] Fusion MPT base driver 3.04.20
[   15.798764] Copyright (c) 1999-2008 LSI Corporation
[   15.803307] Fusion MPT SPI Host driver 3.04.20
[   15.808829] AVX version of gcm_enc/dec engaged.
[   15.866791] AES CTR mode by8 optimization enabled
[   16.019939] input: ImExPS/2 Generic Explorer Mouse as /devices/platform/i8042/serio1/input/input4
[   16.182500] e1000 0000:00:03.0 eth0: (PCI:33MHz:32-bit) 02:14:68:3e:84:47
[   16.324878] e1000 0000:00:03.0 eth0: Intel(R) PRO/1000 Network Connection
[   16.661771] e1000 0000:00:08.0 eth1: (PCI:33MHz:32-bit) 08:00:27:a5:bc:f2
[   16.812279] e1000 0000:00:08.0 eth1: Intel(R) PRO/1000 Network Connection
[   16.869836] mptbase: ioc0: Initiating bringup
[   16.870257] e1000 0000:00:08.0 enp0s8: renamed from eth1
[   17.151244] e1000 0000:00:03.0 enp0s3: renamed from eth0
[   17.274492] ioc0: LSI53C1030 A0: Capabilities={Initiator}
[   17.555978] scsi host2: ioc0: LSI53C1030 A0, FwRev=00000000h, Ports=1, MaxQ=256, IRQ=20
[   17.878330] scsi 2:0:0:0: Direct-Access     VBOX     HARDDISK         1.0  PQ: 0 ANSI: 5
[   18.065306] scsi target2:0:0: Beginning Domain Validation
[   18.106285] scsi target2:0:0: Domain Validation skipping write tests
[   18.240432] scsi target2:0:0: Ending Domain Validation
[   18.360977] scsi target2:0:0: asynchronous
[   18.448626] scsi 2:0:1:0: Direct-Access     VBOX     HARDDISK         1.0  PQ: 0 ANSI: 5
[   18.624206] scsi target2:0:1: Beginning Domain Validation
[   18.717484] scsi target2:0:1: Domain Validation skipping write tests
[   18.726085] scsi target2:0:1: Ending Domain Validation
[   18.816891] floppy0: no floppy controllers found
[   18.878486] scsi target2:0:1: asynchronous
[   18.927324] sd 2:0:0:0: [sda] 20971520 512-byte logical blocks: (10.7 GB/10.0 GiB)
[   18.928625] sd 2:0:0:0: [sda] Write Protect is off
[   18.929395] sd 2:0:0:0: [sda] Incomplete mode parameter data
[   18.958758] sd 2:0:0:0: [sda] Assuming drive cache: write through
[   19.011687] sd 2:0:0:0: Attached scsi generic sg0 type 0
[   19.016682]  sda: sda1
[   19.017151] sd 2:0:0:0: [sda] Attached SCSI disk
[   19.284786] sd 2:0:1:0: Attached scsi generic sg1 type 0
[   19.284888] sd 2:0:1:0: [sdb] 20480 512-byte logical blocks: (10.5 MB/10.0 MiB)
[   19.285007] sd 2:0:1:0: [sdb] Write Protect is off
[   19.285073] sd 2:0:1:0: [sdb] Incomplete mode parameter data
[   19.285074] sd 2:0:1:0: [sdb] Assuming drive cache: write through
[   19.554377] sd 2:0:1:0: [sdb] Attached SCSI disk
Begin: Loading e[   21.383012] md: linear personality registered for level -1
ssential drivers[   21.453152] md: multipath personality registered for level -4
 ... [   21.508735] md: raid0 personality registered for level 0
[   21.564595] md: raid1 personality registered for level 1
[   21.766215] raid6: sse2x1   gen() 10464 MB/s
[   21.878548] raid6: sse2x1   xor()  6587 MB/s
[   21.986104] raid6: sse2x2   gen() 12515 MB/s
[   22.098547] raid6: sse2x2   xor()  8666 MB/s
[   22.210046] raid6: sse2x4   gen() 13778 MB/s
[   22.310351] raid6: sse2x4   xor()  9410 MB/s
[   22.358511] raid6: using algorithm sse2x4 gen() 13778 MB/s
[   22.418717] raid6: .... xor() 9410 MB/s, rmw enabled
[   22.474549] raid6: using ssse3x2 recovery algorithm
[   22.535649] xor: automatically using best checksumming function:
[   22.694030]    avx       : 21450.000 MB/sec
[   22.836442] async_tx: api initialized (async)
[   22.916088] md: raid6 personality registered for level 6
[   23.085474] md: raid5 personality registered for level 5
[   23.099747] md: raid4 personality registered for level 4
[   23.179749] md: raid10 personality registered for level 10
done.
Begin: Running /scripts/init-premount ...[   23.255613] Btrfs loaded
 done.
Begin: Mounting root file system ... Begin: Running /scripts/local-top ... done.
Begin: Running /scripts/local-premount ... Scanning for Btrfs filesystems
done.
Warning: fsck no[   23.300648] EXT4-fs (sda1): INFO: recovery required on readonly filesystem
t present, so sk[   23.327253] EXT4-fs (sda1): write access will be enabled during recovery
ipping root file system
[   23.438064] EXT4-fs (sda1): orphan cleanup on readonly fs
[   23.470108] EXT4-fs (sda1): 6 orphan inodes deleted
[   23.495551] EXT4-fs (sda1): recovery complete
[   23.497090] EXT4-fs (sda1): mounted filesystem with ordered data mode. Opts: (null)
done.
Begin: Running /scripts/local-bottom ... done.
Begin: Running /scripts/init-bottom ... done.
[   23.822602] random: nonblocking pool is initialized
[   24.215712] systemd[1]: systemd 229 running in system mode. (+PAM +AUDIT +SELINUX +IMA +APPARMOR +SMACK +SYSVINIT +UTMP +LIBCRYPTSETUP +GCRYPT +GNUTLS +ACL +XZ -LZ4 +SECCOMP +BLKID +ELFUTILS +KMOD -IDN)
[   24.472842] systemd[1]: Detected virtualization oracle.
[   24.553782] systemd[1]: Detected architecture x86-64.

Welcome to [1mUbuntu 16.04.3 LTS[0m!

[   24.766663] systemd[1]: Set hostname to <ubuntu-xenial>.
[   25.906194] systemd[1]: Listening on Journal Socket.
[[0;32m  OK  [0m] Listening on Journal Socket.
[   26.079657] systemd[1]: Listening on LVM2 poll daemon socket.
[[0;32m  OK  [0m] Listening on LVM2 poll daemon socket.
[   26.238633] systemd[1]: Created slice System Slice.
[[0;32m  OK  [0m] Created slice System Slice.
[   26.402784] systemd[1]: Starting Remount Root and Kernel File Systems...
         Starting Remount Root and Kernel File Systems...
[   26.510753] systemd[1]: Mounting POSIX Message Queue File System...
         Mounting POSIX Message Queue File System...
[   26.626963] EXT4-fs (sda1): re-mounted. Opts: (null)
[   26.646909] systemd[1]: Starting Create list of required static device nodes for the current kernel...
         Starting Create list of required st... nodes for the current kernel...
[   26.850909] systemd[1]: Mounting Huge Pages File System...
         Mounting Huge Pages File System...
[   26.962660] systemd[1]: Listening on udev Control Socket.
[[0;32m  OK  [0m] Listening on udev Control Socket.
[   27.098684] systemd[1]: Listening on Device-mapper event daemon FIFOs.
[[0;32m  OK  [0m] Listening on Device-mapper event daemon FIFOs.
[   27.134221] systemd[1]: Starting Load Kernel Modules...
         Starting Load Kernel Modules...
[   27.239832] Loading iSCSI transport class v2.0-870.
[   27.322754] systemd[1]: Starting Nameserver information manager...
         Starting Nameser[   27.387895] iscsi: registered transport (tcp)
ver information manager...
[   27.606007] systemd[1]: Created slice User and Session Slice.
[[0;32m  OK  [0m] Created slice User and Session Slice.
[   27.668369] systemd[1]: Reached target Slices.
[[0;32m  OK  [0m] Reached target Slices.
[   27.669944] systemd[1]: Reached target Swap.
[[0;32m  OK  [0m] Reached target Swap.
[   27.671520] systemd[1]: Listening on Syslog Socket.
[[0;32m  OK  [0m] Listening on Syslog Socket.
[   27.682406] systemd[1]: Mounting Debug File System...
         Mounting Debug File System...
[   27.748650] systemd[1]: Listening on Journal Audit Socket.
[[0;32m  OK  [0m] Listening on Journal Audit Socket.
[   27.828016] iscsi: registered transport (iser)
[   27.958564] systemd[1]: Starting Set console keymap...
         Starting Set console keymap...
[   28.042409] systemd[1]: Set up automount Arbitrary Executable File Formats File System Automount Poitt.
[[0;32m  OK  [0m] Set up automount Arbitrary Executab...ats File System Automount Point.
[   28.472737] systemd[1]: Listening on Journal Socket (/dev/log).
[[0;32m  OK  [0m] Listening on Journal Socket (/dev/log).
[   28.662238] systemd[1]: Reached target Encrypted Volumes.
[[0;32m  OK  [0m] Reached target Encrypted Volumes.
[   28.700542] systemd[1]: Reached target User and Group Name Lookups.
[[0;32m  OK  [0m] Reached target User and Group Name Lookups.
[   28.714866] systemd[1]: Listening on udev Kernel Socket.
[[0;32m  OK  [0m] Listening on udev Kernel Socket.
[   28.733811] systemd[1]: Listening on /dev/initctl Compatibility Named Pipe.
[[0;32m  OK  [0m] Listening on /dev/initctl Compatibility Named Pipe.
[   28.748833] systemd[1]: Started Trigger resolvconf update for networkd DNS.
[[0;32m  OK  [0m] Started Trigger resolvconf update for networkd DNS.
[   29.106379] systemd[1]: Starting Journal Service...
         Starting Journal Service...
[   29.226480] systemd[1]: Listening on LVM2 metadata daemon socket.
[[0;32m  OK  [0m] Listening on LVM2 metadata daemon socket.
[   29.394214] systemd[1]: Starting Monitoring of LVM2 mirrors, snapshots etc. using dmeventd or progress polling...
         Starting Monitoring of LVM2 mirrors... dmeventd or progress polling...
[   29.666547] systemd[1]: Starting Uncomplicated firewall...
         Starting Uncomplicated firewall...
[   29.779376] systemd[1]: Started Forward Password Requests to Wall Directory Watch.
[[0;32m  OK  [0m] Started Forward Password Requests to Wall Directory Watch.
[   29.850842] systemd[1]: Created slice system-serial\x2dgetty.slice.
[[0;32m  OK  [0m] Created slice system-serial\x2dgetty.slice.
[   30.039639] systemd[1]: Mounted Debug File System.
[[0;32m  OK  [0m] Mounted Debug File System.
[   30.230778] systemd[1]: Mounted Huge Pages File System.
[[0;32m  OK  [0m] Mounted Huge Pages File System.
[   30.482742] systemd[1]: Mounted POSIX Message Queue File System.
[[0;32m  OK  [0m] Mounted POSIX Message Queue File System.
[   30.690638] systemd[1]: Started Journal Service.
[[0;32m  OK  [0m] Started Journal Service.
[[0;32m  OK  [0m] Started Remount Root and Kernel File Systems.
[[0;32m  OK  [0m] Started Create list of required sta...ce nodes for the current kernel.
[[0;32m  OK  [0m] Started Load Kernel Modules.
[[0;32m  OK  [0m] Started Set console keymap.
[[0;32m  OK  [0m] Started Uncomplicated firewall.
[[0;32m  OK  [0m] Started Nameserver information manager.
[[0;32m  OK  [0m] Started LVM2 metadata daemon.
         Starting Apply Kernel Variables...
         Mounting FUSE Control File System...
         Starting Create Static Device Nodes in /dev...
         Starting Initial cloud-init job (pre-networking)...
         Starting Load/Save Random Seed...
         Starting udev Coldplug all Devices...
         Starting Flush Journal to Persistent Storage...
[[0;32m  OK  [0m] Mounted FUSE Control File System.
[[0;32m  OK  [0m] Started Monitoring of LVM2 mirrors,...ng dmeventd or progress polling.
[[0;32m  OK  [0m] Started Apply Kernel Variables.
[[0;32m  OK  [0m] Started Create Static Device Nodes in /dev.
[[0;32m  OK  [0m] Started Load/Save Random Seed.
[[0;32m  OK  [0m] Started udev Coldplug all Devices.
         Starting udev Kernel Device Manager...
[[0;32m  OK  [0m] Started Flush Journal to Persistent Storage.
[[0;32m  OK  [0m] Started udev Kernel Device Manager.
[[0;32m  OK  [0m] Started Dispatch Password Requests to Console Directory Watch.
[[0;32m  OK  [0m] Reached target Local File Systems (Pre).
[[0;32m  OK  [0m] Reached target Local File Systems.
         Starting Create Volatile Files and Directories...
         Starting LSB: AppArmor initialization...
         Starting Set console font and keymap...
         Starting Tell Plymouth To Write Out Runtime Data...
[[0;32m  OK  [0m] Started Create Volatile Files and Directories.
         Starting Update UTMP about System Boot/Shutdown...
[[0;32m  OK  [0m] Reached target System Time Synchronized.
[[0;32m  OK  [0m] Found device /dev/ttyS0.
[[0;32m  OK  [0m] Started Tell Plymouth To Write Out Runtime Data.
[[0;32m  OK  [0m] Started Update UTMP about System Boot/Shutdown.
[[0;32m  OK  [0m] Found device 82540EM Gigabit Ethern...r (PRO/1000 MT Desktop Adapter).
[[0;32m  OK  [0m] Found device 82540EM Gigabit Ethern...r (PRO/1000 MT Desktop Adapter).
[[0;32m  OK  [0m] Started Set console font and keymap.
[[0;32m  OK  [0m] Created slice system-getty.slice.
[[0;32m  OK  [0m] Listening on Load/Save RF Kill Switch Status /dev/rfkill Watch.
[[0;32m  OK  [0m] Started LSB: AppArmor initialization.
[   29.709429] cloud-init[443]: Cloud-init v. 0.7.9 running 'init-local' at Mon, 13 Nov 2017 08:17:06 +0000. Up 29.09 seconds.
[[0;32m  OK  [0m] Started Initial cloud-init job (pre-networking).
[[0;32m  OK  [0m] Reached target Network (Pre).
[[0;32m  OK  [0m] Started ifup for enp0s8.
[[0;32m  OK  [0m] Started ifup for enp0s3.
         Starting Raise network interfaces...
[[0;32m  OK  [0m] Started Raise network interfaces.
         Starting Initial cloud-init job (metadata service crawler)...
[[0;32m  OK  [0m] Reached target Network.
[   31.163281] cloud-init[1050]: Cloud-init v. 0.7.9 running 'init' at Mon, 13 Nov 2017 08:17:07 +0000. Up 30.37 seconds.
[[0;32m  OK  [0m] Started Initial cloud-init job (metadata service crawler).
[[0;32m  OK  [0m] Reached target System Initialization.
[[0;32m  OK  [0m] Listening on ACPID Listen Socket.
[   31.302530] cloud-init[1050]: ci-info: ++++++++++++++++++++++++++++++++++++++Net device info++++++++++++++++++++++++++++++++++++++
[   31.620696] cloud-init[1050]: ci-info: +--------+------+-----------------------------+---------------+-------+-------------------+
[   31.700274] cloud-init[1050]: ci-info: | Device |  Up  |           Address           |      Mask     | Scope |     Hw-Address    |
[   31.730528] cloud-init[1050]: ci-info: +--------+------+-----------------------------+---------------+-------+-------------------+
[   31.844825] cloud-init[1050]: ci-info: | enp0s3 | True |          10.0.2.15          | 255.255.255.0 |   .   | 02:14:68:3e:84:47 |
[   31.984478] cloud-init[1050]: ci-info: | enp0s3 | True |  fe80::14:68ff:fe3e:8447/64 |       .       |  link | 02:14:68:3e:84:47 |
[[0;32m  OK  [0m] Listening on UUID daemon activation socket.
[   32.001284] cloud-init[1050]: ci-info: | enp0s8 | True |        192.168.33.60        | 255.255.255.0 |   .   | 08:00:27:a5:bc:f2 |
[   32.072823] cloud-init[1050]: ci-info: | enp0s8 | True | fe80::a00:27ff:fea5:bcf2/64 |       .       |  link | 08:00:27:a5:bc:f2 |
[   32.228929] cloud-init[1050]: ci-info: |   lo   | True |          127.0.0.1          |   255.0.0.0   |   .   |         .         |
[   32.376475] cloud-init[1050]: ci-info: |   lo   | True |           ::1/128           |       .       |  host |         .         |
[   32.508456] cloud-init[1050]: ci-info: +--------+------+-----------------------------+---------------+-------+-------------------+
[[0;32m  OK  [0m] Started Timer to automatically fetch and run repair assertions.
[   32.660102] cloud-init[1050]: ci-info: ++++++++++++++++++++++++++++Route IPv4 info++++++++++++++++++++++++++++
[   32.788314] cloud-init[1050]: ci-info: +-------+--------------+----------+---------------+-----------+-------+
[   32.821589] cloud-init[1050]: ci-info: | Route | Destination  | Gateway  |    Genmask    | Interface | Flags |
[   32.823961] cloud-init[1050]: ci-info: +-------+--------------+----------+---------------+-----------+-------+
[   32.888648] cloud-init[1050]: ci-info: |   0   |   0.0.0.0    | 10.0.2.2 |    0.0.0.0    |   enp0s3  |   UG  |
         Starting LXD - unix socket.
[[0;32m  OK  [0m] Started Daily Cleanup of Temporary Directories.
[   33.023457]          cloud-initStarting Socket activation for snappy daemon.[1050]: 
ci-info: |   1   |   10.0.2.0   | 0.0.0.0  | 255.255.255.0 |   enp0s3  |   U   |
[[0;32m  OK  [0m] Started ACPI Events Check.
[[0;32m  OK  [0m] Reached target Paths.
[   33.260442] cloud-init[1050]: ci-info: |   2   | 192.168.33.0 | 0.0.0.0  | 255.255.255.0 |   enp0s8  |   U   |
[[0;32m  OK  [0m] Listening on D-Bus System Message Bus Socket.
[[0;32m  OK  [0m] Started Timer to automatically refresh installed snaps.
[[0;32m  OK  [0m] Reached target Cloud-config availability.
[   33.312901] cloud-init[1050]: ci-info: +-------+--------------+----------+---------------+-----------+-------+
[[0;32m  OK  [0m] Reached target Network is Online.
[[0;32m  OK  [0m] Started Daily apt download activities.
[[0;32m  OK  [0m] Started Daily apt upgrade and clean activities.
[[0;32m  OK  [0m] Reached target Timers.
         Starting iSCSI initiator daemon (iscsid)...
[[0;32m  OK  [0m] Listening on LXD - unix socket.
[[0;32m  OK  [0m] Listening on Socket activation for snappy daemon.
[[0;32m  OK  [0m] Reached target Sockets.
[[0;32m  OK  [0m] Reached target Basic System.
[[0;32m  OK  [0m] Started Deferred execution scheduler.
         Starting Accounts Service...
[[0;32m  OK  [0m] Started Regular background program processing daemon.
         Starting /etc/rc.local Compatibility...
         Starting Apply the settings specified in cloud-config...
[[0;32m  OK  [0m] Started FUSE filesystem for LXC.
         Starting LXD - container startup/shutdown...
         Starting Automatically fetch and run repair assertions...
         Starting System Logging Service...
         Starting LSB: Record successful boot for GRUB...
[[0;32m  OK  [0m] Started D-Bus System Message Bus.
[   35.657046] cloud-init[1116]: Cloud-init v. 0.7.9 running 'modules:config' at Mon, 13 Nov 2017 08:17:11 +0000. Up 34.72 seconds.
         Starting Snappy daemon...
         Starting OpenBSD Secure Shell server...
         Starting Login Service...
         Starting MySQL Community Server...
[[0;32m  OK  [0m] Started ACPI event daemon.
         Starting LSB: MD monitoring daemon...
[[0;32m  OK  [0m] Started Unattended Upgrades Shutdown.
[[0;32m  OK  [0m] Started System Logging Service.
[[0;32m  OK  [0m] Started iSCSI initiator daemon (iscsid).
[[0;32m  OK  [0m] Started /etc/rc.local Compatibility.
[[0;32m  OK  [0m] Started Apply the settings specified in cloud-config.
[[0;32m  OK  [0m] Started Automatically fetch and run repair assertions.
         Starting Authenticate and Authorize Users to Run Privileged Tasks...
         Starting Login to default iSCSI targets...
[[0;32m  OK  [0m] Started Login Service.
[[0;32m  OK  [0m] Started LSB: Record successful boot for GRUB.
[[0;32m  OK  [0m] Started LSB: MD monitoring daemon.
[[0;32m  OK  [0m] Started Login to default iSCSI targets.
[[0;32m  OK  [0m] Reached target Remote File Systems (Pre).
[[0;32m  OK  [0m] Reached target Remote File Systems.
         Starting LSB: daemon to balance interrupts for SMP systems...
         Starting LSB: Set the CPU Frequency Scaling governor to "ondemand"...
         Starting LSB: automatic crash report generation...
         Starting LSB: VirtualBox Linux Additions...
         Starting Permit User Sessions...
         Starting LSB: Apache2 web server...
[[0;32m  OK  [0m] Started LSB: Set the CPU Frequency Scaling governor to "ondemand".
[[0;32m  OK  [0m] Started Permit User Sessions.
         Starting Terminate Plymouth Boot Screen...
         Starting Hold until boot process finishes up...
[[0;32m  OK  [0m] Started Terminate Plymouth Boot Screen.
[[0;32m  OK  [0m] Started Hold until boot process finishes up.
[[0;32m  OK  [0m] Started Serial Getty on ttyS0.
[[0;32m  OK  [0m] Started Getty on tty1.
[[0;32m  OK  [0m] Reached target Login Prompts.
         Starting Set console scheme...
[[0;32m  OK  [0m] Started Authenticate and Authorize Users to Run Privileged Tasks.
[[0;32m  OK  [0m] Started LSB: daemon to balance interrupts for SMP systems.
[[0;32m  OK  [0m] Started Set console scheme.
[[0;32m  OK  [0m] Started LSB: automatic crash report generation.
[[0;32m  OK  [0m] Started Accounts Service.
[[0;32m  OK  [0m] Started OpenBSD Secure Shell server.
[[0;32m  OK  [0m] Started LSB: VirtualBox Linux Additions.
[[0;32m  OK  [0m] Started LXD - container startup/shutdown.
[[0;32m  OK  [0m] Created slice User Slice of ubuntu.
         Starting User Manager for UID 1000...
[[0;32m  OK  [0m] Started Session 1 of user ubuntu.
[[0;32m  OK  [0m] Started User Manager for UID 1000.
[[0;32m  OK  [0m] Started Snappy daemon.
         Starting Auto import assertions from block devices...
[[0;32m  OK  [0m] Started Auto import assertions from block devices.

Ubuntu 16.04.3 LTS ubuntu-xenial ttyS0

ubuntu-xenial login: [   50.647366] cloud-init[1779]: Cloud-init v. 0.7.9 running 'modules:final' at Mon, 13 Nov 2017 08:17:27 +0000. Up 50.48 seconds.
[   50.647737] cloud-init[1779]: Cloud-init v. 0.7.9 finished at Mon, 13 Nov 2017 08:17:27 +0000. Datasource DataSourceNoCloud [seed=/dev/sdb][dsmode=net].  Up 50.64 seconds
[[0;32m  OK  [0m] Closed Load/Save RF Kill Switch Status /dev/rfkill Watch.
[[0;32m  OK  [0m] Stopped target Graphical Interface.
         Stopping Accounts Service...
         Stopping Authenticate and Authorize Users to Run Privileged Tasks...
         Stopping Session 20 of user ubuntu.
[[0;32m  OK  [0m] Stopped target Timers.
[[0;32m  OK  [0m] Stopped Daily apt upgrade and clean activities.
         Stopping ACPI event daemon...
[[0;32m  OK  [0m] Stopped Timer to automatically fetch and run repair assertions.
[[0;32m  OK  [0m] Stopped Daily apt download activities.
         Stopping User Manager for UID 1000...
[[0;32m  [[0;32m  OK  [0m] Stopped Deferred execution scheduler.
[[0;32m  OK  [0m] Stopped Accounts Service.
[[0;32m  OK  [0m] Stopped Regular background program processing daemon.
[[0;32m  OK  [0m] Stopped System Logging Service.
[[0;32m  OK  [0m] Stopped Snappy daemon.
[[0;32m  OK  [0m] Stopped OpenBSD Secure Shell server.
[[0;32m  OK  [0m] Stopped ACPI event daemon.
[[0;32m  OK  [0m] Stopped Authenticate and Authorize Users to Run Privileged Tasks.
[[0;32m  OK  [0m] Stopped Serial Getty on ttyS0.
[[0;32m  OK  [0m] Stopped Getty on tty1.
[[0;32m  OK  [0m] Stopped User Manager for UID 1000.
[[0;32m  OK  [0m] Stopped Session 29 of user ubuntu.
[[0;32m  OK  [0m] Stopped Session 20 of user ubuntu.
[[0;32m  OK  [0m] Stopped D-Bus System Message Bus.
[[0;32m  OK  [0m] Stopped Unattended Upgrades Shutdown.
[[0;32m  OK  [0m] Stopped FUSE filesystem for LXC.
[[0;32m  OK  [0m] Unmounted /var/lib/lxcfs.
[[0;32m  OK  [0m] Stopped LSB: daemon to balance interrupts for SMP systems.
[[0;32m  OK  [0m] Stopped LSB: MD monitoring daemon.
[[0;32m  OK  [0m] Stopped LSB: Set the CPU Frequency Scaling governor to "ondemand".
[[0;32m  OK  [0m] Stopped LSB: VirtualBox Linux Additions.
[[0;32m  OK  [0m] Stopped LSB: Record successful boot for GRUB.
[[0;32m  OK  [0m] Stopped LXD - container startup/shutdown.
[[0;32m  OK  [0m] Stopped LSB: automatic crash report generation.
[[0;32m  OK  [0m] Removed slice User Slice of ubuntu.
         Stopping Login Service...
[[0;32m  OK  [0m] Removed slice system-getty.slice.
[[0;32m  OK  [0m] Removed slice system-serial\x2dgetty.slice.
[[0;32m  OK  [0m] Stopped /etc/rc.local Compatibility.
         Stopping Permit User Sessions...
[[0;32m  OK  [0m] Stopped Login Service.
[[0;32m  OK  [0m] Stopped MySQL Community Server.
[[0;32m  OK  [0m] Stopped Permit User Sessions.
[[0;32m  OK  [0m] Stopped target User and Group Name Lookups.
[[0;32m  OK  [0m] Stopped LSB: Apache2 web server.
[[0;32m  OK  [0m] Stopped target Basic System.
[[0;32m  OK  [0m] Stopped target Paths.
[[0;32m  OK  [0m] Stopped Dispatch Password Requests to Console Directory Watch.
[[0;32m  OK  [0m] Stopped ACPI Events Check.
[[0;32m  OK  [0m] Stopped Forward Password Requests to Wall Directory Watch.
[[0;32m  OK  [0m] Stopped target Sockets.
[[0;32m  OK  [0m] Closed UUID daemon activation socket.
[[0;32m  OK  [0m] Closed Socket activation for snappy daemon.
[[0;32m  OK  [0m] Closed ACPID Listen Socket.
[[0;32m  OK  [0m] Closed LXD - unix socket.
[[0;32m  OK  [0m] Closed D-Bus System Message Bus Socket.
[[0;32m  OK  [0m] Closed Syslog Socket.
[[0;32m  OK  [0m] Stopped target Slices.
[[0;32m  OK  [0m] Removed slice User and Session Slice.
[[0;32m  OK  [0m] Stopped target System Initialization.
[[0;32m  OK  [0m] Stopped target Encrypted Volumes.
         Stopping Load/Save Random Seed...
[[0;32m  OK  [0m] Stopped target Swap.
         Stopping Update UTMP about System Boot/Shutdown...
[[0;32m  OK  [0m] Stopped target Remote File Systems.
[[0;32m  OK  [0m] Stopped target Remote File Systems (Pre).
         Stopping Login to default iSCSI targets...
[[0;32m  OK  [0m] Stopped Load/Save Random Seed.
[[0;32m  OK  [0m] Stopped Update UTMP about System Boot/Shutdown.
[[0;32m  OK  [0m] Stopped Create Volatile Files and Directories.
[[0;32m  OK  [0m] Stopped Login to default iSCSI targets.
         Stopping iSCSI initiator daemon (iscsid)...
[[0;32m  OK  [0m] Stopped iSCSI initiator daemon (iscsid).
[[0;32m  OK  [0m] Stopped target Network is Online.
[[0;32m  OK  [0m] Stopped Initial cloud-init job (metadata service crawler).
[[0;32m  OK  [0m] Stopped target Network.
         Stopping Raise network interfaces...
[[0;32m  OK  [0m] Stopped Raise network interfaces.
[[0;32m  OK  [0m] Stopped target Network (Pre).
[[0;32m  OK  [0m] Stopped Initial cloud-init job (pre-networking).
[[0;32m  OK  [0m] Stopped Apply Kernel Variables.
[[0;32m  OK  [0m] Stopped target Local File Systems.
         Unmounting /run/user/1000...
         Unmounting /vagrant...
         Unmounting /var/www/html...
[[0;32m  OK  [0m] Stopped Load Kernel Modules.
[[0;32m  OK  [0m] Unmounted /run/user/1000.
[[0;32m  OK  [0m] Unmounted /vagrant.
[[0;32m  OK  [0m] Unmounted /var/www/html.
[[0;32m  OK  [0m] Reached target Unmount All Filesystems.
[[0;32m  OK  [0m] Stopped target Local File Systems (Pre).
[[0;32m  OK  [0m] Stopped Remount Root and Kernel File Systems.
[[0;32m  OK  [0m] Stopped Create Static Device Nodes in /dev.
[[0;32m  OK  [0m] Reached target Shutdown.
[28990.377480] reboot: Power down
