[    0.000000] Initializing cgroup subsys cpuset
[    0.000000] Initializing cgroup subsys cpu
[    0.000000] Initializing cgroup subsys cpuacct
[    0.000000] Linux version 4.4.0-97-generic (buildd@lcy01-33) (gcc version 5.4.0 20160609 (Ubuntu 5.4.0-6ubuntu1~16.04.4) ) #120-Ubuntu SMP Tue Sep 19 17:28:18 UTC 2017 (Ubuntu 4.4.0-97.120-generic 4.4.87)
[    0.000000] Command line: BOOT_IMAGE=/boot/vmlinuz-4.4.0-97-generic root=LABEL=cloudimg-rootfs ro console=tty1 console=ttyS0
[    0.000000] KERNEL supported cpus:
[    0.000000]   Intel GenuineIntel
[    0.000000]   AMD AuthenticAMD
[    0.000000]   Centaur CentaurHauls
[    0.000000] x86/fpu: xstate_offset[2]:  576, xstate_sizes[2]:  256
[    0.000000] x86/fpu: Supporting XSAVE feature 0x01: 'x87 floating point registers'
[    0.000000] x86/fpu: Supporting XSAVE feature 0x02: 'SSE registers'
[    0.000000] x86/fpu: Supporting XSAVE feature 0x04: 'AVX registers'
[    0.000000] x86/fpu: Enabled xstate features 0x7, context size is 832 bytes, using 'standard' format.
[    0.000000] x86/fpu: Using 'lazy' FPU context switches.
[    0.000000] e820: BIOS-provided physical RAM map:
[    0.000000] BIOS-e820: [mem 0x0000000000000000-0x000000000009fbff] usable
[    0.000000] BIOS-e820: [mem 0x000000000009fc00-0x000000000009ffff] reserved
[    0.000000] BIOS-e820: [mem 0x00000000000f0000-0x00000000000fffff] reserved
[    0.000000] BIOS-e820: [mem 0x0000000000100000-0x000000003ffeffff] usable
[    0.000000] BIOS-e820: [mem 0x000000003fff0000-0x000000003fffffff] ACPI data
[    0.000000] BIOS-e820: [mem 0x00000000fec00000-0x00000000fec00fff] reserved
[    0.000000] BIOS-e820: [mem 0x00000000fee00000-0x00000000fee00fff] reserved
[    0.000000] BIOS-e820: [mem 0x00000000fffc0000-0x00000000ffffffff] reserved
[    0.000000] NX (Execute Disable) protection: active
[    0.000000] SMBIOS 2.5 present.
[    0.000000] Hypervisor detected: KVM
[    0.000000] e820: last_pfn = 0x3fff0 max_arch_pfn = 0x400000000
[    0.000000] MTRR: Disabled
[    0.000000] x86/PAT: MTRRs disabled, skipping PAT initialization too.
[    0.000000] CPU MTRRs all blank - virtualized system.
[    0.000000] x86/PAT: Configuration [0-7]: WB  WT  UC- UC  WB  WT  UC- UC  
[    0.000000] found SMP MP-table at [mem 0x0009fff0-0x0009ffff] mapped at [ffff88000009fff0]
[    0.000000] Scanning 1 areas for low memory corruption
[    0.000000] RAMDISK: [mem 0x36adc000-0x37565fff]
[    0.000000] ACPI: Early table checksum verification disabled
[    0.000000] ACPI: RSDP 0x00000000000E0000 000024 (v02 VBOX  )
[    0.000000] ACPI: XSDT 0x000000003FFF0030 00003C (v01 VBOX   VBOXXSDT 00000001 ASL  00000061)
[    0.000000] ACPI: FACP 0x000000003FFF00F0 0000F4 (v04 VBOX   VBOXFACP 00000001 ASL  00000061)
[    0.000000] ACPI: DSDT 0x000000003FFF0470 0021FF (v02 VBOX   VBOXBIOS 00000002 INTL 20100528)
[    0.000000] ACPI: FACS 0x000000003FFF0200 000040
[    0.000000] ACPI: FACS 0x000000003FFF0200 000040
[    0.000000] ACPI: APIC 0x000000003FFF0240 00005C (v02 VBOX   VBOXAPIC 00000001 ASL  00000061)
[    0.000000] ACPI: SSDT 0x000000003FFF02A0 0001CC (v01 VBOX   VBOXCPUT 00000002 INTL 20100528)
[    0.000000] No NUMA configuration found
[    0.000000] Faking a node at [mem 0x0000000000000000-0x000000003ffeffff]
[    0.000000] NODE_DATA(0) allocated [mem 0x3ffeb000-0x3ffeffff]
[    0.000000] kvm-clock: Using msrs 4b564d01 and 4b564d00
[    0.000000] kvm-clock: cpu 0, msr 0:3ffe3001, primary cpu clock
[    0.000000] kvm-clock: using sched offset of 3575295692 cycles
[    0.000000] clocksource: kvm-clock: mask: 0xffffffffffffffff max_cycles: 0x1cd42e4dffb, max_idle_ns: 881590591483 ns
[    0.000000] Zone ranges:
[    0.000000]   DMA      [mem 0x0000000000001000-0x0000000000ffffff]
[    0.000000]   DMA32    [mem 0x0000000001000000-0x000000003ffeffff]
[    0.000000]   Normal   empty
[    0.000000]   Device   empty
[    0.000000] Movable zone start for each node
[    0.000000] Early memory node ranges
[    0.000000]   node   0: [mem 0x0000000000001000-0x000000000009efff]
[    0.000000]   node   0: [mem 0x0000000000100000-0x000000003ffeffff]
[    0.000000] Initmem setup node 0 [mem 0x0000000000001000-0x000000003ffeffff]
[    0.000000] ACPI: PM-Timer IO Port: 0x4008
[    0.000000] IOAPIC[0]: apic_id 2, version 32, address 0xfec00000, GSI 0-23
[    0.000000] ACPI: INT_SRC_OVR (bus 0 bus_irq 0 global_irq 2 dfl dfl)
[    0.000000] ACPI: INT_SRC_OVR (bus 0 bus_irq 9 global_irq 9 high level)
[    0.000000] Using ACPI (MADT) for SMP configuration information
[    0.000000] smpboot: Allowing 2 CPUs, 0 hotplug CPUs
[    0.000000] PM: Registered nosave memory: [mem 0x00000000-0x00000fff]
[    0.000000] PM: Registered nosave memory: [mem 0x0009f000-0x0009ffff]
[    0.000000] PM: Registered nosave memory: [mem 0x000a0000-0x000effff]
[    0.000000] PM: Registered nosave memory: [mem 0x000f0000-0x000fffff]
[    0.000000] e820: [mem 0x40000000-0xfebfffff] available for PCI devices
[    0.000000] Booting paravirtualized kernel on KVM
[    0.000000] clocksource: refined-jiffies: mask: 0xffffffff max_cycles: 0xffffffff, max_idle_ns: 7645519600211568 ns
[    0.000000] setup_percpu: NR_CPUS:512 nr_cpumask_bits:512 nr_cpu_ids:2 nr_node_ids:1
[    0.000000] PERCPU: Embedded 34 pages/cpu @ffff88003fc00000 s98328 r8192 d32744 u1048576
[    0.000000] PV qspinlock hash table entries: 256 (order: 0, 4096 bytes)
[    0.000000] Built 1 zonelists in Node order, mobility grouping on.  Total pages: 257913
[    0.000000] Policy zone: DMA32
[    0.000000] Kernel command line: BOOT_IMAGE=/boot/vmlinuz-4.4.0-97-generic root=LABEL=cloudimg-rootfs ro console=tty1 console=ttyS0
[    0.000000] PID hash table entries: 4096 (order: 3, 32768 bytes)
[    0.000000] Memory: 1001772K/1048120K available (8480K kernel code, 1294K rwdata, 3984K rodata, 1492K init, 1316K bss, 46348K reserved, 0K cma-reserved)
[    0.000000] SLUB: HWalign=64, Order=0-3, MinObjects=0, CPUs=2, Nodes=1
[    0.000000] Hierarchical RCU implementation.
[    0.000000] 	Build-time adjustment of leaf fanout to 64.
[    0.000000] 	RCU restricting CPUs from NR_CPUS=512 to nr_cpu_ids=2.
[    0.000000] RCU: Adjusting geometry for rcu_fanout_leaf=64, nr_cpu_ids=2
[    0.000000] NR_IRQS:33024 nr_irqs:440 16
[    0.000000] Console: colour VGA+ 80x25
[    0.000000] console [tty1] enabled
[    0.000000] console [ttyS0] enabled
[    0.000000] tsc: Detected 2303.998 MHz processor
[    6.579535] Calibrating delay loop (skipped) preset value.. 4607.99 BogoMIPS (lpj=9215992)
[    6.647303] pid_max: default: 32768 minimum: 301
[    6.651989] ACPI: Core revision 20150930
[    6.653477] ACPI: 2 ACPI AML tables successfully acquired and loaded
[    6.676902] Security Framework initialized
[    6.677666] Yama: becoming mindful.
[    6.678357] AppArmor: AppArmor initialized
[    6.679188] Dentry cache hash table entries: 131072 (order: 8, 1048576 bytes)
[    6.680483] Inode-cache hash table entries: 65536 (order: 7, 524288 bytes)
[    6.708843] Mount-cache hash table entries: 2048 (order: 2, 16384 bytes)
[    6.743871] Mountpoint-cache hash table entries: 2048 (order: 2, 16384 bytes)
[    6.745180] Initializing cgroup subsys io
[    6.746133] Initializing cgroup subsys memory
[    6.746914] Initializing cgroup subsys devices
[    6.747593] Initializing cgroup subsys freezer
[    6.748337] Initializing cgroup subsys net_cls
[    6.749017] Initializing cgroup subsys perf_event
[    6.749728] Initializing cgroup subsys net_prio
[    6.750420] Initializing cgroup subsys hugetlb
[    6.751128] Initializing cgroup subsys pids
[    6.751955] CPU: Physical Processor ID: 0
[    6.752697] CPU: Processor Core ID: 0
[    6.754957] mce: CPU supports 0 MCE banks
[    6.762409] Last level iTLB entries: 4KB 64, 2MB 8, 4MB 8
[    6.809379] Last level dTLB entries: 4KB 64, 2MB 0, 4MB 0, 1GB 4
[    6.812959] Freeing SMP alternatives memory: 32K
[    6.821310] ftrace: allocating 32148 entries in 126 pages
[    6.879732] smpboot: APIC(0) Converting physical 0 to logical package 0
[    6.886501] smpboot: Max logical packages: 1
[    6.887532] x2apic enabled
[    6.888288] Switched APIC routing to physical x2apic.
[    6.952211] ..TIMER: vector=0x30 apic1=0 pin1=2 apic2=-1 pin2=-1
[    7.131324] smpboot: CPU0: Intel(R) Core(TM) i5-7360U CPU @ 2.30GHz (family: 0x6, model: 0x8e, stepping: 0x9)
[    7.283591] Performance Events: unsupported p6 CPU model 142 no PMU driver, software events only.
[    7.423993] KVM setup paravirtual spinlock
[    7.491780] x86: Booting SMP configuration:
[    7.506569] .... node  #0, CPUs:      #1
[    7.507441] kvm-clock: cpu 1, msr 0:3ffe3041, secondary cpu clock
[    7.524773] mce: CPU supports 0 MCE banks
[    7.528604] x86: Booted up 1 node, 2 CPUs
[    7.573519] smpboot: Total of 2 processors activated (9215.99 BogoMIPS)
[    7.653133] devtmpfs: initialized
[    7.687757] evm: security.selinux
[    7.688420] evm: security.SMACK64
[    7.689072] evm: security.SMACK64EXEC
[    7.689768] evm: security.SMACK64TRANSMUTE
[    7.690540] evm: security.SMACK64MMAP
[    7.691239] evm: security.ima
[    7.691842] evm: security.capability
[    7.711540] clocksource: jiffies: mask: 0xffffffff max_cycles: 0xffffffff, max_idle_ns: 7645041785100000 ns
[    7.799369] futex hash table entries: 512 (order: 3, 32768 bytes)
[    7.813209] pinctrl core: initialized pinctrl subsystem
[    7.852490] RTC time:  7:05:41, date: 10/25/17
[    7.887145] NET: Registered protocol family 16
[    7.943042] cpuidle: using governor ladder
[    7.994984] cpuidle: using governor menu
[    8.029909] PCCT header not found.
[    8.063097] ACPI: bus type PCI registered
[    8.085826] acpiphp: ACPI Hot Plug PCI Controller Driver version: 0.5
[    8.143864] PCI: Using configuration type 1 for base access
[    8.211180] ACPI: Added _OSI(Module Device)
[    8.255999] ACPI: Added _OSI(Processor Device)
[    8.306690] ACPI: Added _OSI(3.0 _SCP Extensions)
[    8.307546] ACPI: Added _OSI(Processor Aggregator Device)
[    8.309062] ACPI: Executed 1 blocks of module-level executable AML code
[    8.346546] ACPI: Interpreter enabled
[    8.373078] ACPI: (supports S0 S5)
[    8.391824] ACPI: Using IOAPIC for interrupt routing
[    8.392843] PCI: Using host bridge windows from ACPI; if necessary, use "pci=nocrs" and report a bug
[    8.438024] ACPI: PCI Root Bridge [PCI0] (domain 0000 [bus 00-ff])
[    8.496522] acpi PNP0A03:00: _OSC: OS supports [ASPM ClockPM Segments MSI]
[    8.555457] acpi PNP0A03:00: _OSC: not requesting OS control; OS requires [ExtendedConfig ASPM ClockPM MSI]
[    8.616988] acpi PNP0A03:00: fail to add MMCONFIG information, can't access extended PCI configuration space under this bridge.
[    8.626971] PCI host bridge to bus 0000:00
[    8.653751] pci_bus 0000:00: root bus resource [io  0x0000-0x0cf7 window]
[    8.654880] pci_bus 0000:00: root bus resource [io  0x0d00-0xffff window]
[    8.712437] pci_bus 0000:00: root bus resource [mem 0x000a0000-0x000bffff window]
[    8.746396] pci_bus 0000:00: root bus resource [mem 0x40000000-0xffdfffff window]
[    8.818964] pci_bus 0000:00: root bus resource [bus 00-ff]
[    8.860204] pci 0000:00:01.1: legacy IDE quirk: reg 0x10: [io  0x01f0-0x01f7]
[    8.931869] pci 0000:00:01.1: legacy IDE quirk: reg 0x14: [io  0x03f6]
[    8.988990] pci 0000:00:01.1: legacy IDE quirk: reg 0x18: [io  0x0170-0x0177]
[    9.037041] pci 0000:00:01.1: legacy IDE quirk: reg 0x1c: [io  0x0376]
[    9.098703] pci 0000:00:07.0: quirk: [io  0x4000-0x403f] claimed by PIIX4 ACPI
[    9.162003] pci 0000:00:07.0: quirk: [io  0x4100-0x410f] claimed by PIIX4 SMB
[    9.171118] ACPI: PCI Interrupt Link [LNKA] (IRQs 5 9 10 *11)
[    9.214372] ACPI: PCI Interrupt Link [LNKB] (IRQs 5 9 10 *11)
[    9.260955] ACPI: PCI Interrupt Link [LNKC] (IRQs 5 9 *10 11)
[    9.303296] ACPI: PCI Interrupt Link [LNKD] (IRQs 5 *9 10 11)
[    9.352951] ACPI: Enabled 2 GPEs in block 00 to 07
[    9.393721] vgaarb: setting as boot device: PCI:0000:00:02.0
[    9.454914] vgaarb: device added: PCI:0000:00:02.0,decodes=io+mem,owns=io+mem,locks=none
[    9.469726] vgaarb: loaded
[    9.485558] vgaarb: bridge control possible 0000:00:02.0
[    9.538188] SCSI subsystem initialized
[    9.571958] ACPI: bus type USB registered
[    9.594960] usbcore: registered new interface driver usbfs
[    9.623229] usbcore: registered new interface driver hub
[    9.671335] usbcore: registered new device driver usb
[    9.722323] PCI: Using ACPI for IRQ routing
[    9.762970] NetLabel: Initializing
[    9.783094] NetLabel:  domain hash size = 128
[    9.822068] NetLabel:  protocols = UNLABELED CIPSOv4
[    9.852621] NetLabel:  unlabeled traffic allowed by default
[    9.890742] amd_nb: Cannot enumerate AMD northbridges
[    9.939882] clocksource: Switched to clocksource kvm-clock
[   10.026261] AppArmor: AppArmor Filesystem Enabled
[   10.121770] pnp: PnP ACPI init
[   10.167457] pnp: PnP ACPI: found 3 devices
[   10.255863] clocksource: acpi_pm: mask: 0xffffff max_cycles: 0xffffff, max_idle_ns: 2085701024 ns
[   10.426585] NET: Registered protocol family 2
[   10.487960] TCP established hash table entries: 8192 (order: 4, 65536 bytes)
[   10.606603] TCP bind hash table entries: 8192 (order: 5, 131072 bytes)
[   10.669443] TCP: Hash tables configured (established 8192 bind 8192)
[   10.754076] UDP hash table entries: 512 (order: 2, 16384 bytes)
[   10.825692] UDP-Lite hash table entries: 512 (order: 2, 16384 bytes)
[   10.826820] NET: Registered protocol family 1
[   10.827636] pci 0000:00:00.0: Limiting direct PCI/PCI transfers
[   10.828693] pci 0000:00:01.0: Activating ISA DMA hang workarounds
[   10.830859] Unpacking initramfs...
[   12.420473] Freeing initrd memory: 10792K
[   12.438235] platform rtc_cmos: registered platform RTC device (no PNP device found)
[   12.458361] Scanning for low memory corruption every 60 seconds
[   12.459745] audit: initializing netlink subsys (disabled)
[   12.467035] audit: type=2000 audit(1508915142.123:1): initialized
[   12.496147] Initialise system trusted keyring
[   12.515511] HugeTLB registered 2 MB page size, pre-allocated 0 pages
[   12.537658] zbud: loaded
[   12.538424] VFS: Disk quotas dquot_6.6.0
[   12.569252] VFS: Dquot-cache hash table entries: 512 (order 0, 4096 bytes)
[   12.570610] squashfs: version 4.0 (2009/01/31) Phillip Lougher
[   12.571887] fuse init (API version 7.23)
[   12.573072] Key type big_key registered
[   12.573832] Allocating IMA MOK and blacklist keyrings.
[   12.612366] Key type asymmetric registered
[   12.658792] Asymmetric key parser 'x509' registered
[   12.659749] Block layer SCSI generic (bsg) driver version 0.4 loaded (major 249)
[   12.685183] io scheduler noop registered
[   12.721923] io scheduler deadline registered (default)
[   12.734196] io scheduler cfq registered
[   12.751714] pci_hotplug: PCI Hot Plug PCI Core version: 0.5
[   12.752711] pciehp: PCI Express Hot Plug Controller Driver version: 0.4
[   12.754058] ACPI: AC Adapter [AC] (on-line)
[   12.795771] input: Power Button as /devices/LNXSYSTM:00/LNXPWRBN:00/input/input0
[   12.798368] ACPI: Power Button [PWRF]
[   12.806437] input: Sleep Button as /devices/LNXSYSTM:00/LNXSLPBN:00/input/input1
[   12.810053] ACPI: Sleep Button [SLPF]
[   12.814562] GHES: HEST is not enabled!
[   12.826202] Serial: 8250/16550 driver, 32 ports, IRQ sharing enabled
[   12.859206] 00:02: ttyS0 at I/O 0x3f8 (irq = 4, base_baud = 115200) is a 16550A
[   12.870801] Linux agpgart interface v0.103
[   12.879202] loop: module loaded
[   12.914873] scsi host0: ata_piix
[   12.926773] scsi host1: ata_piix
[   12.943727] ata1: PATA max UDMA/33 cmd 0x1f0 ctl 0x3f6 bmdma 0xd000 irq 14
[   12.944898] ata2: PATA max UDMA/33 cmd 0x170 ctl 0x376 bmdma 0xd008 irq 15
[   12.946180] libphy: Fixed MDIO Bus: probed
[   12.975878] tun: Universal TUN/TAP device driver, 1.6
[   12.993777] tun: (C) 1999-2004 Max Krasnyansky <maxk@qualcomm.com>
[   13.057158] PPP generic driver version 2.4.2
[   13.066084] ehci_hcd: USB 2.0 'Enhanced' Host Controller (EHCI) Driver
[   13.150496] ehci-pci: EHCI PCI platform driver
[   13.168648] ehci-platform: EHCI generic platform driver
[   13.169591] ohci_hcd: USB 1.1 'Open' Host Controller (OHCI) Driver
[   13.235259] ohci-pci: OHCI PCI platform driver
[   13.341757] ohci-platform: OHCI generic platform driver
[   13.404481] uhci_hcd: USB Universal Host Controller Interface driver
[   13.436468] tsc: Refined TSC clocksource calibration: 2304.467 MHz
[   13.436470] clocksource: tsc: mask: 0xffffffffffffffff max_cycles: 0x2137b0f3b42, max_idle_ns: 440795229093 ns
[   13.610030] i8042: PNP: PS/2 Controller [PNP0303:PS2K,PNP0f03:PS2M] at 0x60,0x64 irq 1,12
[   13.685957] serio: i8042 KBD port at 0x60,0x64 irq 1
[   13.769129] serio: i8042 AUX port at 0x60,0x64 irq 12
[   13.886715] mousedev: PS/2 mouse device common for all mice
[   13.897699] input: AT Translated Set 2 keyboard as /devices/platform/i8042/serio0/input/input2
[   13.899503] rtc_cmos rtc_cmos: rtc core: registered rtc_cmos as rtc0
[   13.930362] rtc_cmos rtc_cmos: alarms up to one day, 114 bytes nvram
[   13.953432] i2c /dev entries driver
[   13.983944] device-mapper: uevent: version 1.0.3
[   13.997154] device-mapper: ioctl: 4.34.0-ioctl (2015-10-28) initialised: dm-devel@redhat.com
[   13.998702] ledtrig-cpu: registered to indicate activity on CPUs
[   14.000152] NET: Registered protocol family 10
[   14.082892] NET: Registered protocol family 17
[   14.160329] Key type dns_resolver registered
[   14.210592] microcode: CPU0 sig=0x806e9, pf=0x8, revision=0x0
[   14.211625] microcode: CPU1 sig=0x806e9, pf=0x8, revision=0x0
[   14.357424] microcode: Microcode Update Driver: v2.01 <tigran@aivazian.fsnet.co.uk>, Peter Oruba
[   14.511093] registered taskstats version 1
[   14.556964] Loading compiled-in X.509 certificates
[   14.558315] Loaded X.509 cert 'Build time autogenerated kernel key: d1010f9627fd9242df4b03365d2931dfd1ad3d42'
[   14.560117] zswap: loaded using pool lzo/zbud
[   14.656824] Key type trusted registered
[   14.738841] Key type encrypted registered
[   14.757709] AppArmor: AppArmor sha1 policy hashing enabled
[   14.895727] ima: No TPM chip found, activating TPM-bypass!
[   14.994416] evm: HMAC attrs: 0x1
[   15.000540]   Magic number: 5:158:67
[   15.014687] rtc_cmos rtc_cmos: setting system clock to 2017-10-25 07:05:48 UTC (1508915148)
[   15.032332] BIOS EDD facility v0.16 2004-Jun-25, 0 devices found
[   15.069212] EDD information not available.
[   15.083538] Freeing unused kernel memory: 1492K
[   15.126969] Write protecting the kernel read-only data: 14336k
[   15.195752] Freeing unused kernel memory: 1748K
[   15.288193] Freeing unused kernel memory: 112K
Loading, please [   15.409344] random: systemd-udevd: uninitialized urandom read (16 bytes read, 5 bits of entropy available)
wait...
startin[   15.409808] random: udevadm: uninitialized urandom read (16 bytes read, 5 bits of entropy available)
g version 229
[   15.409834] random: udevadm: uninitialized urandom read (16 bytes read, 5 bits of entropy available)
[   15.409914] random: udevadm: uninitialized urandom read (16 bytes read, 5 bits of entropy available)
[   15.409951] random: udevadm: uninitialized urandom read (16 bytes read, 5 bits of entropy available)
[   15.409981] random: udevadm: uninitialized urandom read (16 bytes read, 5 bits of entropy available)
[   15.410009] random: udevadm: uninitialized urandom read (16 bytes read, 5 bits of entropy available)
[   15.410045] random: udevadm: uninitialized urandom read (16 bytes read, 5 bits of entropy available)
[   15.410071] random: udevadm: uninitialized urandom read (16 bytes read, 5 bits of entropy available)
[   15.410098] random: udevadm: uninitialized urandom read (16 bytes read, 5 bits of entropy available)
[   16.626165] Fusion MPT base driver 3.04.20
[   16.645420] e1000: Intel(R) PRO/1000 Network Driver - version 7.3.21-k8-NAPI
[   16.645421] e1000: Copyright (c) 1999-2006 Intel Corporation.
[   16.669108] Copyright (c) 1999-2008 LSI Corporation
[   16.677324] Fusion MPT SPI Host driver 3.04.20
[   16.709997] AVX version of gcm_enc/dec engaged.
[   16.717517] AES CTR mode by8 optimization enabled
[   16.879826] input: ImExPS/2 Generic Explorer Mouse as /devices/platform/i8042/serio1/input/input4
[   17.023364] e1000 0000:00:03.0 eth0: (PCI:33MHz:32-bit) 02:14:68:3e:84:47
[   17.167464] e1000 0000:00:03.0 eth0: Intel(R) PRO/1000 Network Connection
[   17.527330] e1000 0000:00:08.0 eth1: (PCI:33MHz:32-bit) 08:00:27:a5:bc:f2
[   17.616841] e1000 0000:00:08.0 eth1: Intel(R) PRO/1000 Network Connection
[   17.619221] e1000 0000:00:08.0 enp0s8: renamed from eth1
[   17.650803] mptbase: ioc0: Initiating bringup
[   17.704231] e1000 0000:00:03.0 enp0s3: renamed from eth0
[   17.762684] ioc0: LSI53C1030 A0: Capabilities={Initiator}
[   17.940206] scsi host2: ioc0: LSI53C1030 A0, FwRev=00000000h, Ports=1, MaxQ=256, IRQ=20
[   18.054297] scsi 2:0:0:0: Direct-Access     VBOX     HARDDISK         1.0  PQ: 0 ANSI: 5
[   18.054301] scsi target2:0:0: Beginning Domain Validation
[   18.055443] scsi target2:0:0: Domain Validation skipping write tests
[   18.055443] scsi target2:0:0: Ending Domain Validation
[   18.055478] scsi target2:0:0: asynchronous
[   18.055719] scsi 2:0:1:0: Direct-Access     VBOX     HARDDISK         1.0  PQ: 0 ANSI: 5
[   18.055721] scsi target2:0:1: Beginning Domain Validation
[   18.056550] scsi target2:0:1: Domain Validation skipping write tests
[   18.056550] scsi target2:0:1: Ending Domain Validation
[   18.056584] scsi target2:0:1: asynchronous
[   18.064993] sd 2:0:0:0: [sda] 20971520 512-byte logical blocks: (10.7 GB/10.0 GiB)
[   18.065081] sd 2:0:0:0: [sda] Write Protect is off
[   18.065185] sd 2:0:0:0: [sda] Incomplete mode parameter data
[   18.065186] sd 2:0:0:0: [sda] Assuming drive cache: write through
[   18.200098] sd 2:0:0:0: Attached scsi generic sg0 type 0
[   18.200282] sd 2:0:1:0: Attached scsi generic sg1 type 0
[   18.200423] sd 2:0:1:0: [sdb] 20480 512-byte logical blocks: (10.5 MB/10.0 MiB)
[   18.200776] sd 2:0:1:0: [sdb] Write Protect is off
[   18.200849] sd 2:0:1:0: [sdb] Incomplete mode parameter data
[   18.200850] sd 2:0:1:0: [sdb] Assuming drive cache: write through
[   18.204976]  sda: sda1
[   18.205542] sd 2:0:0:0: [sda] Attached SCSI disk
[   18.476546] sd 2:0:1:0: [sdb] Attached SCSI disk
[   19.745379] floppy0: no floppy controllers found
Begin: Loading e[   21.123464] md: linear personality registered for level -1
ssential drivers[   21.258801] md: multipath personality registered for level -4
 ... [   21.383712] md: raid0 personality registered for level 0
[   21.449312] md: raid1 personality registered for level 1
[   21.572335] raid6: sse2x1   gen()  8328 MB/s
[   21.683921] raid6: sse2x1   xor()  6592 MB/s
[   21.767937] raid6: sse2x2   gen() 12573 MB/s
[   21.896272] raid6: sse2x2   xor()  8696 MB/s
[   22.012088] raid6: sse2x4   gen() 14292 MB/s
[   22.119895] raid6: sse2x4   xor()  9648 MB/s
[   22.169646] raid6: using algorithm sse2x4 gen() 14292 MB/s
[   22.233503] raid6: .... xor() 9648 MB/s, rmw enabled
[   22.300719] raid6: using ssse3x2 recovery algorithm
[   22.362474] xor: automatically using best checksumming function:
[   22.545246]    avx       : 49111.000 MB/sec
[   22.574746] async_tx: api initialized (async)
[   22.605512] md: raid6 personality registered for level 6
[   22.661447] md: raid5 personality registered for level 5
[   22.728703] md: raid4 personality registered for level 4
[   22.800604] md: raid10 personality registered for level 10
done.
Begin: Running[   22.888222] Btrfs loaded
 /scripts/init-premount ... done.
Begin: Mounting root file system ... Begin: Running /scripts/local-top ... done.
Begin: Running /scripts/local-premount ... Scanning for Btrfs filesystems
done.
Warning: fsck not present, so skipping root file system
[   22.942144] EXT4-fs (sda1): INFO: recovery required on readonly filesystem
[   23.016168] EXT4-fs (sda1): write access will be enabled during recovery
[   23.177851] EXT4-fs (sda1): orphan cleanup on readonly fs
[   23.269764] EXT4-fs (sda1): 1 orphan inode deleted
[   23.383502] EXT4-fs (sda1): recovery complete
[   23.437766] EXT4-fs (sda1): mounted filesystem with ordered data mode. Opts: (null)
done.
Begin: Running /scripts/local-bottom ... done.
Begin: Running /scripts/init-bottom ... done.
[   23.753325] random: nonblocking pool is initialized
[   24.126829] systemd[1]: systemd 229 running in system mode. (+PAM +AUDIT +SELINUX +IMA +APPARMOR +SMACK +SYSVINIT +UTMP +LIBCRYPTSETUP +GCRYPT +GNUTLS +ACL +XZ -LZ4 +SECCOMP +BLKID +ELFUTILS +KMOD -IDN)
[   24.316151] systemd[1]: Detected virtualization oracle.
[   24.364702] systemd[1]: Detected architecture x86-64.

Welcome to [1mUbuntu 16.04.3 LTS[0m!

[   24.555756] systemd[1]: Set hostname to <ubuntu-xenial>.
[   25.482845] systemd[1]: Listening on LVM2 metadata daemon socket.
[[0;32m  OK  [0m] Listening on LVM2 metadata daemon socket.
[   25.624512] systemd[1]: Listening on Syslog Socket.
[[0;32m  OK  [0m] Listening on Syslog Socket.
[   25.712685] systemd[1]: Listening on udev Control Socket.
[[0;32m  OK  [0m] Listening on udev Control Socket.
[   25.765923] systemd[1]: Listening on Journal Socket (/dev/log).
[[0;32m  OK  [0m] Listening on Journal Socket (/dev/log).
[   25.828206] systemd[1]: Listening on Device-mapper event daemon FIFOs.
[[0;32m  OK  [0m] Listening on Device-mapper event daemon FIFOs.
[   25.872337] systemd[1]: Started Forward Password Requests to Wall Directory Watch.
[[0;32m  OK  [0m] Started Forward Password Requests to Wall Directory Watch.
[   26.072663] systemd[1]: Listening on /dev/initctl Compatibility Named Pipe.
[[0;32m  OK  [0m] Listening on /dev/initctl Compatibility Named Pipe.
[   26.084215] systemd[1]: Listening on Journal Audit Socket.
[[0;32m  OK  [0m] Listening on Journal Audit Socket.
[   26.104730] systemd[1]: Set up automount Arbitrary Executable File Formats File System Automount Point.
[[0;32m  OK  [0m] Set up automount Arbitrary Executab...ats File System Automount Point.
[   26.196385] systemd[1]: Listening on Journal Socket.
[[0;32m  OK  [0m] Listening on Journal Socket.
[   26.300439] systemd[1]: Listening on LVM2 poll daemon socket.
[[0;32m  OK  [0m] Listening on LVM2 poll daemon socket.
[   26.420896] systemd[1]: Created slice User and Session Slice.
[[0;32m  OK  [0m] Created slice User and Session Slice.
[   26.556576] systemd[1]: Started Trigger resolvconf update for networkd DNS.
[[0;32m  OK  [0m] Started Trigger resolvconf update for networkd DNS.
[   26.760243] systemd[1]: Reached target Swap.
[[0;32m  OK  [0m] Reached target Swap.
[   26.848417] systemd[1]: Reached target Encrypted Volumes.
[[0;32m  OK  [0m] Reached target Encrypted Volumes.
[   26.892484] systemd[1]: Created slice System Slice.
[[0;32m  OK  [0m] Created slice System Slice.
[   26.936228] systemd[1]: Starting Set console keymap...
         Starting Set console keymap...
[   27.001100] systemd[1]: Starting Uncomplicated firewall...
         Starting Uncomplicated firewall...
[   27.052656] systemd[1]: Starting Nameserver information manager...
         Starting Nameserver information manager...
[   27.140734] systemd[1]: Created slice system-serial\x2dgetty.slice.
[[0;32m  OK  [0m] Created slice system-serial\x2dgetty.slice.
[   27.268749] systemd[1]: Starting Journal Service...
         Starting Journal Service...
[   27.336508] systemd[1]: Mounting Debug File System...
         Mounting Debug File System...
[   27.412631] systemd[1]: Starting Load Kernel Modules...
         Starting Load Kernel Modules...
[   27.432513] systemd[1]: Starting Create list of required static device nodes for the current kernel...
         Starting Create list of required st... nodes for the current kernel...
[   27.492390] systemd[1]: Mounting POSIX Message Queue File System...
[   27.497714] Loading iSCSI transport class v2.0-870.
         Mounting POSIX Message [   27.592853] iscsi: registered transport (tcp)
Queue File System...
[   27.663006] iscsi: registered transport (iser)
[   27.700317] systemd[1]: Reached target Slices.
[[0;32m  OK  [0m] Reached target Slices.
[   27.800253] systemd[1]: Mounting Huge Pages File System...
         Mounting Huge Pages File System...
[   27.912775] systemd[1]: Starting Monitoring of LVM2 mirrors, snapshots etc. using dmeventd or progress polling...
         Starting Monitoring of LVM2 mirrors... dmeventd or progress polling...
[   28.032538] systemd[1]: Starting Remount Root and Kernel File Systems...
         [   28.110443] EXT4-fs (sda1): re-mounted. Opts: (null)
Starting Remount Root and Kernel File Systems...
[   28.224719] systemd[1]: Listening on udev Kernel Socket.
[[0;32m  OK  [0m] Listening on udev Kernel Socket.
[   28.340454] systemd[1]: Reached target User and Group Name Lookups.
[[0;32m  OK  [0m] Reached target User and Group Name Lookups.
[   28.469024] systemd[1]: Mounted Debug File System.
[[0;32m  OK  [0m] Mounted Debug File System.
[   28.556650] systemd[1]: Mounted Huge Pages File System.
[[0;32m  OK  [0m] Mounted Huge Pages File System.
[   28.624449] systemd[1]: Mounted POSIX Message Queue File System.
[[0;32m  OK  [0m] Mounted POSIX Message Queue File System.
[   28.765068] systemd[1]: Started Journal Service.
[[0;32m  OK  [0m] Started Journal Service.
[[0;32m  OK  [0m] Started Set console keymap.
[[0;32m  OK  [0m] Started Uncomplicated firewall.
[[0;32m  OK  [0m] Started Load Kernel Modules.
[[0;32m  OK  [0m] Started Create list of required sta...ce nodes for the current kernel.
[[0;32m  OK  [0m] Started Remount Root and Kernel File Systems.
[[0;32m  OK  [0m] Started Nameserver information manager.
[[0;32m  OK  [0m] Started LVM2 metadata daemon.
         Starting Initial cloud-init job (pre-networking)...
         Starting udev Coldplug all Devices...
         Starting Load/Save Random Seed...
         Starting Create Static Device Nodes in /dev...
         Starting Apply Kernel Variables...
         Mounting FUSE Control File System...
         Starting Flush Journal to Persistent Storage...
[[0;32m  OK  [0m] Mounted FUSE Control File System.
[[0;32m  OK  [0m] Started Load/Save Random Seed.
[[0;32m  OK  [0m] Started udev Coldplug all Devices.
[[0;32m  OK  [0m] Started Monitoring of LVM2 mirrors,...ng dmeventd or progress polling.
[[0;32m  OK  [0m] Started Apply Kernel Variables.
[[0;32m  OK  [0m] Started Create Static Device Nodes in /dev.
         Starting udev Kernel Device Manager...
[[0;32m  OK  [0m] Started Flush Journal to Persistent Storage.
[[0;32m  OK  [0m] Started udev Kernel Device Manager.
[[0;32m  OK  [0m] Reached target Local File Systems (Pre).
[[0;32m  OK  [0m] Reached target Local File Systems.
         Starting Set console font and keymap...
         Starting LSB: AppArmor initialization...
         Starting Create Volatile Files and Directories...
         Starting Tell Plymouth To Write Out Runtime Data...
[[0;32m  OK  [0m] Started Dispatch Password Requests to Console Directory Watch.
[[0;32m  OK  [0m] Found device /dev/ttyS0.
[[0;32m  OK  [0m] Started Create Volatile Files and Directories.
[[0;32m  OK  [0m] Reached target System Time Synchronized.
         Starting Update UTMP about System Boot/Shutdown...
[[0;32m  OK  [0m] Started Tell Plymouth To Write Out Runtime Data.
[[0;32m  OK  [0m] Started Update UTMP about System Boot/Shutdown.
[[0;32m  OK  [0m] Found device 82540EM Gigabit Ethern...r (PRO/1000 MT Desktop Adapter).
[[0;32m  OK  [0m] Found device 82540EM Gigabit Ethern...r (PRO/1000 MT Desktop Adapter).
[[0;32m  OK  [0m] Started Set console font and keymap.
[[0;32m  OK  [0m] Created slice system-getty.slice.
[[0;32m  OK  [0m] Listening on Load/Save RF Kill Switch Status /dev/rfkill Watch.
[[0;32m  OK  [0m] Started LSB: AppArmor initialization.
[   25.853514] cloud-init[434]: Cloud-init v. 0.7.9 running 'init-local' at Wed, 25 Oct 2017 07:06:08 +0000. Up 25.33 seconds.
[[0;32m  OK  [0m] Started Initial cloud-init job (pre-networking).
[[0;32m  OK  [0m] Reached target Network (Pre).
[[0;32m  OK  [0m] Started ifup for enp0s8.
         Starting Raise network interfaces...
[[0;32m  OK  [0m] Started ifup for enp0s3.
[[0;32m  OK  [0m] Started Raise network interfaces.
[[0;32m  OK  [0m] Reached target Network.
         Starting Initial cloud-init job (metadata service crawler)...
[   27.418570] cloud-init[1049]: Cloud-init v. 0.7.9 running 'init' at Wed, 25 Oct 2017 07:06:09 +0000. Up 26.62 seconds.
[   27.520373] [cloud-init[0;32m  OK  [0m[1049]: ] ci-info: ++++++++++++++++++++++++++++++++++++++Net device info++++++++++++++++++++++++++++++++++++++Started Initial cloud-init job (metadata service crawler).

[   27.576069] [[0;32m  OK  [0m] Reached target System Initialization.
         Starting Socket activation for snappy daemon.
[[0;32m  OK  [0m] Listening on D-Bus System Message Bus Socket.
[[0;32m  OK  [0m] Started Daily Cleanup of Temporary Directories.
cloud-init[1049]: ci-info: +--------+------+-----------------------------+---------------+-------+-------------------+
[   27.856759] [cloud-init[0;32m  OK  [0m[1049]: ] ci-info: | Device |  Up  |           Address           |      Mask     | Scope |     Hw-Address    |Started ACPI Events Check.

[   28.004593] [cloud-init[0;32m  OK  [0m[1049]: ] ci-info: +--------+------+-----------------------------+---------------+-------+-------------------+Reached target Paths.

[   28.115397] [cloud-init[0;32m  OK  [0m[1049]: ] ci-info: | enp0s8 | True |        192.168.33.60        | 255.255.255.0 |   .   | 08:00:27:a5:bc:f2 |Started Timer to automatically refresh installed snaps.

         Starting LXD - unix socket.
[[0;32m  OK  [0m] Listening on ACPID Listen Socket.
[[0;32m  OK  [0m] Listening on UUID daemon activation socket.
[[0;32m  OK  [0m] Started Timer to automatically fetch and run repair assertions.
[[0;32m  OK  [0m] Reached target Cloud-config availability.
[[0;32m  OK  [0m] Reached target Network is Online.
[   28.115855] cloud-init[1049]: ci-info: | enp0s8 | True | fe80::a00:27ff:fea5:bcf2/64 |       .       |  link | 08:00:27:a5:bc:f2 |
[   28.496711]          cloud-initStarting iSCSI initiator daemon (iscsid)...[1049]: 
ci-info: |   lo   | True |          127.0.0.1          |   255.0.0.0   |   .   |         .         |
[   28.704336] [cloud-init[0;32m  OK  [0m[1049]: ] ci-info: |   lo   | True |           ::1/128           |       .       |  host |         .         |Started Daily apt download activities.

[[0;32m  OK  [0m] Started Daily apt upgrade and clean activities.
[[0;32m  OK  [0m] Reached target Timers.
[   28.704844] cloud-init[1049]: ci-info: | enp0s3 | True |          10.0.2.15          | 255.255.255.0 |   .   | 02:14:68:3e:84:47 |
[   29.184892] [cloud-init[0;32m  OK  [0m[1049]: ] ci-info: | enp0s3 | True |  fe80::14:68ff:fe3e:8447/64 |       .       |  link | 02:14:68:3e:84:47 |Listening on Socket activation for snappy daemon.

[[0;32m  OK  [0m] Listening on LXD - unix socket.
[   29.185635] cloud-init[1049]: ci-info: +--------+------+-----------------------------+---------------+-------+-------------------+
[   29.429125] [cloud-init[0;32m  OK  [0m[1049]: ] ci-info: ++++++++++++++++++++++++++++Route IPv4 info++++++++++++++++++++++++++++Reached target Sockets.

[   29.598744] [cloud-init[0;32m  OK  [0m[1049]: ] ci-info: +-------+--------------+----------+---------------+-----------+-------+Reached target Basic System.

[   29.756912] cloud-init[1049]: ci-info: | Route | Destination  | Gateway  |    Genmask    | Interface | Flags |
[   29.892725] cloud-init[1049]: ci-info: +-------+--------------+----------+---------------+-----------+-------+
         Starting Automatically fetch and run repair assertions...
[   30.018812] cloud-init[1049]: ci-info: |   0   |   0.0.0.0    | 10.0.2.2 |    0.0.0.0    |   enp0s3  |   UG  |
         Starting LSB: MD monitoring daemon...
[   30.163612] cloud-init[1049]: ci-info: |   1   |   10.0.2.0   | 0.0.0.0  | 255.255.255.0 |   enp0s3  |   U   |
[   30.324276] cloud-init[1049]: ci-info: |   2   | 192.168.33.0 | 0.0.0.0  | 255.255.255.0 |   enp0s8  |   U   |
[   30.440345] cloud-init[1049]: ci-info: +-------+--------------+----------+---------------+-----------+-------+
         Starting Login Service...
[[0;32m  OK  [0m] Started FUSE filesystem for LXC.
[[0;32m  OK  [0m] Started Regular background program processing daemon.
[[0;32m  OK  [0m] Started D-Bus System Message Bus.
[[0;32m  OK  [0m] Started Deferred execution scheduler.
         Starting Apply the settings specified in cloud-config...
         Starting Accounts Service...
         Starting LXD - container startup/shutdown...
         Starting System Logging Service...
         Starting LSB: Record successful boot for GRUB...
[[0;32m  OK  [0m] Started Unattended Upgrades Shutdown.
         Starting OpenBSD Secure Shell server...
         Starting /etc/rc.local Compatibility...
[[0;32m  OK  [0m] Started ACPI event daemon.
         Starting Snappy daemon...
[[0;32m  OK  [0m] Started iSCSI initiator daemon (iscsid).
[[0;32m  OK  [0m] Started Automatically fetch and run repair assertions.
[[0;32m  OK  [0m] Started /etc/rc.local Compatibility.
         Starting Login to default iSCSI targets...
[[0;32m  OK  [0m] Started Login Service.
[[0;32m  OK  [0m] Started LSB: Record successful boot for GRUB.
[   32.056099] cloud-init[1128]: Cloud-init v. 0.7.9 running 'modules:config' at Wed, 25 Oct 2017 07:06:14 +0000. Up 31.15 seconds.
[[0;32m  OK  [0m] Started Apply the settings specified in cloud-config.
[[0;32m  OK  [0m] Started LSB: MD monitoring daemon.
[[0;32m  OK  [0m] Started Login to default iSCSI targets.
[[0;32m  OK  [0m] Started System Logging Service.
[[0;32m  OK  [0m] Reached target Remote File Systems (Pre).
[[0;32m  OK  [0m] Reached target Remote File Systems.
         Starting LSB: daemon to balance interrupts for SMP systems...
         Starting LSB: automatic crash report generation...
         Starting LSB: VirtualBox Linux Additions...
         Starting Permit User Sessions...
         Starting LSB: Set the CPU Frequency Scaling governor to "ondemand"...
         Starting LSB: Apache2 web server...
[[0;32m  OK  [0m] Started Permit User Sessions.
         Starting Hold until boot process finishes up...
         Starting Terminate Plymouth Boot Screen...
[[0;32m  OK  [0m] Started LSB: Set the CPU Frequency Scaling governor to "ondemand".
[[0;32m  OK  [0m] Started Hold until boot process finishes up.
[[0;32m  OK  [0m] Started LSB: daemon to balance interrupts for SMP systems.
[[0;32m  OK  [0m] Started LSB: automatic crash report generation.
[[0;32m  OK  [0m] Started Terminate Plymouth Boot Screen.
[[0;32m  OK  [0m] Started OpenBSD Secure Shell server.
         Starting Authenticate and Authorize Users to Run Privileged Tasks...
[[0;32m  OK  [0m] Started Serial Getty on ttyS0.
[[0;32m  OK  [0m] Started Getty on tty1.
[[0;32m  OK  [0m] Reached target Login Prompts.
         Starting Set console scheme...
[[0;32m  OK  [0m] Started Set console scheme.
[[0;32m  OK  [0m] Started LSB: VirtualBox Linux Additions.
[[0;32m  OK  [0m] Started Authenticate and Authorize Users to Run Privileged Tasks.
[[0;32m  OK  [0m] Started Accounts Service.
[[0;32m  OK  [0m] Created slice User Slice of ubuntu.
         Starting User Manager for UID 1000...
[[0;32m  OK  [0m] Started Session 1 of user ubuntu.
[[0;32m  OK  [0m] Started User Manager for UID 1000.
[[0;32m  OK  [0m] Started Snappy daemon.
         Starting Auto import assertions from block devices...
[[0;32m  OK  [0m] Started Auto import assertions from block devices.
[[0;32m  OK  [0m] Started LXD - container startup/shutdown.
[[0;32m  OK  [0m] Started LSB: Apache2 web server.
[[0;32m  OK  [0m] Reached target Multi-User System.
[[0;32m  OK  [0m] Reached target Graphical Interface.
         Starting Execute cloud user/final scripts...
         Starting Update UTMP about System Runlevel Changes...
[[0;32m  OK  [0m] Started Update UTMP about System Runlevel Changes.
[   38.209754] cloud-init[1492]: Cloud-init v. 0.7.9 running 'modules:final' at Wed, 25 Oct 2017 07:06:20 +0000. Up 38.04 seconds.
[   38.300510] [cloud-init[0;32m  OK  [0m[1492]: ] Cloud-init v. 0.7.9 finished at Wed, 25 Oct 2017 07:06:21 +0000. Datasource DataSourceNoCloud [seed=/dev/sdb][dsmode=net].  Up 38.20 secondsStarted Execute cloud user/final scripts.


Ubuntu 16.04.3 LTS ubuntu-xenial ttyS0

ubuntu-xenial login: 