[    0.000000] Initializing cgroup subsys cpuset
[    0.000000] Initializing cgroup subsys cpu
[    0.000000] Initializing cgroup subsys cpuacct
[    0.000000] Linux version 4.4.0-97-generic (buildd@lcy01-33) (gcc version 5.4.0 20160609 (Ubuntu 5.4.0-6ubuntu1~16.04.4) ) #120-Ubuntu SMP Tue Sep 19 17:28:18 UTC 2017 (Ubuntu 4.4.0-97.120-generic 4.4.87)
[    0.000000] Command line: BOOT_IMAGE=/boot/vmlinuz-4.4.0-97-generic root=LABEL=cloudimg-rootfs ro console=tty1 console=ttyS0
[    0.000000] KERNEL supported cpus:
[    0.000000]   Intel GenuineIntel
[    0.000000]   AMD AuthenticAMD
[    0.000000]   Centaur CentaurHauls
[    0.000000] x86/fpu: xstate_offset[2]:  576, xstate_sizes[2]:  256
[    0.000000] x86/fpu: Supporting XSAVE feature 0x01: 'x87 floating point registers'
[    0.000000] x86/fpu: Supporting XSAVE feature 0x02: 'SSE registers'
[    0.000000] x86/fpu: Supporting XSAVE feature 0x04: 'AVX registers'
[    0.000000] x86/fpu: Enabled xstate features 0x7, context size is 832 bytes, using 'standard' format.
[    0.000000] x86/fpu: Using 'lazy' FPU context switches.
[    0.000000] e820: BIOS-provided physical RAM map:
[    0.000000] BIOS-e820: [mem 0x0000000000000000-0x000000000009fbff] usable
[    0.000000] BIOS-e820: [mem 0x000000000009fc00-0x000000000009ffff] reserved
[    0.000000] BIOS-e820: [mem 0x00000000000f0000-0x00000000000fffff] reserved
[    0.000000] BIOS-e820: [mem 0x0000000000100000-0x000000003ffeffff] usable
[    0.000000] BIOS-e820: [mem 0x000000003fff0000-0x000000003fffffff] ACPI data
[    0.000000] BIOS-e820: [mem 0x00000000fec00000-0x00000000fec00fff] reserved
[    0.000000] BIOS-e820: [mem 0x00000000fee00000-0x00000000fee00fff] reserved
[    0.000000] BIOS-e820: [mem 0x00000000fffc0000-0x00000000ffffffff] reserved
[    0.000000] NX (Execute Disable) protection: active
[    0.000000] SMBIOS 2.5 present.
[    0.000000] Hypervisor detected: KVM
[    0.000000] e820: last_pfn = 0x3fff0 max_arch_pfn = 0x400000000
[    0.000000] MTRR: Disabled
[    0.000000] x86/PAT: MTRRs disabled, skipping PAT initialization too.
[    0.000000] CPU MTRRs all blank - virtualized system.
[    0.000000] x86/PAT: Configuration [0-7]: WB  WT  UC- UC  WB  WT  UC- UC  
[    0.000000] found SMP MP-table at [mem 0x0009fff0-0x0009ffff] mapped at [ffff88000009fff0]
[    0.000000] Scanning 1 areas for low memory corruption
[    0.000000] RAMDISK: [mem 0x36adc000-0x37565fff]
[    0.000000] ACPI: Early table checksum verification disabled
[    0.000000] ACPI: RSDP 0x00000000000E0000 000024 (v02 VBOX  )
[    0.000000] ACPI: XSDT 0x000000003FFF0030 00003C (v01 VBOX   VBOXXSDT 00000001 ASL  00000061)
[    0.000000] ACPI: FACP 0x000000003FFF00F0 0000F4 (v04 VBOX   VBOXFACP 00000001 ASL  00000061)
[    0.000000] ACPI: DSDT 0x000000003FFF0470 0021FF (v02 VBOX   VBOXBIOS 00000002 INTL 20100528)
[    0.000000] ACPI: FACS 0x000000003FFF0200 000040
[    0.000000] ACPI: FACS 0x000000003FFF0200 000040
[    0.000000] ACPI: APIC 0x000000003FFF0240 00005C (v02 VBOX   VBOXAPIC 00000001 ASL  00000061)
[    0.000000] ACPI: SSDT 0x000000003FFF02A0 0001CC (v01 VBOX   VBOXCPUT 00000002 INTL 20100528)
[    0.000000] No NUMA configuration found
[    0.000000] Faking a node at [mem 0x0000000000000000-0x000000003ffeffff]
[    0.000000] NODE_DATA(0) allocated [mem 0x3ffeb000-0x3ffeffff]
[    0.000000] kvm-clock: Using msrs 4b564d01 and 4b564d00
[    0.000000] kvm-clock: cpu 0, msr 0:3ffe3001, primary cpu clock
[    0.000000] kvm-clock: using sched offset of 3581169393 cycles
[    0.000000] clocksource: kvm-clock: mask: 0xffffffffffffffff max_cycles: 0x1cd42e4dffb, max_idle_ns: 881590591483 ns
[    0.000000] Zone ranges:
[    0.000000]   DMA      [mem 0x0000000000001000-0x0000000000ffffff]
[    0.000000]   DMA32    [mem 0x0000000001000000-0x000000003ffeffff]
[    0.000000]   Normal   empty
[    0.000000]   Device   empty
[    0.000000] Movable zone start for each node
[    0.000000] Early memory node ranges
[    0.000000]   node   0: [mem 0x0000000000001000-0x000000000009efff]
[    0.000000]   node   0: [mem 0x0000000000100000-0x000000003ffeffff]
[    0.000000] Initmem setup node 0 [mem 0x0000000000001000-0x000000003ffeffff]
[    0.000000] ACPI: PM-Timer IO Port: 0x4008
[    0.000000] IOAPIC[0]: apic_id 2, version 32, address 0xfec00000, GSI 0-23
[    0.000000] ACPI: INT_SRC_OVR (bus 0 bus_irq 0 global_irq 2 dfl dfl)
[    0.000000] ACPI: INT_SRC_OVR (bus 0 bus_irq 9 global_irq 9 high level)
[    0.000000] Using ACPI (MADT) for SMP configuration information
[    0.000000] smpboot: Allowing 2 CPUs, 0 hotplug CPUs
[    0.000000] PM: Registered nosave memory: [mem 0x00000000-0x00000fff]
[    0.000000] PM: Registered nosave memory: [mem 0x0009f000-0x0009ffff]
[    0.000000] PM: Registered nosave memory: [mem 0x000a0000-0x000effff]
[    0.000000] PM: Registered nosave memory: [mem 0x000f0000-0x000fffff]
[    0.000000] e820: [mem 0x40000000-0xfebfffff] available for PCI devices
[    0.000000] Booting paravirtualized kernel on KVM
[    0.000000] clocksource: refined-jiffies: mask: 0xffffffff max_cycles: 0xffffffff, max_idle_ns: 7645519600211568 ns
[    0.000000] setup_percpu: NR_CPUS:512 nr_cpumask_bits:512 nr_cpu_ids:2 nr_node_ids:1
[    0.000000] PERCPU: Embedded 34 pages/cpu @ffff88003fc00000 s98328 r8192 d32744 u1048576
[    0.000000] PV qspinlock hash table entries: 256 (order: 0, 4096 bytes)
[    0.000000] Built 1 zonelists in Node order, mobility grouping on.  Total pages: 257913
[    0.000000] Policy zone: DMA32
[    0.000000] Kernel command line: BOOT_IMAGE=/boot/vmlinuz-4.4.0-97-generic root=LABEL=cloudimg-rootfs ro console=tty1 console=ttyS0
[    0.000000] PID hash table entries: 4096 (order: 3, 32768 bytes)
[    0.000000] Memory: 1001772K/1048120K available (8480K kernel code, 1294K rwdata, 3984K rodata, 1492K init, 1316K bss, 46348K reserved, 0K cma-reserved)
[    0.000000] SLUB: HWalign=64, Order=0-3, MinObjects=0, CPUs=2, Nodes=1
[    0.000000] Hierarchical RCU implementation.
[    0.000000] 	Build-time adjustment of leaf fanout to 64.
[    0.000000] 	RCU restricting CPUs from NR_CPUS=512 to nr_cpu_ids=2.
[    0.000000] RCU: Adjusting geometry for rcu_fanout_leaf=64, nr_cpu_ids=2
[    0.000000] NR_IRQS:33024 nr_irqs:440 16
[    0.000000] Console: colour VGA+ 80x25
[    0.000000] console [tty1] enabled
[    0.000000] console [ttyS0] enabled
[    0.000000] tsc: Detected 2303.998 MHz processor
[    5.704687] Calibrating delay loop (skipped) preset value.. 4607.99 BogoMIPS (lpj=9215992)
[    5.710265] pid_max: default: 32768 minimum: 301
[    5.711105] ACPI: Core revision 20150930
[    5.712586] ACPI: 2 ACPI AML tables successfully acquired and loaded
[    5.772723] Security Framework initialized
[    5.794022] Yama: becoming mindful.
[    5.794723] AppArmor: AppArmor initialized
[    5.795550] Dentry cache hash table entries: 131072 (order: 8, 1048576 bytes)
[    5.834834] Inode-cache hash table entries: 65536 (order: 7, 524288 bytes)
[    5.837187] Mount-cache hash table entries: 2048 (order: 2, 16384 bytes)
[    5.864912] Mountpoint-cache hash table entries: 2048 (order: 2, 16384 bytes)
[    5.871778] Initializing cgroup subsys io
[    5.901070] Initializing cgroup subsys memory
[    5.901880] Initializing cgroup subsys devices
[    5.902692] Initializing cgroup subsys freezer
[    5.905799] Initializing cgroup subsys net_cls
[    5.906483] Initializing cgroup subsys perf_event
[    5.907192] Initializing cgroup subsys net_prio
[    5.907888] Initializing cgroup subsys hugetlb
[    5.908584] Initializing cgroup subsys pids
[    5.909359] CPU: Physical Processor ID: 0
[    5.909993] CPU: Processor Core ID: 0
[    5.912135] mce: CPU supports 0 MCE banks
[    5.912794] Last level iTLB entries: 4KB 64, 2MB 8, 4MB 8
[    5.913678] Last level dTLB entries: 4KB 64, 2MB 0, 4MB 0, 1GB 4
[    5.932104] Freeing SMP alternatives memory: 32K
[    5.996524] ftrace: allocating 32148 entries in 126 pages
[    6.107917] smpboot: APIC(0) Converting physical 0 to logical package 0
[    6.177746] smpboot: Max logical packages: 1
[    6.241414] x2apic enabled
[    6.276962] Switched APIC routing to physical x2apic.
[    6.326147] ..TIMER: vector=0x30 apic1=0 pin1=2 apic2=-1 pin2=-1
[    6.508710] smpboot: CPU0: Intel(R) Core(TM) i5-7360U CPU @ 2.30GHz (family: 0x6, model: 0x8e, stepping: 0x9)
[    6.632104] Performance Events: unsupported p6 CPU model 142 no PMU driver, software events only.
[    6.762777] KVM setup paravirtual spinlock
[    6.817550] x86: Booting SMP configuration:
[    6.870876] .... node  #0, CPUs:      #1
[    6.925794] kvm-clock: cpu 1, msr 0:3ffe3041, secondary cpu clock
[    6.928193] mce: CPU supports 0 MCE banks
[    6.930722] x86: Booted up 1 node, 2 CPUs
[    6.968463] smpboot: Total of 2 processors activated (9215.99 BogoMIPS)
[    7.053715] devtmpfs: initialized
[    7.087240] evm: security.selinux
[    7.114355] evm: security.SMACK64
[    7.144881] evm: security.SMACK64EXEC
[    7.178135] evm: security.SMACK64TRANSMUTE
[    7.212608] evm: security.SMACK64MMAP
[    7.248505] evm: security.ima
[    7.278254] evm: security.capability
[    7.308683] clocksource: jiffies: mask: 0xffffffff max_cycles: 0xffffffff, max_idle_ns: 7645041785100000 ns
[    7.310394] futex hash table entries: 512 (order: 3, 32768 bytes)
[    7.323695] pinctrl core: initialized pinctrl subsystem
[    7.369670] RTC time: 16:03:05, date: 10/30/17
[    7.383979] NET: Registered protocol family 16
[    7.408716] cpuidle: using governor ladder
[    7.420372] cpuidle: using governor menu
[    7.425452] PCCT header not found.
[    7.431982] ACPI: bus type PCI registered
[    7.432842] acpiphp: ACPI Hot Plug PCI Controller Driver version: 0.5
[    7.453226] PCI: Using configuration type 1 for base access
[    7.482628] ACPI: Added _OSI(Module Device)
[    7.521283] ACPI: Added _OSI(Processor Device)
[    7.568851] ACPI: Added _OSI(3.0 _SCP Extensions)
[    7.597481] ACPI: Added _OSI(Processor Aggregator Device)
[    7.622999] ACPI: Executed 1 blocks of module-level executable AML code
[    7.672938] ACPI: Interpreter enabled
[    7.707569] ACPI: (supports S0 S5)
[    7.743634] ACPI: Using IOAPIC for interrupt routing
[    7.795698] PCI: Using host bridge windows from ACPI; if necessary, use "pci=nocrs" and report a bug
[    7.877325] ACPI: PCI Root Bridge [PCI0] (domain 0000 [bus 00-ff])
[    7.941694] acpi PNP0A03:00: _OSC: OS supports [ASPM ClockPM Segments MSI]
[    8.003580] acpi PNP0A03:00: _OSC: not requesting OS control; OS requires [ExtendedConfig ASPM ClockPM MSI]
[    8.083880] acpi PNP0A03:00: fail to add MMCONFIG information, can't access extended PCI configuration space under this bridge.
[    8.190170] PCI host bridge to bus 0000:00
[    8.229144] pci_bus 0000:00: root bus resource [io  0x0000-0x0cf7 window]
[    8.292987] pci_bus 0000:00: root bus resource [io  0x0d00-0xffff window]
[    8.367599] pci_bus 0000:00: root bus resource [mem 0x000a0000-0x000bffff window]
[    8.448158] pci_bus 0000:00: root bus resource [mem 0x40000000-0xffdfffff window]
[    8.495933] pci_bus 0000:00: root bus resource [bus 00-ff]
[    8.543469] pci 0000:00:01.1: legacy IDE quirk: reg 0x10: [io  0x01f0-0x01f7]
[    8.619408] pci 0000:00:01.1: legacy IDE quirk: reg 0x14: [io  0x03f6]
[    8.685496] pci 0000:00:01.1: legacy IDE quirk: reg 0x18: [io  0x0170-0x0177]
[    8.757252] pci 0000:00:01.1: legacy IDE quirk: reg 0x1c: [io  0x0376]
[    8.831398] pci 0000:00:07.0: quirk: [io  0x4000-0x403f] claimed by PIIX4 ACPI
[    8.895381] pci 0000:00:07.0: quirk: [io  0x4100-0x410f] claimed by PIIX4 SMB
[    8.971485] ACPI: PCI Interrupt Link [LNKA] (IRQs 5 9 10 *11)
[    9.053806] ACPI: PCI Interrupt Link [LNKB] (IRQs 5 9 10 *11)
[    9.112953] ACPI: PCI Interrupt Link [LNKC] (IRQs 5 9 *10 11)
[    9.163239] ACPI: PCI Interrupt Link [LNKD] (IRQs 5 *9 10 11)
[    9.224110] ACPI: Enabled 2 GPEs in block 00 to 07
[    9.267833] vgaarb: setting as boot device: PCI:0000:00:02.0
[    9.326032] vgaarb: device added: PCI:0000:00:02.0,decodes=io+mem,owns=io+mem,locks=none
[    9.408543] vgaarb: loaded
[    9.435747] vgaarb: bridge control possible 0000:00:02.0
[    9.486447] SCSI subsystem initialized
[    9.525270] ACPI: bus type USB registered
[    9.557167] usbcore: registered new interface driver usbfs
[    9.601226] usbcore: registered new interface driver hub
[    9.646214] usbcore: registered new device driver usb
[    9.692232] PCI: Using ACPI for IRQ routing
[    9.733468] NetLabel: Initializing
[    9.761485] NetLabel:  domain hash size = 128
[    9.799787] NetLabel:  protocols = UNLABELED CIPSOv4
[    9.859678] NetLabel:  unlabeled traffic allowed by default
[    9.906071] amd_nb: Cannot enumerate AMD northbridges
[    9.953073] clocksource: Switched to clocksource kvm-clock
[   10.013358] AppArmor: AppArmor Filesystem Enabled
[   10.115603] pnp: PnP ACPI init
[   10.165463] pnp: PnP ACPI: found 3 devices
[   10.247652] clocksource: acpi_pm: mask: 0xffffff max_cycles: 0xffffff, max_idle_ns: 2085701024 ns
[   10.384586] NET: Registered protocol family 2
[   10.461534] TCP established hash table entries: 8192 (order: 4, 65536 bytes)
[   10.603881] TCP bind hash table entries: 8192 (order: 5, 131072 bytes)
[   10.732262] TCP: Hash tables configured (established 8192 bind 8192)
[   10.867663] UDP hash table entries: 512 (order: 2, 16384 bytes)
[   10.984352] UDP-Lite hash table entries: 512 (order: 2, 16384 bytes)
[   11.074107] NET: Registered protocol family 1
[   11.161065] pci 0000:00:00.0: Limiting direct PCI/PCI transfers
[   11.293228] pci 0000:00:01.0: Activating ISA DMA hang workarounds
[   11.421301] Unpacking initramfs...
[   12.977702] Freeing initrd memory: 10792K
[   13.039404] platform rtc_cmos: registered platform RTC device (no PNP device found)
[   13.240985] Scanning for low memory corruption every 60 seconds
[   13.356766] audit: initializing netlink subsys (disabled)
[   13.468146] audit: type=2000 audit(1509379387.966:1): initialized
[   13.605727] Initialise system trusted keyring
[   13.725347] HugeTLB registered 2 MB page size, pre-allocated 0 pages
[   13.856789] zbud: loaded
[   13.872725] VFS: Disk quotas dquot_6.6.0
[   13.907160] VFS: Dquot-cache hash table entries: 512 (order 0, 4096 bytes)
[   13.925416] squashfs: version 4.0 (2009/01/31) Phillip Lougher
[   13.935967] fuse init (API version 7.23)
[   13.942764] Key type big_key registered
[   13.997474] Allocating IMA MOK and blacklist keyrings.
[   14.08932]] tsc: Refined TSC clocksource calibration: 2304.000 MHz
[   14.274276] clocksource: tsc: mask: 0xffffffffffffffff max_cycles: 0x2135f7c97c8, max_idle_ns: 440795273205 ns
[   14.274575] Key type asymmetric registered
ÿ[   14.274581] Asymmetric key parser 'x509' registered
[   14.274632] Block layer SCSI generic (bsg) driver version 0.4 loaded (major 249)
[   14.274658] io scheduler noop registered
[   14.274660] io scheduler deadline registered (default)
[   14.274689] io scheduler cfq registered
[   14.274778] pci_hotplug: PCI Hot Plug PCI Core version: 0.5
[   14.274783] pciehp: PCI Express Hot Plug Controller Driver version: 0.4
[   14.274971] ACPI: AC Adapter [AC] (on-line)
[   14.275020] input: Power Button as /devices/LNXSYSTM:00/LNXPWRBN:00/input/input0
[   14.275022] ACPI: Power Button [PWRF]
[   14.275086] input: Sleep Button as /devices/LNXSYSTM:00/LNXSLPBN:00/input/input1
[   14.275087] ACPI: Sleep Button [SLPF]
[   14.275219] GHES: HEST is not enabled!
[   14.623712] Serial: 8250/16550 driver, 32 ports, IRQ sharing enabled
[   14.689974] 00:02: ttyS0 at I/O 0x3f8 (irq = 4, base_baud = 115200) is a 16550A
[   14.775416] Linux agpgart interface v0.103
[   14.779124] loop: module loaded
[   14.779504] scsi host0: ata_piix
[   14.779544] scsi host1: ata_piix
[   14.779566] ata1: PATA max UDMA/33 cmd 0x1f0 ctl 0x3f6 bmdma 0xd000 irq 14
[   14.779567] ata2: PATA max UDMA/33 cmd 0x170 ctl 0x376 bmdma 0xd008 irq 15
[   14.779619] libphy: Fixed MDIO Bus: probed
[   14.779621] tun: Universal TUN/TAP device driver, 1.6
[   14.779622] tun: (C) 1999-2004 Max Krasnyansky <maxk@qualcomm.com>
[   14.779866] PPP generic driver version 2.4.2
[   14.779908] ehci_hcd: USB 2.0 'Enhanced' Host Controller (EHCI) Driver
[   14.779911] ehci-pci: EHCI PCI platform driver
[   14.779923] ehci-platform: EHCI generic platform driver
[   14.779929] ohci_hcd: USB 1.1 'Open' Host Controller (OHCI) Driver
[   14.779933] ohci-pci: OHCI PCI platform driver
[   14.779939] ohci-platform: OHCI generic platform driver
[   14.779945] uhci_hcd: USB Universal Host Controller Interface driver
[   14.779985] i8042: PNP: PS/2 Controller [PNP0303:PS2K,PNP0f03:PS2M] at 0x60,0x64 irq 1,12
[   14.780380] serio: i8042 KBD port at 0x60,0x64 irq 1
[   14.780383] serio: i8042 AUX port at 0x60,0x64 irq 12
[   14.780453] mousedev: PS/2 mouse device common for all mice
[   14.780655] input: AT Translated Set 2 keyboard as /devices/platform/i8042/serio0/input/input2
[   14.780916] rtc_cmos rtc_cmos: rtc core: registered rtc_cmos as rtc0
[   14.780957] rtc_cmos rtc_cmos: alarms up to one day, 114 bytes nvram
[   14.780961] i2c /dev entries driver
[   14.780998] device-mapper: uevent: version 1.0.3
[   14.781036] device-mapper: ioctl: 4.34.0-ioctl (2015-10-28) initialised: dm-devel@redhat.com
[   14.781045] ledtrig-cpu: registered to indicate activity on CPUs
[   14.781275] NET: Registered protocol family 10
[   14.781394] NET: Registered protocol family 17
[   14.781401] Key type dns_resolver registered
[   14.781495] microcode: CPU0 sig=0x806e9, pf=0x8, revision=0x0
[   14.783874] microcode: CPU1 sig=0x806e9, pf=0x8, revision=0x0
[   14.783898] microcode: Microcode Update Driver: v2.01 <tigran@aivazian.fsnet.co.uk>, Peter Oruba
[   14.783991] registered taskstats version 1
[   14.784004] Loading compiled-in X.509 certificates
[   14.784475] Loaded X.509 cert 'Build time autogenerated kernel key: d1010f9627fd9242df4b03365d2931dfd1ad3d42'
[   14.784487] zswap: loaded using pool lzo/zbud
[   14.785727] Key type trusted registered
[   14.787242] Key type encrypted registered
[   14.787246] AppArmor: AppArmor sha1 policy hashing enabled
[   14.787248] ima: No TPM chip found, activating TPM-bypass!
[   14.787261] evm: HMAC attrs: 0x1
[   14.787497]   Magic number: 5:490:86
[   14.788215] rtc_cmos rtc_cmos: setting system clock to 2017-10-30 16:03:13 UTC (1509379393)
[   14.788266] BIOS EDD facility v0.16 2004-Jun-25, 0 devices found
[   14.788266] EDD information not available.
[   19.483194] Freeing unused kernel memory: 1492K
[   19.566061] Write protecting the kernel read-only data: 14336k
[   19.710072] Freeing unused kernel memory: 1748K
[   19.805961] Freeing unused kernel memory: 112K
Loading, please [   19.906077] random: systemd-udevd: uninitialized urandom read (16 bytes read, 5 bits of entropy available)
wait...
startin[   19.906536] random: udevadm: uninitialized urandom read (16 bytes read, 5 bits of entropy available)
g version 229
[   19.906562] random: udevadm: uninitialized urandom read (16 bytes read, 5 bits of entropy available)
[   19.906644] random: udevadm: uninitialized urandom read (16 bytes read, 5 bits of entropy available)
[   19.906673] random: udevadm: uninitialized urandom read (16 bytes read, 5 bits of entropy available)
[   19.906702] random: udevadm: uninitialized urandom read (16 bytes read, 5 bits of entropy available)
[   19.906730] random: udevadm: uninitialized urandom read (16 bytes read, 5 bits of entropy available)
[   19.906763] random: udevadm: uninitialized urandom read (16 bytes read, 5 bits of entropy available)
[   19.906790] random: udevadm: uninitialized urandom read (16 bytes read, 5 bits of entropy available)
[   19.906816] random: udevadm: uninitialized urandom read (16 bytes read, 5 bits of entropy available)
[   20.916374] e1000: Intel(R) PRO/1000 Network Driver - version 7.3.21-k8-NAPI
[   21.057239] e1000: Copyright (c) 1999-2006 Intel Corporation.
[   21.074250] Fusion MPT base driver 3.04.20
[   21.164978] Copyright (c) 1999-2008 LSI Corporation
[   21.200334] AVX version of gcm_enc/dec engaged.
[   21.206514] AES CTR mode by8 optimization enabled
[   21.210944] Fusion MPT SPI Host driver 3.04.20
[   21.275164] input: ImExPS/2 Generic Explorer Mouse as /devices/platform/i8042/serio1/input/input4
[   21.636919] e1000 0000:00:03.0 eth0: (PCI:33MHz:32-bit) 02:14:68:3e:84:47
[   21.864628] e1000 0000:00:03.0 eth0: Intel(R) PRO/1000 Network Connection
[   22.085295] mptbase: ioc0: Initiating bringup
[   22.301234] ioc0: LSI53C1030 A0: Capabilities={Initiator}
[   22.510793] scsi host2: ioc0: LSI53C1030 A0, FwRev=00000000h, Ports=1, MaxQ=256, IRQ=20
[   22.657606] scsi 2:0:0:0: Direct-Access     VBOX     HARDDISK         1.0  PQ: 0 ANSI: 5
[   22.688559] scsi target2:0:0: Beginning Domain Validation
[   22.705123] scsi target2:0:0: Domain Validation skipping write tests
[   22.716893] scsi target2:0:0: Ending Domain Validation
[   22.717931] scsi target2:0:0: asynchronous
[   22.722400] scsi 2:0:1:0: Direct-Access     VBOX     HARDDISK         1.0  PQ: 0 ANSI: 5
[   22.742014] scsi target2:0:1: Beginning Domain Validation
[   22.744099] scsi target2:0:1: Domain Validation skipping write tests
[   22.745021] scsi target2:0:1: Ending Domain Validation
[   22.745884] scsi target2:0:1: asynchronous
[   22.761797] sd 2:0:0:0: Attached scsi generic sg0 type 0
[   22.771358] sd 2:0:0:0: [sda] 20971520 512-byte logical blocks: (10.7 GB/10.0 GiB)
[   22.788110] sd 2:0:1:0: [sdb] 20480 512-byte logical blocks: (10.5 MB/10.0 MiB)
[   22.821506] sd 2:0:1:0: Attached scsi generic sg1 type 0
[   22.822538] sd 2:0:0:0: [sda] Write Protect is off
[   22.823310] sd 2:0:1:0: [sdb] Write Protect is off
[   22.824203] sd 2:0:0:0: [sda] Incomplete mode parameter data
[   22.838005] sd 2:0:0:0: [sda] Assuming drive cache: write through
[   22.839212] sd 2:0:1:0: [sdb] Incomplete mode parameter data
[   22.878380] sd 2:0:1:0: [sdb] Assuming drive cache: write through
[   22.884535]  sda: sda1
[   22.900070] sd 2:0:1:0: [sdb] Attached SCSI disk
[   22.944620] sd 2:0:0:0: [sda] Attached SCSI disk
[   23.012725] e1000 0000:00:08.0 eth1: (PCI:33MHz:32-bit) 08:00:27:a5:bc:f2
[   23.101017] e1000 0000:00:08.0 eth1: Intel(R) PRO/1000 Network Connection
[   23.204860] e1000 0000:00:08.0 enp0s8: renamed from eth1
[   23.281755] e1000 0000:00:03.0 enp0s3: renamed from eth0
[   24.073793] floppy0: no floppy controllers found
Begin: Loading e[   25.436206] md: linear personality registered for level -1
ssential drivers[   25.497653] md: multipath personality registered for level -4
 ... [   25.569500] md: raid0 personality registered for level 0
[   25.646869] md: raid1 personality registered for level 1
[   25.769173] raid6: sse2x1   gen() 10304 MB/s
[   25.901126] raid6: sse2x1   xor()  5233 MB/s
[   26.005198] raid6: sse2x2   gen() 12337 MB/s
[   26.089142] raid6: sse2x2   xor()  7958 MB/s
[   26.197301] raid6: sse2x4   gen() 13903 MB/s
[   26.317526] raid6: sse2x4   xor()  9882 MB/s
[   26.437465] raid6: using algorithm sse2x4 gen() 13903 MB/s
[   26.574620] raid6: .... xor() 9882 MB/s, rmw enabled
[   26.702451] raid6: using ssse3x2 recovery algorithm
[   26.854750] xor: automatically using best checksumming function:
[   26.941414]    avx       : 24321.000 MB/sec
[   26.992382] async_tx: api initialized (async)
[   27.013806] md: raid6 personality registered for level 6
[   27.034880] md: raid5 personality registered for level 5
[   27.060060] md: raid4 personality registered for level 4
[   27.114863] md: raid10 personality registered for level 10
done.
Begin: Running /scripts/init-premount ... done.
Begin: Mounting root file system ... Begin: Run[   27.191529] Btrfs loaded
ning /scripts/local-top ... done.
Begin: Running /scripts/local-premount ... Scanning for Btrfs filesystems
done.
Warning: fsck not present, so skipping root file system
[   27.358621] EXT4-fs (sda1): mounted filesystem with ordered data mode. Opts: (null)
done.
Begin: Running /scripts/local-bottom ... done.
Begin: Running /scripts/init-bottom ... done.
[   27.945864] random: nonblocking pool is initialized
[   28.050142] systemd[1]: systemd 229 running in system mode. (+PAM +AUDIT +SELINUX +IMA +APPARMOR +SMACK +SYSVINIT +UTMP +LIBCRYPTSETUP +GCRYPT +GNUTLS +ACL +XZ -LZ4 +SECCOMP +BLKID +ELFUTILS +KMOD -IDN)
[   28.097817] systemd[1]: Detected virtualization oracle.
[   28.214825] systemd[1]: Detected architecture x86-64.

Welcome to [1mUbuntu 16.04.3 LTS[0m!

[   28.456682] systemd[1]: Set hostname to <ubuntu-xenial>.
[   29.569284] systemd[1]: Listening on Journal Socket.
[[0;32m  OK  [0m] Listening on Journal Socket.
[   29.749823] systemd[1]: Listening on Device-mapper event daemon FIFOs.
[[0;32m  OK  [0m] Listening on Device-mapper event daemon FIFOs.
[   29.909590] systemd[1]: Created slice System Slice.
[[0;32m  OK  [0m] Created slice System Slice.
[   30.065450] systemd[1]: Starting Set console keymap...
         Starting Set console keymap...
[   30.197481] systemd[1]: Starting Remount Root and Kernel File Systems...
         Starting Remount Root and Kernel File Systems...
[   30.226156] systemd[1]: Mounting POSIX Message Queue File System...
[   30.230472] EXT4-fs (sda1): re-mounted. Opts: (null)
         Mounting POSIX Message Queue File System...
[   30.337434] systemd[1]: Starting Load Kernel Modules...
         Starting Load Kernel Mo[   30.429109] Loading iSCSI transport class v2.0-870.
dules...
[   30.505563] systemd[1]: Starting Uncomplicated firewall...
         Startin[   30.517807] iscsi: registered transport (tcp)
g Uncomplicated firewall...
[   30.600356] iscsi: registered transport (iser)
[   30.688363] systemd[1]: Listening on udev Control Socket.
[[0;32m  OK  [0m] Listening on udev Control Socket.
[   30.829502] systemd[1]: Mounting Huge Pages File System...
         Mounting Huge Pages File System...
[   31.046039] systemd[1]: Set up automount Arbitrary Executable File Formats File System Automount Point.
[[0;32m  OK  [0m] Set up automount Arbitrary Executab...ats File System Automount Point.
[   31.303278] systemd[1]: Listening on LVM2 metadata daemon socket.
[[0;32m  OK  [0m] Listening on LVM2 metadata daemon socket.
[   31.321427] systemd[1]: Reached target Swap.
[[0;32m  OK  [0m] Reached target Swap.
[   31.337713] systemd[1]: Created slice User and Session Slice.
[[0;32m  OK  [0m] Created slice User and Session Slice.
[   31.397658] systemd[1]: Reached target Slices.
[[0;32m  OK  [0m] Reached target Slices.
[   31.585450] systemd[1]: Starting Nameserver information manager...
         Starting Nameserver information manager...
[   31.693868] systemd[1]: Started Trigger resolvconf update for networkd DNS.
[[0;32m  OK  [0m] Started Trigger resolvconf update for networkd DNS.
[   31.945988] systemd[1]: Listening on Journal Audit Socket.
[[0;32m  OK  [0m] Listening on Journal Audit Socket.
[   32.029641] systemd[1]: Listening on /dev/initctl Compatibility Named Pipe.
[[0;32m  OK  [0m] Listening on /dev/initctl Compatibility Named Pipe.
[   32.313940] systemd[1]: Reached target Encrypted Volumes.
[[0;32m  OK  [0m] Reached target Encrypted Volumes.
[   32.380027] systemd[1]: Created slice system-serial\x2dgetty.slice.
[[0;32m  OK  [0m] Created slice system-serial\x2dgetty.slice.
[   32.398590] systemd[1]: Starting Monitoring of LVM2 mirrors, snapshots etc. using dmeventd or progress polling...
         Starting Monitoring of LVM2 mirrors... dmeventd or progress polling...
[   32.507004] systemd[1]: Listening on Journal Socket (/dev/log).
[[0;32m  OK  [0m] Listening on Journal Socket (/dev/log).
[   32.585439] systemd[1]: Mounting Debug File System...
         Mounting Debug File System...
[   32.697496] systemd[1]: Started Forward Password Requests to Wall Directory Watch.
[[0;32m  OK  [0m] Started Forward Password Requests to Wall Directory Watch.
[   32.922104] systemd[1]: Listening on LVM2 poll daemon socket.
[[0;32m  OK  [0m] Listening on LVM2 poll daemon socket.
[   33.021556] systemd[1]: Listening on udev Kernel Socket.
[[0;32m  OK  [0m] Listening on udev Kernel Socket.
[   33.177300] systemd[1]: Starting Create list of required static device nodes for the current kernel...
         Starting Create list of required st... nodes for the current kernel...
[   33.508467] systemd[1]: Reached target User and Group Name Lookups.
[[0;32m  OK  [0m] Reached target User and Group Name Lookups.
[   33.533686] systemd[1]: Listening on Syslog Socket.
[[0;32m  OK  [0m] Listening on Syslog Socket.
[   33.597774] systemd[1]: Starting Journal Service...
         Starting Journal Service...
[   33.670268] systemd[1]: Mounted Debug File System.
[[0;32m  OK  [0m] Mounted Debug File System.
[   33.699010] systemd[1]: Mounted Huge Pages File System.
[[0;32m  OK  [0m] Mounted Huge Pages File System.
[   33.869630] systemd[1]: Mounted POSIX Message Queue File System.
[[0;32m  OK  [0m] Mounted POSIX Message Queue File System.
[   34.034025] systemd[1]: Started Journal Service.
[[0;32m  OK  [0m] Started Journal Service.
[[0;32m  OK  [0m] Started Set console keymap.
[[0;32m  OK  [0m] Started Remount Root and Kernel File Systems.
[[0;32m  OK  [0m] Started Load Kernel Modules.
[[0;32m  OK  [0m] Started Uncomplicated firewall.
[[0;32m  OK  [0m] Started Create list of required sta...ce nodes for the current kernel.
[[0;32m  OK  [0m] Started LVM2 metadata daemon.
         Starting Create Static Device Nodes in /dev...
         Starting Apply Kernel Variables...
         Mounting FUSE Control File System...
         Starting Initial cloud-init job (pre-networking)...
         Starting Load/Save Random Seed...
         Starting udev Coldplug all Devices...
         Starting Flush Journal to Persistent Storage...
[[0;32m  OK  [0m] Mounted FUSE Control File System.
[[0;32m  OK  [0m] Started Nameserver information manager.
[[0;32m  OK  [0m] Started Apply Kernel Variables.
[[0;32m  OK  [0m] Started Load/Save Random Seed.
[[0;32m  OK  [0m] Started udev Coldplug all Devices.
[[0;32m  OK  [0m] Started Create Static Device Nodes in /dev.
         Starting udev Kernel Device Manager...
[[0;32m  OK  [0m] Started Flush Journal to Persistent Storage.
[[0;32m  OK  [0m] Started Monitoring of LVM2 mirrors,...ng dmeventd or progress polling.
[[0;32m  OK  [0m] Started udev Kernel Device Manager.
[[0;32m  OK  [0m] Reached target Local File Systems (Pre).
[[0;32m  OK  [0m] Reached target Local File Systems.
         Starting Create Volatile Files and Directories...
         Starting LSB: AppArmor initialization...
         Starting Set console font and keymap...
         Starting Tell Plymouth To Write Out Runtime Data...
[[0;32m  OK  [0m] Started Dispatch Password Requests to Console Directory Watch.
[[0;32m  OK  [0m] Found device /dev/ttyS0.
[[0;32m  OK  [0m] Started Tell Plymouth To Write Out Runtime Data.
[[0;32m  OK  [0m] Started Create Volatile Files and Directories.
         Starting Update UTMP about System Boot/Shutdown...
[[0;32m  OK  [0m] Reached target System Time Synchronized.
[[0;32m  OK  [0m] Started Update UTMP about System Boot/Shutdown.
[[0;32m  OK  [0m] Found device 82540EM Gigabit Ethern...r (PRO/1000 MT Desktop Adapter).
[[0;32m  OK  [0m] Found device 82540EM Gigabit Ethern...r (PRO/1000 MT Desktop Adapter).
[[0;32m  OK  [0m] Started Set console font and keymap.
[[0;32m  OK  [0m] Created slice system-getty.slice.
[[0;32m  OK  [0m] Listening on Load/Save RF Kill Switch Status /dev/rfkill Watch.
[[0;32m  OK  [0m] Started LSB: AppArmor initialization.
[   31.407590] cloud-init[431]: Cloud-init v. 0.7.9 running 'init-local' at Mon, 30 Oct 2017 16:03:39 +0000. Up 30.90 seconds.
[[0;32m  OK  [0m] Started Initial cloud-init job (pre-networking).
[[0;32m  OK  [0m] Reached target Network (Pre).
[[0;32m  OK  [0m] Started ifup for enp0s3.
[[0;32m  OK  [0m] Started ifup for enp0s8.
         Starting Raise network interfaces...
[[0;32m  OK  [0m] Started Raise network interfaces.
         Starting Initial cloud-init job (metadata service crawler)...
[[0;32m  OK  [0m] Reached target Network.
[   32.939768] cloud-init[1049]: Cloud-init v. 0.7.9 running 'init' at Mon, 30 Oct 2017 16:03:40 +0000. Up 32.14 seconds.
[[0;32m  OK  [0m] Started Initial cloud-init job (metadata service crawler).
[[0;32m  OK  [0m] Reached target Cloud-config availability.
[   33.038643] cloud-init[1049]: ci-info: ++++++++++++++++++++++++++++++++++++++Net device info++++++++++++++++++++++++++++++++++++++
[   33.152388] cloud-init[1049]: ci-info: +--------+------+-----------------------------+---------------+-------+-------------------+
[[0;32m  OK  [0m] Reached target Network is Online.
[   33.176052] cloud-init[1049]: ci-info: | Device |  Up  |           Address           |      Mask     | Scope |     Hw-Address    |
[   33.276675] cloud-init[1049]: ci-info: +--------+------+-----------------------------+---------------+-------+-------------------+
[   33.324393] cloud-init[1049]: ci-info: | enp0s3 | True |          10.0.2.15          | 255.255.255.0 |   .   | 02:14:68:3e:84:47 |
         Starting iSCSI initiator daemon (iscsid)...
[[0;32m  OK  [0m] Reached target System Initialization.
[   33.380086] cloud-init[1049]: ci-info: | enp0s3 | True |  fe80::14:68ff:fe3e:8447/64 |       .       |  link | 02:14:68:3e:84:47 |
[   33.454235] cloud-init[1049]: ci-info: | enp0s8 | True |        192.168.33.60        | 255.255.255.0 |   .   | 08:00:27:a5:bc:f2 |
[[0;32m  OK  [0m] Listening on D-Bus System Message Bus Socket.
[[0;32m  OK  [0m] Listening on UUID daemon activation socket.
[   33.535711] cloud-init[1049]: ci-info: | enp0s8 | True | fe80::a00:27ff:fea5:bcf2/64 |       .       |  link | 08:00:27:a5:bc:f2 |
[   33.674204] cloud-init[1049]: ci-info: |   lo   | True |          127.0.0.1          |   255.0.0.0   |   .   |         .         |
[[0;32m  OK  [0m] Started Daily Cleanup of Temporary Directories.
[   33.732221] cloud-init[1049]: ci-info: |   lo   | True |           ::1/128           |       .       |  host |         .         |
[   33.800493] cloud-init[1049]: ci-info: +--------+------+-----------------------------+---------------+-------+-------------------+
[   33.872391] cloud-init[1049]: ci-info: ++++++++++++++++++++++++++++Route IPv4 info++++++++++++++++++++++++++++
[   33.924487] cloud-init[1049]: ci-info: +-------+--------------+----------+---------------+-----------+-------+
[   33.961805] cloud-init[1049]: ci-info: | Route | Destination  | Gateway  |    Genmask    | Interface | Flags |
[   33.989445] cloud-init[1049]: ci-info: +-------+--------------+----------+---------------+-----------+-------+
[   34.000234] cloud-init[1049]: ci-info: |   0   |   0.0.0.0    | 10.0.2.2 |    0.0.0.0    |   enp0s3  |   UG  |
[   34.000503] cloud-init[1049]: ci-info: |   1   |   10.0.2.0   | 0.0.0.0  | 255.255.255.0 |   enp0s3  |   U   |
[[0;32m  OK  [0m] Started Daily apt download activities.
[   34.000678] cloud-init[1049]: ci-info: |   2   | 192.168.33.0 | 0.0.0.0  | 255.255.255.0 |   enp0s8  |   U   |
[   34.069629] cloud-init[1049]: ci-info: +-------+--------------+----------+---------------+-----------+-------+
[[0;32m  OK  [0m] Started Daily apt upgrade and clean activities.
         Starting LXD - unix socket.
[[0;32m  OK  [0m] Listening on ACPID Listen Socket.
         Starting Socket activation for snappy daemon.
[[0;32m  OK  [0m] Started ACPI Events Check.
[[0;32m  OK  [0m] Reached target Paths.
[[0;32m  OK  [0m] Started Timer to automatically refresh installed snaps.
[[0;32m  OK  [0m] Started Timer to automatically fetch and run repair assertions.
[[0;32m  OK  [0m] Reached target Timers.
[[0;32m  OK  [0m] Listening on LXD - unix socket.
[[0;32m  OK  [0m] Listening on Socket activation for snappy daemon.
[[0;32m  OK  [0m] Started iSCSI initiator daemon (iscsid).
         Starting Login to default iSCSI targets...
[[0;32m  OK  [0m] Reached target Sockets.
[[0;32m  OK  [0m] Reached target Basic System.
[[0;32m  OK  [0m] Started FUSE filesystem for LXC.
[[0;32m  OK  [0m] Started Regular background program processing daemon.
[[0;32m  OK  [0m] Started Unattended Upgrades Shutdown.
[[0;32m  OK  [0m] Started D-Bus System Message Bus.
         Starting Apply the settings specified in cloud-config...
         Starting /etc/rc.local Compatibility...
[[0;32m  OK  [0m] Started ACPI event daemon.
         Starting LSB: Record successful boot for GRUB...
         Starting Accounts Service...
[[0;32m  OK  [0m] Started Deferred execution scheduler.
         Starting OpenBSD Secure Shell server...
         Starting Snappy daemon...
         Starting Login Service...
         Starting LSB: MD monitoring daemon...
         Starting System Logging Service...
         Starting LXD - container startup/shutdown...
[[0;32m  OK  [0m] Started /etc/rc.local Compatibility.
[[0;32m  OK  [0m] Started Login Service.
[[0;32m  OK  [0m] Started Login to default iSCSI targets.
[[0;32m  OK  [0m] Started LSB: Record successful boot for GRUB.
[[0;32m  OK  [0m] Reached target Remote File Systems (Pre).
[[0;32m  OK  [0m] Reached target Remote File Systems.
         Starting LSB: daemon to balance interrupts for SMP systems...
         Starting LSB: Apache2 web server...
         Starting LSB: VirtualBox Linux Additions...
         Starting LSB: Set the CPU Frequency Scaling governor to "ondemand"...
         Starting LSB: automatic crash report generation...
         Starting Permit User Sessions...
[[0;32m  OK  [0m] Started LSB: MD monitoring daemon.
[[0;32m  OK  [0m] Started LSB: Set the CPU Frequency Scaling governor to "ondemand".
[[0;32m  OK  [0m] Started Permit User Sessions.
         Starting Hold until boot process finishes up...
         Starting Terminate Plymouth Boot Screen...
[[0;32m  OK  [0m] Started Hold until boot process finishes up.
[[0;32m  OK  [0m] Started Terminate Plymouth Boot Screen.
[   36.466033] cloud-init[1118]: Cloud-init v. 0.7.9 running 'modules:config' at Mon, 30 Oct 2017 16:03:43 +0000. Up 35.17 seconds.
[[0;32m  OK  [0m] Started Getty on tty1.
         Starting Set console scheme...
[[0;32m  OK  [0m] Started Serial Getty on ttyS0.
[[0;32m  OK  [0m] Reached target Login Prompts.
[[0;32m  OK  [0m] Started Apply the settings specified in cloud-config.
[[0;32m  OK  [0m] Started LSB: daemon to balance interrupts for SMP systems.
[[0;32m  OK  [0m] Started Set console scheme.
[[0;32m  OK  [0m] Started LSB: automatic crash report generation.
[[0;32m  OK  [0m] Started System Logging Service.
[[0;32m  OK  [0m] Started OpenBSD Secure Shell server.
         Starting Authenticate and Authorize Users to Run Privileged Tasks...
[[0;32m  OK  [0m] Started LSB: VirtualBox Linux Additions.
[[0;32m  OK  [0m] Started Authenticate and Authorize Users to Run Privileged Tasks.
[[0;32m  OK  [0m] Started Accounts Service.
[[0;32m  OK  [0m] Created slice User Slice of ubuntu.
         Starting User Manager for UID 1000...
[[0;32m  OK  [0m] Started Session 1 of user ubuntu.
[[0;32m  OK  [0m] Started User Manager for UID 1000.
[[0;32m  OK  [0m] Started Snappy daemon.
         Starting Auto import assertions from block devices...
[[0;32m  OK  [0m] Started Auto import assertions from block devices.
[[0;32m  OK  [0m] Started LXD - container startup/shutdown.
[   42.155732] cloud-init[1443]: Cloud-init v. 0.7.9 running 'modules:final' at Mon, 30 Oct 2017 16:03:50 +0000. Up 41.94 seconds.
[   42.156066] cloud-init[1443]: Cloud-init v. 0.7.9 finished at Mon, 30 Oct 2017 16:03:50 +0000. Datasource DataSourceNoCloud [seed=/dev/sdb][dsmode=net].  Up 42.14 seconds

Ubuntu 16.04.3 LTS ubuntu-xenial ttyS0

ubuntu-xenial login: 