_cycles: 0x1cd42e4dffb, max_idle_ns: 881590591483 ns
[    0.000000] Zone ranges:
[    0.000000]   DMA      [mem 0x0000000000001000-0x0000000000ffffff]
[    0.000000]   DMA32    [mem 0x0000000001000000-0x000000003ffeffff]
[    0.000000]   Normal   empty
[    0.000000]   Device   empty
[    0.000000] Movable zone start for each node
[    0.000000] Early memory node ranges
[    0.000000]   node   0: [mem 0x0000000000001000-0x000000000009efff]
[    0.000000]   node   0: [mem 0x0000000000100000-0x000000003ffeffff]
[    0.000000] Initmem setup node 0 [mem 0x0000000000001000-0x000000003ffeffff]
[    0.000000] ACPI: PM-Timer IO Port: 0x4008
[    0.000000] IOAPIC[0]: apic_id 2, version 32, address 0xfec00000, GSI 0-23
[    0.000000] ACPI: INT_SRC_OVR (bus 0 bus_irq 0 global_irq 2 dfl dfl)
[    0.000000] ACPI: INT_SRC_OVR (bus 0 bus_irq 9 global_irq 9 high level)
[    0.000000] Using ACPI (MADT) for SMP configuration information
[    0.000000] smpboot: Allowing 2 CPUs, 0 hotplug CPUs
[    0.000000] PM: Registered nosave memory: [mem 0x00000000-0x00000fff]
[    0.000000] PM: Registered nosave memory: [mem 0x0009f000-0x0009ffff]
[    0.000000] PM: Registered nosave memory: [mem 0x000a0000-0x000effff]
[    0.000000] PM: Registered nosave memory: [mem 0x000f0000-0x000fffff]
[    0.000000] e820: [mem 0x40000000-0xfebfffff] available for PCI devices
[    0.000000] Booting paravirtualized kernel on KVM
[    0.000000] clocksource: refined-jiffies: mask: 0xffffffff max_cycles: 0xffffffff, max_idle_ns: 7645519600211568 ns
[    0.000000] setup_percpu: NR_CPUS:512 nr_cpumask_bits:512 nr_cpu_ids:2 nr_node_ids:1
[    0.000000] PERCPU: Embedded 34 pages/cpu @ffff88003fc00000 s98328 r8192 d32744 u1048576
[    0.000000] PV qspinlock hash table entries: 256 (order: 0, 4096 bytes)
[    0.000000] Built 1 zonelists in Node order, mobility grouping on.  Total pages: 257913
[    0.000000] Policy zone: DMA32
[    0.000000] Kernel command line: BOOT_IMAGE=/boot/vmlinuz-4.4.0-97-generic root=LABEL=cloudimg-rootfs ro console=tty1 console=ttyS0
[    0.000000] PID hash table entries: 4096 (order: 3, 32768 bytes)
[    0.000000] Memory: 1001772K/1048120K available (8480K kernel code, 1294K rwdata, 3984K rodata, 1492K init, 1316K bss, 46348K reserved, 0K cma-reserved)
[    0.000000] SLUB: HWalign=64, Order=0-3, MinObjects=0, CPUs=2, Nodes=1
[    0.000000] Hierarchical RCU implementation.
[    0.000000] 	Build-time adjustment of leaf fanout to 64.
[    0.000000] 	RCU restricting CPUs from NR_CPUS=512 to nr_cpu_ids=2.
[    0.000000] RCU: Adjusting geometry for rcu_fanout_leaf=64, nr_cpu_ids=2
[    0.000000] NR_IRQS:33024 nr_irqs:440 16
[    0.000000] Console: colour VGA+ 80x25
[    0.000000] console [tty1] enabled
[    0.000000] console [ttyS0] enabled
[    0.000000] tsc: Detected 2304.000 MHz processor
[    5.846994] Calibrating delay loop (skipped) preset value.. 4608.00 BogoMIPS (lpj=9216000)
[    5.880700] pid_max: default: 32768 minimum: 301
[    5.886956] ACPI: Core revision 20150930
[    5.906965] ACPI: 2 ACPI AML tables successfully acquired and loaded
[    5.990558] Security Framework initialized
[    6.005254] Yama: becoming mindful.
[    6.022315] AppArmor: AppArmor initialized
[    6.078590] Dentry cache hash table entries: 131072 (order: 8, 1048576 bytes)
[    6.131348] Inode-cache hash table entries: 65536 (order: 7, 524288 bytes)
[    6.141678] Mount-cache hash table entries: 2048 (order: 2, 16384 bytes)
[    6.220681] Mountpoint-cache hash table entries: 2048 (order: 2, 16384 bytes)
[    6.270297] Initializing cgroup subsys io
[    6.301192] Initializing cgroup subsys memory
[    6.374265] Initializing cgroup subsys devices
[    6.433084] Initializing cgroup subsys freezer
[    6.487315] Initializing cgroup subsys net_cls
[    6.549219] Initializing cgroup subsys perf_event
[    6.613938] Initializing cgroup subsys net_prio
[    6.668714] Initializing cgroup subsys hugetlb
[    6.718633] Initializing cgroup subsys pids
[    6.769111] CPU: Physical Processor ID: 0
[    6.769858] CPU: Processor Core ID: 0
[    6.794099] mce: CPU supports 0 MCE banks
[    6.854628] Last level iTLB entries: 4KB 64, 2MB 8, 4MB 8
[    6.932760] Last level dTLB entries: 4KB 64, 2MB 0, 4MB 0, 1GB 4
[    7.017845] Freeing SMP alternatives memory: 32K
[    7.084520] ftrace: allocating 32148 entries in 126 pages
[    7.187773] smpboot: APIC(0) Converting physical 0 to logical package 0
[    7.274412] smpboot: Max logical packages: 1
[    7.309080] x2apic enabled
[    7.309833] Switched APIC routing to physical x2apic.
[    7.311642] ..TIMER: vector=0x30 apic1=0 pin1=2 apic2=-1 pin2=-1
[    7.484320] smpboot: CPU0: Intel(R) Core(TM) i5-7360U CPU @ 2.30GHz (family: 0x6, model: 0x8e, stepping: 0x9)
[    7.578524] Performance Events: unsupported p6 CPU model 142 no PMU driver, software events only.
[    7.701395] KVM setup paravirtual spinlock
[    7.754931] x86: Booting SMP configuration:
[    7.812610] .... node  #0, CPUs:      #1
[    7.867340] kvm-clock: cpu 1, msr 0:3ffe3041, secondary cpu clock
[    7.869742] mce: CPU supports 0 MCE banks
[    7.872261] x86: Booted up 1 node, 2 CPUs
[    7.912998] smpboot: Total of 2 processors activated (9216.00 BogoMIPS)
[    7.985616] devtmpfs: initialized
[    8.018562] evm: security.selinux
[    8.054232] evm: security.SMACK64
[    8.089408] evm: security.SMACK64EXEC
[    8.121160] evm: security.SMACK64TRANSMUTE
[    8.161062] evm: security.SMACK64MMAP
[    8.206219] evm: security.ima
[    8.247657] evm: security.capability
[    8.285441] clocksource: jiffies: mask: 0xffffffff max_cycles: 0xffffffff, max_idle_ns: 7645041785100000 ns
[    8.287115] futex hash table entries: 512 (order: 3, 32768 bytes)
[    8.350408] pinctrl core: initialized pinctrl subsystem
[    8.396638] RTC time:  7:08:01, date: 10/24/17
[    8.438419] NET: Registered protocol family 16
[    8.485418] cpuidle: using governor ladder
[    8.537025] cpuidle: using governor menu
[    8.575911] PCCT header not found.
[    8.613149] ACPI: bus type PCI registered
[    8.649366] acpiphp: ACPI Hot Plug PCI Controller Driver version: 0.5
[    8.650514] PCI: Using configuration type 1 for base access
[    8.662471] ACPI: Added _OSI(Module Device)
[    8.705602] ACPI: Added _OSI(Processor Device)
[    8.766466] ACPI: Added _OSI(3.0 _SCP Extensions)
[    8.826446] ACPI: Added _OSI(Processor Aggregator Device)
[    8.874117] ACPI: Executed 1 blocks of module-level executable AML code
[    8.942488] ACPI: Interpreter enabled
[    8.983762] ACPI: (supports S0 S5)
[    9.014463] ACPI: Using IOAPIC for interrupt routing
[    9.058614] PCI: Using host bridge windows from ACPI; if necessary, use "pci=nocrs" and report a bug
[    9.168196] ACPI: PCI Root Bridge [PCI0] (domain 0000 [bus 00-ff])
[    9.229691] acpi PNP0A03:00: _OSC: OS supports [ASPM ClockPM Segments MSI]
[    9.230817] acpi PNP0A03:00: _OSC: not requesting OS control; OS requires [ExtendedConfig ASPM ClockPM MSI]
[    9.232457] acpi PNP0A03:00: fail to add MMCONFIG information, can't access extended PCI configuration space under this bridge.
[    9.339949] PCI host bridge to bus 0000:00
[    9.394690] pci_bus 0000:00: root bus resource [io  0x0000-0x0cf7 window]
[    9.462561] pci_bus 0000:00: root bus resource [io  0x0d00-0xffff window]
[    9.505213] pci_bus 0000:00: root bus resource [mem 0x000a0000-0x000bffff window]
[    9.576236] pci_bus 0000:00: root bus resource [mem 0x40000000-0xffdfffff window]
[    9.646712] pci_bus 0000:00: root bus resource [bus 00-ff]
[    9.704960] pci 0000:00:01.1: legacy IDE quirk: reg 0x10: [io  0x01f0-0x01f7]
[    9.770725] pci 0000:00:01.1: legacy IDE quirk: reg 0x14: [io  0x03f6]
[    9.849473] pci 0000:00:01.1: legacy IDE quirk: reg 0x18: [io  0x0170-0x0177]
[    9.909119] pci 0000:00:01.1: legacy IDE quirk: reg 0x1c: [io  0x0376]
[    9.977739] pci 0000:00:07.0: quirk: [io  0x4000-0x403f] claimed by PIIX4 ACPI
[   10.053834] pci 0000:00:07.0: quirk: [io  0x4100-0x410f] claimed by PIIX4 SMB
[   10.083702] ACPI: PCI Interrupt Link [LNKA] (IRQs 5 9 10 *11)
[   10.166135] ACPI: PCI Interrupt Link [LNKB] (IRQs 5 9 10 *11)
[   10.247703] ACPI: PCI Interrupt Link [LNKC] (IRQs 5 9 *10 11)
[   10.296653] ACPI: PCI Interrupt Link [LNKD] (IRQs 5 *9 10 11)
[   10.380148] ACPI: Enabled 2 GPEs in block 00 to 07
[   10.429812] vgaarb: setting as boot device: PCI:0000:00:02.0
[   10.489693] vgaarb: device added: PCI:0000:00:02.0,decodes=io+mem,owns=io+mem,locks=none
[   10.575766] vgaarb: loaded
[   10.599330] vgaarb: bridge control possible 0000:00:02.0
[   10.635348] SCSI subsystem initialized
[   10.641704] ACPI: bus type USB registered
[   10.692036] usbcore: registered new interface driver usbfs
[   10.755035] usbcore: registered new interface driver hub
[   10.816595] usbcore: registered new device driver usb
[   10.859387] PCI: Using ACPI for IRQ routing
[   10.904420] NetLabel: Initializing
[   10.944896] NetLabel:  domain hash size = 128
[   10.985554] NetLabel:  protocols = UNLABELED CIPSOv4
[   11.033449] NetLabel:  unlabeled traffic allowed by default
[   11.089690] amd_nb: Cannot enumerate AMD northbridges
[   11.136533] clocksource: Switched to clocksource kvm-clock
[   11.187999] AppArmor: AppArmor Filesystem Enabled
[   11.287979] pnp: PnP ACPI init
[   11.354197] pnp: PnP ACPI: found 3 devices
[   11.430965] clocksource: acpi_pm: mask: 0xffffff max_cycles: 0xffffff, max_idle_ns: 2085701024 ns
[   11.619251] NET: Registered protocol family 2
[   11.712430] TCP established hash table entries: 8192 (order: 4, 65536 bytes)
[   11.861294] TCP bind hash table entries: 8192 (order: 5, 131072 bytes)
[   12.005703] TCP: Hash tables configured (established 8192 bind 8192)
[   12.055231] UDP hash table entries: 512 (order: 2, 16384 bytes)
[   12.056228] UDP-Lite hash table entries: 512 (order: 2, 16384 bytes)
[   12.154062] NET: Registered protocol family 1
[   12.257086] pci 0000:00:00.0: Limiting direct PCI/PCI transfers
[   12.397149] pci 0000:00:01.0: Activating ISA DMA hang workarounds
[   12.527004] Unpacking initramfs...
[   14.100710] Freeing initrd memory: 10792K
[   14.156219] platform rtc_cmos: registered platform RTC device (no PNP device found)
[   14.213012] Scanning for low memory corruption every 60 seconds
[   14.317705] audit: initializing netlink subsys (disabled)
[   14.456757] audit: type=2000 audit(1508828882.925:1): initialized
[   14.564924] Initialise system trusted keyring
[   14.590460] HugeTLB registered 2 MB page size, pre-allocated 0 pages
[   14.678422] zbud: loaded
[   14.740706] VFS: Disk quotas dquot_6.6.0
[   14.797131] VFS: Dquot-cache hash table entries: 512 (order 0, 4096 bytes)
[   14.893715] squashfs: version 4.0 (2009/01/31) Phillip Lougher
[   14.898210] fuse init (API version 7.23)
[   14.905211] Key type big_key registered
[   14.918524] Allocating IMA MOK and blacklist keyrings.
[   14.937480] Key type asymmetric registered
[   14.940783] Asymmetric key parser 'x509' registered
[   14.968750] Block layer SCSI generic (bsg) driver version 0.4 loaded (major 249)
[   15.117677] io scheduler noop registered
[   15.153761] tsc: Refined TSC clocksource calibration: 2305.421 MHz
[   15.153764] clocksource: tsc: mask: 0xffffffffffffffff max_cycles: 0x213b366be1a, max_idle_ns: 440795299001 ns
[   15.495956] io scheduler deadline registered (default)
[   15.567098] io scheduler cfq registered
[   15.633302] pci_hotplug: PCI Hot Plug PCI Core version: 0.5
[   15.649801] pciehp: PCI Express Hot Plug Controller Driver version: 0.4
[   15.669667] ACPI: AC Adapter [AC] (on-line)
[   15.689099] input: Power Button as /devices/LNXSYSTM:00/LNXPWRBN:00/input/input0
[   15.757426] ACPI: Power Button [PWRF]
[   15.758212] input: Sleep Button as /devices/LNXSYSTM:00/LNXSLPBN:00/input/input1
[   15.759591] ACPI: Sleep Button [SLPF]
[   15.770544] GHES: HEST is not enabled!
[   15.771353] Serial: 8250/16550 driver, 32 ports, IRQ sharing enabled
[   15.794094] 00:02: ttyS0 at I/O 0x3f8 (irq = 4, base_baud = 115200) is a 16550A
[   15.943030] Linux agpgart interface v0.103
[   15.988520] loop: module loaded
[   15.991232] scsi host0: ata_piix
[   16.006241] scsi host1: ata_piix
[   16.013903] ata1: PATA max UDMA/33 cmd 0x1f0 ctl 0x3f6 bmdma 0xd000 irq 14
[   16.041566] ata2: PATA max UDMA/33 cmd 0x170 ctl 0x376 bmdma 0xd008 irq 15
[   16.161354] libphy: Fixed MDIO Bus: probed
[   16.217670] tun: Universal TUN/TAP device driver, 1.6
[   16.218587] tun: (C) 1999-2004 Max Krasnyansky <maxk@qualcomm.com>
[   16.219694] PPP generic driver version 2.4.2
[   16.267033] ehci_hcd: USB 2.0 'Enhanced' Host Controller (EHCI) Driver
[   16.375557] ehci-pci: EHCI PCI platform driver
[   16.401189] ehci-platform: EHCI generic platform driver
[   16.458382] ohci_hcd: USB 1.1 'Open' Host Controller (OHCI) Driver
[   16.637191] ohci-pci: OHCI PCI platform driver
[   16.768199] ohci-platform: OHCI generic platform driver
[   16.890910] uhci_hcd: USB Universal Host Controller Interface driver
[   17.026017] i8042: PNP: PS/2 Controller [PNP0303:PS2K,PNP0f03:PS2M] at 0x60,0x64 irq 1,12
[   17.047856] serio: i8042 KBD port at 0x60,0x64 irq 1
[   17.086153] serio: i8042 AUX port at 0x60,0x64 irq 12
[   17.095554] mousedev: PS/2 mouse device common for all mice
[   17.106210] input: AT Translated Set 2 keyboard as /devices/platform/i8042/serio0/input/input2
[   17.126829] rtc_cmos rtc_cmos: rtc core: registered rtc_cmos as rtc0
[   17.183685] rtc_cmos rtc_cmos: alarms up to one day, 114 bytes nvram
[   17.298342] i2c /dev entries driver
[   17.384039] device-mapper: uevent: version 1.0.3
[   17.489005] device-mapper: ioctl: 4.34.0-ioctl (2015-10-28) initialised: dm-devel@redhat.com
[   17.587354] ledtrig-cpu: registered to indicate activity on CPUs
[   17.715629] NET: Registered protocol family 10
[   17.794003] NET: Registered protocol family 17
[   17.861842] Key type dns_resolver registered
[   17.906042] microcode: CPU0 sig=0x806e9, pf=0x8, revision=0x0
[   17.949439] microcode: CPU1 sig=0x806e9, pf=0x8, revision=0x0
[   17.995650] microcode: Microcode Update Driver: v2.01 <tigran@aivazian.fsnet.co.uk>, Peter Oruba
[   18.009926] registered taskstats version 1
[   18.021002] Loading compiled-in X.509 certificates
[   18.022337] Loaded X.509 cert 'Build time autogenerated kernel key: d1010f9627fd9242df4b03365d2931dfd1ad3d42'
[   18.024085] zswap: loaded using pool lzo/zbud
[   18.068632] Key type trusted registered
[   18.098552] Key type encrypted registered
[   18.111209] AppArmor: AppArmor sha1 policy hashing enabled
[   18.157981] ima: No TPM chip found, activating TPM-bypass!
[   18.159809] evm: HMAC attrs: 0x1
[   18.160784]   Magic number: 5:633:117
[   18.162228] rtc_cmos rtc_cmos: setting system clock to 2017-10-24 07:08:11 UTC (1508828891)
[   18.177004] BIOS EDD facility v0.16 2004-Jun-25, 0 devices found
[   18.181817] EDD information not available.
[   18.190614] Freeing unused kernel memory: 1492K
[   18.193871] Write protecting the kernel read-only data: 14336k
[   18.201491] Freeing unused kernel memory: 1748K
[   18.205662] Freeing unused kernel memory: 112K
Loading, please [   18.225568] random: systemd-udevd: uninitialized urandom read (16 bytes read, 7 bits of entropy available)
wait...
startin[   18.226004] random: udevadm: uninitialized urandom read (16 bytes read, 7 bits of entropy available)
g version 229
[   18.226031] random: udevadm: uninitialized urandom read (16 bytes read, 7 bits of entropy available)
[   18.226116] random: udevadm: uninitialized urandom read (16 bytes read, 7 bits of entropy available)
[   18.226144] random: udevadm: uninitialized urandom read (16 bytes read, 7 bits of entropy available)
[   18.226173] random: udevadm: uninitialized urandom read (16 bytes read, 7 bits of entropy available)
[   18.226202] random: udevadm: uninitialized urandom read (16 bytes read, 7 bits of entropy available)
[   18.226229] random: udevadm: uninitialized urandom read (16 bytes read, 7 bits of entropy available)
[   18.226254] random: udevadm: uninitialized urandom read (16 bytes read, 7 bits of entropy available)
[   18.226279] random: udevadm: uninitialized urandom read (16 bytes read, 7 bits of entropy available)
[   18.498671] Fusion MPT base driver 3.04.20
[   18.506020] Copyright (c) 1999-2008 LSI Corporation
[   18.508858] e1000: Intel(R) PRO/1000 Network Driver - version 7.3.21-k8-NAPI
[   18.513264] e1000: Copyright (c) 1999-2006 Intel Corporation.
[   18.522681] AVX version of gcm_enc/dec engaged.
[   18.524710] AES CTR mode by8 optimization enabled
[   18.528336] Fusion MPT SPI Host driver 3.04.20
[   18.725612] input: ImExPS/2 Generic Explorer Mouse as /devices/platform/i8042/serio1/input/input4
[   18.869685] e1000 0000:00:03.0 eth0: (PCI:33MHz:32-bit) 02:14:68:3e:84:47
[   18.878552] e1000 0000:00:03.0 eth0: Intel(R) PRO/1000 Network Connection
[   18.902969] mptbase: ioc0: Initiating bringup
[   18.973712] ioc0: LSI53C1030 A0: Capabilities={Initiator}
[   19.147420] scsi host2: ioc0: LSI53C1030 A0, FwRev=00000000h, Ports=1, MaxQ=256, IRQ=20
[   19.280982] scsi 2:0:0:0: Direct-Access     VBOX     HARDDISK         1.0  PQ: 0 ANSI: 5
[   19.323458] scsi target2:0:0: Beginning Domain Validation
[   19.369180] scsi target2:0:0: Domain Validation skipping write tests
[   19.382467] scsi target2:0:0: Ending Domain Validation
[   19.393154] scsi target2:0:0: asynchronous
[   19.406971] scsi 2:0:1:0: Direct-Access     VBOX     HARDDISK         1.0  PQ: 0 ANSI: 5
[   19.418915] scsi target2:0:1: Beginning Domain Validation
[   19.423100] scsi target2:0:1: Domain Validation skipping write tests
[   19.426258] scsi target2:0:1: Ending Domain Validation
[   19.427154] scsi target2:0:1: asynchronous
[   19.445368] sd 2:0:0:0: Attached scsi generic sg0 type 0
[   19.447466] sd 2:0:0:0: [sda] 20971520 512-byte logical blocks: (10.7 GB/10.0 GiB)
[   19.458600] sd 2:0:1:0: Attached scsi generic sg1 type 0
[   19.465324] sd 2:0:1:0: [sdb] 20480 512-byte logical blocks: (10.5 MB/10.0 MiB)
[   19.466849] sd 2:0:0:0: [sda] Write Protect is off
[   19.467912] sd 2:0:1:0: [sdb] Write Protect is off
[   19.474229] sd 2:0:0:0: [sda] Incomplete mode parameter data
[   19.476321] sd 2:0:0:0: [sda] Assuming drive cache: write through
[   19.477551] sd 2:0:1:0: [sdb] Incomplete mode parameter data
[   19.479780] sd 2:0:1:0: [sdb] Assuming drive cache: write through
[   19.503056]  sda: sda1
[   19.506537] sd 2:0:0:0: [sda] Attached SCSI disk
[   19.508005] sd 2:0:1:0: [sdb] Attached SCSI disk
[   19.708367] e1000 0000:00:08.0 eth1: (PCI:33MHz:32-bit) 08:00:27:a5:27:dd
[   19.734902] e1000 0000:00:08.0 eth1: Intel(R) PRO/1000 Network Connection
[   19.765056] e1000 0000:00:08.0 enp0s8: renamed from eth1
[   19.829018] e1000 0000:00:03.0 enp0s3: renamed from eth0
[   21.549025] floppy0: no floppy controllers found
Begin: Loading e[   22.844204] md: linear personality registered for level -1
ssential drivers ... [   22.959210] md: multipath personality registered for level -4
[   23.051656] md: raid0 personality registered for level 0
[   23.184786] md: raid1 personality registered for level 1
[   23.296821] raid6: sse2x1   gen() 10227 MB/s
[   23.408705] raid6: sse2x1   xor()  6463 MB/s
[   23.520829] raid6: sse2x2   gen() 12230 MB/s
[   23.628592] raid6: sse2x2   xor()  5458 MB/s
[   23.748701] raid6: sse2x4   gen() 13458 MB/s
[   23.852921] raid6: sse2x4   xor()  9765 MB/s
[   23.899714] raid6: using algorithm sse2x4 gen() 13458 MB/s
[   23.900668] raid6: .... xor() 9765 MB/s, rmw enabled
[   23.965529] raid6: using ssse3x2 recovery algorithm
[   23.975573] xor: automatically using best checksumming function:
[   24.145324]    avx       : 45695.000 MB/sec
[   24.215734] async_tx: api initialized (async)
[   24.278276] md: raid6 personality registered for level 6
[   24.365903] md: raid5 personality registered for level 5
[   24.451297] md: raid4 personality registered for level 4
[   24.530722] md: raid10 personality registered for level 10
done.
Begin: Running /scripts/init-premount ... done.
Begin: Mounting root file system ... Begin: Running /scripts/local-top ... done.
Begin: Running /scripts/local-premount ... [   24.601527] Btrfs loaded
Scanning for Btrfs filesystems
done.
Warning: fsck no[   24.684483] EXT4-fs (sda1): INFO: recovery required on readonly filesystem
t present, so sk[   24.698307] EXT4-fs (sda1): write access will be enabled during recovery
ipping root file system
[   24.751080] EXT4-fs (sda1): recovery complete
[   24.857955] EXT4-fs (sda1): mounted filesystem with ordered data mode. Opts: (null)
done.
Begin: Running /scripts/local-bottom ... done.
Begin: Running /scripts/init-bottom ... done.
[   25.035461] systemd[1]: systemd 229 running in system mode. (+PAM +AUDIT +SELINUX +IMA +APPARMOR +SMACK +SYSVINIT +UTMP +LIBCRYPTSETUP +GCRYPT +GNUTLS +ACL +XZ -LZ4 +SECCOMP +BLKID +ELFUTILS +KMOD -IDN)
[   25.300684] systemd[1]: Detected virtualization oracle.
[   25.368207] systemd[1]: Detected architecture x86-64.

Welcome to [1mUbuntu 16.04.3 LTS[0m!

[   25.530306] systemd[1]: Set hostname to <ubuntu-xenial>.
[   25.817042] systemd[1]: Listening on LVM2 poll daemon socket.
[[0;32m  OK  [0m] Listening on LVM2 poll daemon socket.
[   25.997245] systemd[1]: Reached target Swap.
[[0;32m  OK  [0m] Reached target Swap.
[   26.121122] systemd[1]: Listening on Journal Audit Socket.
[[0;32m  OK  [0m] Listening on Journal Audit Socket.
[   26.277057] systemd[1]: Listening on udev Kernel Socket.
[[0;32m  OK  [0m] Listening on udev Kernel Socket.
[   26.461664] systemd[1]: Started Forward Password Requests to Wall Directory Watch.
[[0;32m  OK  [0m] Started Forward Password Requests to Wall Directory Watch.
[   26.549183] systemd[1]: Set up automount Arbitrary Executable File Formats File System Automount Point.
[[0;32m  OK  [0m] Set up automount Arbitrary Executab...ats File System Automount Point.
[   26.830632] systemd[1]: Created slice User and Session Slice.
[[0;32m  OK  [0m] Created slice User and Session Slice.
[   26.833048] systemd[1]: Created slice System Slice.
[[0;32m  OK  [0m] Created slice System Slice.
[   26.889259] systemd[1]: Created slice system-serial\x2dgetty.slice.
[[0;32m  OK  [0m] Created slice system-serial\x2dgetty.slice.
[   27.045348] systemd[1]: Listening on udev Control Socket.
[[0;32m  OK  [0m] Listening on udev Control Socket.
[   27.126897] systemd[1]: Listening on Syslog Socket.
[[0;32m  OK  [0m] Listening on Syslog Socket.
[   27.269094] systemd[1]: Reached target Encrypted Volumes.
[[0;32m  OK  [0m] Reached target Encrypted Volumes.
[   27.444872] systemd[1]: Reached target User and Group Name Lookups.
[[0;32m  OK  [0m] Reached target User and Group Name Lookups.
[   27.653447] systemd[1]: Listening on Journal Socket.
[[0;32m  OK  [0m] Listening on Journal Socket.
[   27.717197] systemd[1]: Mounting Huge Pages File System...
[   27.776540] random: nonblocking pool is initialized
         Mounting Huge Pages File System...
[   27.833440] systemd[1]: Mounting POSIX Message Queue File System...
         Mounting POSIX Message Queue File System...
[   27.936701] systemd[1]: Starting Uncomplicated firewall...
         Starting Uncomplicated firewall...
[   28.025182] systemd[1]: Starting Nameserver information manager...
         Starting Nameserver information manager...
[   28.176763] systemd[1]: Mounting Debug File System...
         Mounting Debug File System...
[   28.281155] systemd[1]: Listening on /dev/initctl Compatibility Named Pipe.
[[0;32m  OK  [0m] Listening on /dev/initctl Compatibility Named Pipe.
[   28.504836] systemd[1]: Started Trigger resolvconf update for networkd DNS.
[[0;32m  OK  [0m] Started Trigger resolvconf update for networkd DNS.
[   28.756797] systemd[1]: Starting Load Kernel Modules...
         Starting Load Ke[   28.822091] Loading iSCSI transport class v2.0-870.
rnel Modules...
[   28.989409] systemd[1]: Listening on LVM2 metadata daemon socket.
[[0;32m  OK  [0[   29.052247] iscsi: registered transport (tcp)
m] Listening on LVM2 metadata daemon socket.
[   29.156204] systemd[1]: Reached target Slices.
[[0;32m  OK  [0[   29.203815] iscsi: registered transport (iser)
m] Reached target Slices.
[   29.357211] systemd[1]: Listening on Journal Socket (/dev/log).
[[0;32m  OK  [0m] Listening on Journal Socket (/dev/log).
[   29.528993] systemd[1]: Starting Journal Service...
         Starting Journal Service...
[   29.625097] systemd[1]: Starting Set console keymap...
         Starting Set console keymap...
[   29.745206] systemd[1]: Starting Create list of required static device nodes for the current kernel...
         Starting Create list of required st... nodes for the current kernel...
[   29.929024] systemd[1]: Starting Remount Root and Kernel File Systems...
         Starting Remount[   29.988900] EXT4-fs (sda1): re-mounted. Opts: (null)
 Root and Kernel File Systems...
[   29.992503] systemd[1]: Listening on Device-mapper event daemon FIFOs.
[[0;32m  OK  [0m] Listening on Device-mapper event daemon FIFOs.
[   30.032218] systemd[1]: Starting Monitoring of LVM2 mirrors, snapshots etc. using dmeventd or progress polling...
         Starting Monitoring of LVM2 mirrors... dmeventd or progress polling...
[   30.081611] systemd[1]: Mounted Debug File System.
[[0;32m  OK  [0m] Mounted Debug File System.
[   30.209802] systemd[1]: Mounted Huge Pages File System.
[[0;32m  OK  [0m] Mounted Huge Pages File System.
[   30.388920] systemd[1]: Mounted POSIX Message Queue File System.
[[0;32m  OK  [0m] Mounted POSIX Message Queue File System.
[   30.409047] systemd[1]: Started Journal Service.
[[0;32m  OK  [0m] Started Journal Service.
[[0;32m  OK  [0m] Started Uncomplicated firewall.
[[0;32m  OK  [0m] Started Load Kernel Modules.
[[0;32m  OK  [0m] Started Set console keymap.
[[0;32m  OK  [0m] Started Create list of required sta...ce nodes for the current kernel.
[[0;32m  OK  [0m] Started Remount Root and Kernel File Systems.
[[0;32m  OK  [0m] Started Nameserver information manager.
[[0;32m  OK  [0m] Started LVM2 metadata daemon.
         Starting Initial cloud-init job (pre-networking)...
         Starting udev Coldplug all Devices...
         Starting Load/Save Random Seed...
         Starting Create Static Device Nodes in /dev...
         Starting Apply Kernel Variables...
         Mounting FUSE Control File System...
         Starting Flush Journal to Persistent Storage...
[[0;32m  OK  [0m] Mounted FUSE Control File System.
[[0;32m  OK  [0m] Started Load/Save Random Seed.
[[0;32m  OK  [0m] Started Create Static Device Nodes in /dev.
[[0;32m  OK  [0m] Started Apply Kernel Variables.
[[0;32m  OK  [0m] Started udev Coldplug all Devices.
[[0;32m  OK  [0m] Started Flush Journal to Persistent Storage.
         Starting udev Kernel Device Manager...
[[0;32m  OK  [0m] Started udev Kernel Device Manager.
[[0;32m  OK  [0m] Started Monitoring of LVM2 mirrors,...ng dmeventd or progress polling.
[[0;32m  OK  [0m] Started Dispatch Password Requests to Console Directory Watch.
[[0;32m  OK  [0m] Reached target Local File Systems (Pre).
[[0;32m  OK  [0m] Reached target Local File Systems.
         Starting Tell Plymouth To Write Out Runtime Data...
         Starting Create Volatile Files and Directories...
         Starting LSB: AppArmor initialization...
         Starting Set console font and keymap...
[[0;32m  OK  [0m] Started Tell Plymouth To Write Out Runtime Data.
[[0;32m  OK  [0m] Started Create Volatile Files and Directories.
[[0;32m  OK  [0m] Found device /dev/ttyS0.
[[0;32m  OK  [0m] Started LSB: AppArmor initialization.
[[0;32m  OK  [0m] Started Initial cloud-init job (pre-networking).
[   20.961187] cloud-init[443]: Cloud-init v. 0.7.9 running 'init-local' at Tue, 24 Oct 2017 07:08:24 +0000. Up 20.73 seconds.
[[0;32m  OK  [0m] Listening on Load/Save RF Kill Switch Status /dev/rfkill Watch.
[[0;32m  OK  [0m] Reached target Network (Pre).
         Starting Raise network interfaces...
[[0;32m  OK  [0m] Started ifup for enp0s8.
[[0;32m  OK  [0m] Started ifup for enp0s3.
[[0;32m  OK  [0m] Reached target System Time Synchronized.
         Starting Update UTMP about System Boot/Shutdown...
[[0;32m  OK  [0m] Started Set console font and keymap.
[[0;32m  OK  [0m] Found device 82540EM Gigabit Ethern...r (PRO/1000 MT Desktop Adapter).
[[0;32m  OK  [0m] Created slice system-getty.slice.
[[0;32m  OK  [0m] Started Update UTMP about System Boot/Shutdown.
[[0;32m  OK  [0m] Started Raise network interfaces.
         Starting Initial cloud-init job (metadata service crawler)...
[[0;32m  OK  [0m] Reached target Network.
[   24.171695] cloud-init[1044]: Cloud-init v. 0.7.9 running 'init' at Tue, 24 Oct 2017 07:08:27 +0000. Up 23.89 seconds.
[   24.205315] cloud-init[1044]: ci-info: ++++++++++++++++++++++++++++++++++++++Net device info++++++++++++++++++++++++++++++++++++++
[   24.217181] cloud-init[1044]: ci-info: +--------+------+-----------------------------+---------------+-------+-------------------+
[   24.217686] cloud-init[1044]: ci-info: | Device |  Up  |           Address           |      Mask     | Scope |     Hw-Address    |
[[0;32m  OK  [0m] Started Initial cloud-init job (metadata service crawler).
[   24.217800] cloud-init[1044]: ci-info: +--------+------+-----------------------------+---------------+-------+-------------------+
[   24.452719] cloud-init[1044]: ci-info: |   lo   | True |          127.0.0.1          |   255.0.0.0   |   .   |         .         |
[   24.452918] cloud-init[1044]: ci-info: |   lo   | True |           ::1/128           |       .       |  host |         .         |
[[0;32m  OK  [0m] Reached target Cloud-config availability.
[[   24.453019] cloud-init[1044]: ci-info: | enp0s8 | True |        192.168.33.10        | 255.255.255.0 |   .   | 08:00:27:a5:27:dd |
[0;32m  OK  [0m] Reached target Network is Online.
[   24.533189] cloud-init[1044]: ci-info: | enp0s8 | True | fe80::a00:27ff:fea5:27dd/64 |       .       |  link | 08:00:27:a5:27:dd |
         [   24.640484] Starting iSCSI initiator daemon (iscsid)...cloud-init
[1044]: ci-info: | enp0s3 | True |          10.0.2.15          | 255.255.255.0 |   .   | 02:14:68:3e:84:47 |
[   24.716286] cloud-init[1044]: ci-info: | enp0s3 | True |  fe80::14:68ff:fe3e:8447/64 |       .       |  link | 02:14:68:3e:84:47 |
[   24.716537] cloud-init[1044]: ci-info: +--------+------+-----------------------------+---------------+-------+-------------------+
[[0;32m  OK  [0m] Reached target System Initialization.
[   24.716667] cloud-init[1044]: ci-info: ++++++++++++++++++++++++++++Route IPv4 info++++++++++++++++++++++++++++
[   24.824337] cloud-init[1044]: ci-info: +-------+--------------+----------+---------------+-----------+-------+
[   24.824681] cloud-init[1044]: ci-info: | Route | Destination  | Gateway  |    Genmask    | Interface | Flags |
[[0;32m  OK  [0m] Started Timer to automatically refresh installed snaps.
         [   24.824825] Starting Socket activation for snappy daemon.cloud-init
[1044]: ci-info: +-------+--------------+----------+---------------+-----------+-------+
[   24.916468] cloud-init[1044]: ci-info: |   0   |   0.0.0.0    | 10.0.2.2 |    0.0.0.0    |   enp0s3  |   UG  |
[   24.916739] cloud-init[1044]: ci-info: |   1   |   10.0.2.0   | 0.0.0.0  | 255.255.255.0 |   enp0s3  |   U   |
[[0;32m  OK  [0m] Listening on UUID daemon activation socket.
[[   24.916939] cloud-init[1044]: ci-info: |   2   | 192.168.33.0 | 0.0.0.0  | 255.255.255.0 |   enp0s8  |   U   |
[   25.029094] cloud-init[1044]: ci-info: +-------+--------------+----------+---------------+-----------+-------+
[0;32m  OK  [0m] Listening on ACPID Listen Socket.
[[0;32m  OK  [0m] Started Daily apt download activities.
[[0;32m  OK  [0m] Listening on D-Bus System Message Bus Socket.
         Starting LXD - unix socket.
[[0;32m  OK  [0m] Started ACPI Events Check.
[[0;32m  OK  [0m] Reached target Paths.
[[0;32m  OK  [0m] Started Daily apt upgrade and clean activities.
[[0;32m  OK  [0m] Started Daily Cleanup of Temporary Directories.
[[0;32m  OK  [0m] Started Timer to automatically fetch and run repair assertions.
[[0;32m  OK  [0m] Reached target Timers.
[[0;32m  OK  [0m] Listening on Socket activation for snappy daemon.
[[0;32m  OK  [0m] Listening on LXD - unix socket.
[[0;32m  OK  [0m] Started iSCSI initiator daemon (iscsid).
         Starting Login to default iSCSI targets...
[[0;32m  OK  [0m] Reached target Sockets.
[[0;32m  OK  [0m] Reached target Basic System.
[[0;32m  OK  [0m] Started Regular background program processing daemon.
         Starting Apply the settings specified in cloud-config...
         Starting Accounts Service...
         Starting /etc/rc.local Compatibility...
[[0;32m  OK  [0m] Started ACPI event daemon.
         Starting LXD - container startup/shutdown...
[[0;32m  OK  [0m] Started D-Bus System Message Bus.
[[0;32m  OK  [0m] Started Deferred execution scheduler.
[[0;32m  OK  [0m] Started FUSE filesystem for LXC.
         Starting System Logging Service...
         Starting Automatically fetch and run repair assertions...
[[0;32m  OK  [0m] Started Unattended Upgrades Shutdown.
         Starting LSB: MD monitoring daemon...
         Starting OpenBSD Secure Shell server...
[   25.922454] cloud-init[1104]: Cloud-init v. 0.7.9 running 'modules:config' at Tue, 24 Oct 2017 07:08:29 +0000. Up 25.77 seconds.
         Starting Login Service...
         Starting LSB: Record successful boot for GRUB...
         Starting Snappy daemon...
[[0;32m  OK  [0m] Started System Logging Service.
[[0;32m  OK  [0m] Started OpenBSD Secure Shell server.
[[0;32m  OK  [0m] Started /etc/rc.local Compatibility.
[[0;32m  OK  [0m] Started Apply the settings specified in cloud-config.
[[0;32m  OK  [0m] Started LXD - container startup/shutdown.
[[0;32m  OK  [0m] Started Automatically fetch and run repair assertions.
[[0;32m  OK  [0m] Started Snappy daemon.
[[0;32m  OK  [0m] Started Login to default iSCSI targets.
[[0;32m  OK  [0m] Started LSB: MD monitoring daemon.
[[0;32m  OK  [0m] Started LSB: Record successful boot for GRUB.
         Starting Authenticate and Authorize Users to Run Privileged Tasks...
[[0;32m  OK  [0m] Reached target Remote File Systems (Pre).
[[0;32m  OK  [0m] Reached target Remote File Systems.
         Starting Permit User Sessions...
         Starting LSB: daemon to balance interrupts for SMP systems...
         Starting LSB: VirtualBox Linux Additions...
         Starting LSB: Set the CPU Frequency Scaling governor to "ondemand"...
         Starting LSB: Apache2 web server...
         Starting LSB: automatic crash report generation...
         Starting Auto import assertions from block devices...
[[0;32m  OK  [0m] Started Permit User Sessions.
[[0;32m  OK  [0m] Started Auto import assertions from block devices.
[[0;32m  OK  [0m] Started Login Service.
[[0;32m  OK  [0m] Started Authenticate and Authorize Users to Run Privileged Tasks.
[[0;32m  OK  [0m] Started Accounts Service.
[[0;32m  OK  [0m] Started LSB: Set the CPU Frequency Scaling governor to "ondemand".
[[0;32m  OK  [0m] Started LSB: daemon to balance interrupts for SMP systems.
[[0;32m  OK  [0m] Started LSB: VirtualBox Linux Additions.
[[0;32m  OK  [0m] Created slice User Slice of ubuntu.
[[0;32m  OK  [0m] Started Session 1 of user ubuntu.
         Starting User Manager for UID 1000...
         Starting Hold until boot process finishes up...
         Starting Terminate Plymouth Boot Screen...
[[0;32m  OK  [0m] Started User Manager for UID 1000.
[[0;32m  OK  [0m] Started LSB: automatic crash report generation.
[[0;32m  OK  [0m] Started Hold until boot process finishes up.
[[0;32m  OK  [0m] Started Terminate Plymouth Boot Screen.
[[0;32m  OK  [0m] Started Getty on tty1.
[[0;32m  OK  [0m] Started Serial Getty on ttyS0.
[[0;32m  OK  [0m] Reached target Login Prompts.
         Starting Set console scheme...
[[0;32m  OK  [0m] Started Set console scheme.
[[0;32m  OK  [0m] Started LSB: Apache2 web server.
[[0;32m  OK  [0m] Reached target Multi-User System.
         Starting Execute cloud user/final scripts...
[[0;32m  OK  [0m] Reached target Graphical Interface.
         Starting Update UTMP about System Runlevel Changes...
[[0;32m  OK  [0m] Started Update UTMP about System Runlevel Changes.
         Stopping User Manager for UID 1000...
[[0;32m  OK  [0m] Stopped User Manager for UID 1000.
[[0;32m  OK  [0m] Removed slice User Slice of ubuntu.
[   28.610932] cloud-init[1431]: Cloud-init v. 0.7.9 running 'modules:final' at Tue, 24 Oct 2017 07:08:32 +0000. Up 28.49 seconds.
[[0;32m  OK  [0m] Started Execute cloud user/final scripts.
[   28.799293] cloud-init[1431]: Cloud-init v. 0.7.9 finished at Tue, 24 Oct 2017 07:08:32 +0000. Datasource DataSourceNoCloud [seed=/dev/sdb][dsmode=net].  Up 28.60 seconds
[[0;32m  OK  [0m] Reached target Cloud-init target.
         Starting Daily apt download activities...

Ubuntu 16.04.3 LTS ubuntu-xenial ttyS0

ubuntu-xenial login: 