[    0.000000] Initializing cgroup subsys cpuset
[    0.000000] Initializing cgroup subsys cpu
[    0.000000] Initializing cgroup subsys cpuacct
[    0.000000] Linux version 4.4.0-98-generic (buildd@lcy01-03) (gcc version 5.4.0 20160609 (Ubuntu 5.4.0-6ubuntu1~16.04.4) ) #121-Ubuntu SMP Tue Oct 10 14:24:03 UTC 2017 (Ubuntu 4.4.0-98.121-generic 4.4.90)
[    0.000000] Command line: BOOT_IMAGE=/boot/vmlinuz-4.4.0-98-generic root=UUID=d7006b2f-ace6-464d-8b21-17180b3ed360 ro console=tty1 console=ttyS0
[    0.000000] KERNEL supported cpus:
[    0.000000]   Intel GenuineIntel
[    0.000000]   AMD AuthenticAMD
[    0.000000]   Centaur CentaurHauls
[    0.000000] x86/fpu: xstate_offset[2]:  576, xstate_sizes[2]:  256
[    0.000000] x86/fpu: Supporting XSAVE feature 0x01: 'x87 floating point registers'
[    0.000000] x86/fpu: Supporting XSAVE feature 0x02: 'SSE registers'
[    0.000000] x86/fpu: Supporting XSAVE feature 0x04: 'AVX registers'
[    0.000000] x86/fpu: Enabled xstate features 0x7, context size is 832 bytes, using 'standard' format.
[    0.000000] x86/fpu: Using 'lazy' FPU context switches.
[    0.000000] e820: BIOS-provided physical RAM map:
[    0.000000] BIOS-e820: [mem 0x0000000000000000-0x000000000009fbff] usable
[    0.000000] BIOS-e820: [mem 0x000000000009fc00-0x000000000009ffff] reserved
[    0.000000] BIOS-e820: [mem 0x00000000000f0000-0x00000000000fffff] reserved
[    0.000000] BIOS-e820: [mem 0x0000000000100000-0x000000003ffeffff] usable
[    0.000000] BIOS-e820: [mem 0x000000003fff0000-0x000000003fffffff] ACPI data
[    0.000000] BIOS-e820: [mem 0x00000000fec00000-0x00000000fec00fff] reserved
[    0.000000] BIOS-e820: [mem 0x00000000fee00000-0x00000000fee00fff] reserved
[    0.000000] BIOS-e820: [mem 0x00000000fffc0000-0x00000000ffffffff] reserved
[    0.000000] NX (Execute Disable) protection: active
[    0.000000] SMBIOS 2.5 present.
[    0.000000] Hypervisor detected: KVM
[    0.000000] e820: last_pfn = 0x3fff0 max_arch_pfn = 0x400000000
[    0.000000] MTRR: Disabled
[    0.000000] x86/PAT: MTRRs disabled, skipping PAT initialization too.
[    0.000000] CPU MTRRs all blank - virtualized system.
[    0.000000] x86/PAT: Configuration [0-7]: WB  WT  UC- UC  WB  WT  UC- UC  
[    0.000000] found SMP MP-table at [mem 0x0009fff0-0x0009ffff] mapped at [ffff88000009fff0]
[    0.000000] Scanning 1 areas for low memory corruption
[    0.000000] RAMDISK: [mem 0x3622e000-0x3710efff]
[    0.000000] ACPI: Early table checksum verification disabled
[    0.000000] ACPI: RSDP 0x00000000000E0000 000024 (v02 VBOX  )
[    0.000000] ACPI: XSDT 0x000000003FFF0030 00003C (v01 VBOX   VBOXXSDT 00000001 ASL  00000061)
[    0.000000] ACPI: FACP 0x000000003FFF00F0 0000F4 (v04 VBOX   VBOXFACP 00000001 ASL  00000061)
[    0.000000] ACPI: DSDT 0x000000003FFF0470 0021FF (v02 VBOX   VBOXBIOS 00000002 INTL 20100528)
[    0.000000] ACPI: FACS 0x000000003FFF0200 000040
[    0.000000] ACPI: FACS 0x000000003FFF0200 000040
[    0.000000] ACPI: APIC 0x000000003FFF0240 00005C (v02 VBOX   VBOXAPIC 00000001 ASL  00000061)
[    0.000000] ACPI: SSDT 0x000000003FFF02A0 0001CC (v01 VBOX   VBOXCPUT 00000002 INTL 20100528)
[    0.000000] No NUMA configuration found
[    0.000000] Faking a node at [mem 0x0000000000000000-0x000000003ffeffff]
[    0.000000] NODE_DATA(0) allocated [mem 0x3ffeb000-0x3ffeffff]
[    0.000000] kvm-clock: Using msrs 4b564d01 and 4b564d00
[    0.000000] kvm-clock: cpu 0, msr 0:3ffe3001, primary cpu clock
[    0.000000] kvm-clock: using sched offset of 3764555464 cycles
[    0.000000] clocksource: kvm-clock: mask: 0xffffffffffffffff max_cycles: 0x1cd42e4dffb, max_idle_ns: 881590591483 ns
[    0.000000] Zone ranges:
[    0.000000]   DMA      [mem 0x0000000000001000-0x0000000000ffffff]
[    0.000000]   DMA32    [mem 0x0000000001000000-0x000000003ffeffff]
[    0.000000]   Normal   empty
[    0.000000]   Device   empty
[    0.000000] Movable zone start for each node
[    0.000000] Early memory node ranges
[    0.000000]   node   0: [mem 0x0000000000001000-0x000000000009efff]
[    0.000000]   node   0: [mem 0x0000000000100000-0x000000003ffeffff]
[    0.000000] Initmem setup node 0 [mem 0x0000000000001000-0x000000003ffeffff]
[    0.000000] ACPI: PM-Timer IO Port: 0x4008
[    0.000000] IOAPIC[0]: apic_id 2, version 32, address 0xfec00000, GSI 0-23
[    0.000000] ACPI: INT_SRC_OVR (bus 0 bus_irq 0 global_irq 2 dfl dfl)
[    0.000000] ACPI: INT_SRC_OVR (bus 0 bus_irq 9 global_irq 9 high level)
[    0.000000] Using ACPI (MADT) for SMP configuration information
[    0.000000] smpboot: Allowing 2 CPUs, 0 hotplug CPUs
[    0.000000] PM: Registered nosave memory: [mem 0x00000000-0x00000fff]
[    0.000000] PM: Registered nosave memory: [mem 0x0009f000-0x0009ffff]
[    0.000000] PM: Registered nosave memory: [mem 0x000a0000-0x000effff]
[    0.000000] PM: Registered nosave memory: [mem 0x000f0000-0x000fffff]
[    0.000000] e820: [mem 0x40000000-0xfebfffff] available for PCI devices
[    0.000000] Booting paravirtualized kernel on KVM
[    0.000000] clocksource: refined-jiffies: mask: 0xffffffff max_cycles: 0xffffffff, max_idle_ns: 7645519600211568 ns
[    0.000000] setup_percpu: NR_CPUS:512 nr_cpumask_bits:512 nr_cpu_ids:2 nr_node_ids:1
[    0.000000] PERCPU: Embedded 34 pages/cpu @ffff88003fc00000 s98328 r8192 d32744 u1048576
[    0.000000] PV qspinlock hash table entries: 256 (order: 0, 4096 bytes)
[    0.000000] Built 1 zonelists in Node order, mobility grouping on.  Total pages: 257913
[    0.000000] Policy zone: DMA32
[    0.000000] Kernel command line: BOOT_IMAGE=/boot/vmlinuz-4.4.0-98-generic root=UUID=d7006b2f-ace6-464d-8b21-17180b3ed360 ro console=tty1 console=ttyS0
[    0.000000] PID hash table entries: 4096 (order: 3, 32768 bytes)
[    0.000000] Memory: 997328K/1048120K available (8484K kernel code, 1294K rwdata, 3988K rodata, 1492K init, 1316K bss, 50792K reserved, 0K cma-reserved)
[    0.000000] SLUB: HWalign=64, Order=0-3, MinObjects=0, CPUs=2, Nodes=1
[    0.000000] Hierarchical RCU implementation.
[    0.000000] 	Build-time adjustment of leaf fanout to 64.
[    0.000000] 	RCU restricting CPUs from NR_CPUS=512 to nr_cpu_ids=2.
[    0.000000] RCU: Adjusting geometry for rcu_fanout_leaf=64, nr_cpu_ids=2
[    0.000000] NR_IRQS:33024 nr_irqs:440 16
[    0.000000] Console: colour VGA+ 80x25
[    0.000000] console [tty1] enabled
[    0.000000] console [ttyS0] enabled
[    0.000000] tsc: Detected 2303.998 MHz processor
[    6.058146] Calibrating delay loop (skipped) preset value.. 4607.99 BogoMIPS (lpj=9215992)
[    6.110853] pid_max: default: 32768 minimum: 301
[    6.161576] ACPI: Core revision 20150930
[    6.168700] ACPI: 2 ACPI AML tables successfully acquired and loaded
[    6.249249] Security Framework initialized
[    6.305188] Yama: becoming mindful.
[    6.356776] AppArmor: AppArmor initialized
[    6.413302] Dentry cache hash table entries: 131072 (order: 8, 1048576 bytes)
[    6.483394] Inode-cache hash table entries: 65536 (order: 7, 524288 bytes)
[    6.570691] Mount-cache hash table entries: 2048 (order: 2, 16384 bytes)
[    6.619070] Mountpoint-cache hash table entries: 2048 (order: 2, 16384 bytes)
[    6.677443] Initializing cgroup subsys io
[    6.738880] Initializing cgroup subsys memory
[    6.785622] Initializing cgroup subsys devices
[    6.842975] Initializing cgroup subsys freezer
[    6.870626] Initializing cgroup subsys net_cls
[    6.871435] Initializing cgroup subsys perf_event
[    6.872277] Initializing cgroup subsys net_prio
[    6.873098] Initializing cgroup subsys hugetlb
[    6.927083] Initializing cgroup subsys pids
[    6.982996] CPU: Physical Processor ID: 0
[    6.983752] CPU: Processor Core ID: 0
[    6.986021] mce: CPU supports 0 MCE banks
[    6.986784] Last level iTLB entries: 4KB 64, 2MB 8, 4MB 8
[    6.987715] Last level dTLB entries: 4KB 64, 2MB 0, 4MB 0, 1GB 4
[    7.057412] Freeing SMP alternatives memory: 32K
[    7.116147] ftrace: allocating 32154 entries in 126 pages
[    7.223148] smpboot: APIC(0) Converting physical 0 to logical package 0
[    7.310656] smpboot: Max logical packages: 1
[    7.361594] x2apic enabled
[    7.385028] Switched APIC routing to physical x2apic.
[    7.441943] ..TIMER: vector=0x30 apic1=0 pin1=2 apic2=-1 pin2=-1
[    7.549320] smpboot: CPU0: Intel(R) Core(TM) i5-7360U CPU @ 2.30GHz (family: 0x6, model: 0x8e, stepping: 0x9)
[    7.656170] Performance Events: unsupported p6 CPU model 142 no PMU driver, software events only.
[    7.776195] KVM setup paravirtual spinlock
[    7.808529] x86: Booting SMP configuration:
[    7.859413] .... node  #0, CPUs:      #1
[    7.900841] kvm-clock: cpu 1, msr 0:3ffe3041, secondary cpu clock
[    7.916558] mce: CPU supports 0 MCE banks
[    7.919075] x86: Booted up 1 node, 2 CPUs
[    7.966785] smpboot: Total of 2 processors activated (9215.99 BogoMIPS)
[    8.012340] devtmpfs: initialized
[    8.036714] evm: security.selinux
[    8.072652] evm: security.SMACK64
[    8.099887] evm: security.SMACK64EXEC
[    8.137156] evm: security.SMACK64TRANSMUTE
[    8.179871] evm: security.SMACK64MMAP
[    8.206820] evm: security.ima
[    8.236771] evm: security.capability
[    8.268437] clocksource: jiffies: mask: 0xffffffff max_cycles: 0xffffffff, max_idle_ns: 7645041785100000 ns
[    8.330674] futex hash table entries: 512 (order: 3, 32768 bytes)
[    8.331858] pinctrl core: initialized pinctrl subsystem
[    8.341813] RTC time:  7:43:31, date: 11/10/17
[    8.343890] NET: Registered protocol family 16
[    8.360041] cpuidle: using governor ladder
[    8.375793] cpuidle: using governor menu
[    8.417615] PCCT header not found.
[    8.435712] ACPI: bus type PCI registered
[    8.441916] acpiphp: ACPI Hot Plug PCI Controller Driver version: 0.5
[    8.443097] PCI: Using configuration type 1 for base access
[    8.496766] ACPI: Added _OSI(Module Device)
[    8.548441] ACPI: Added _OSI(Processor Device)
[    8.549245] ACPI: Added _OSI(3.0 _SCP Extensions)
[    8.550071] ACPI: Added _OSI(Processor Aggregator Device)
[    8.587031] ACPI: Executed 1 blocks of module-level executable AML code
[    8.645957] ACPI: Interpreter enabled
[    8.646668] ACPI: (supports S0 S5)
[    8.653240] ACPI: Using IOAPIC for interrupt routing
[    8.662432] PCI: Using host bridge windows from ACPI; if necessary, use "pci=nocrs" and report a bug
[    8.711380] ACPI: PCI Root Bridge [PCI0] (domain 0000 [bus 00-ff])
[    8.742398] acpi PNP0A03:00: _OSC: OS supports [ASPM ClockPM Segments MSI]
[    8.754952] acpi PNP0A03:00: _OSC: not requesting OS control; OS requires [ExtendedConfig ASPM ClockPM MSI]
[    8.789853] acpi PNP0A03:00: fail to add MMCONFIG information, can't access extended PCI configuration space under this bridge.
[    8.819810] PCI host bridge to bus 0000:00
[    8.869294] pci_bus 0000:00: root bus resource [io  0x0000-0x0cf7 window]
[    8.873472] pci_bus 0000:00: root bus resource [io  0x0d00-0xffff window]
[    8.874594] pci_bus 0000:00: root bus resource [mem 0x000a0000-0x000bffff window]
[    8.875983] pci_bus 0000:00: root bus resource [mem 0x40000000-0xffdfffff window]
[    8.888366] pci_bus 0000:00: root bus resource [bus 00-ff]
[    8.896173] pci 0000:00:01.1: legacy IDE quirk: reg 0x10: [io  0x01f0-0x01f7]
[    8.981031] pci 0000:00:01.1: legacy IDE quirk: reg 0x14: [io  0x03f6]
[    9.043395] pci 0000:00:01.1: legacy IDE quirk: reg 0x18: [io  0x0170-0x0177]
[    9.096111] pci 0000:00:01.1: legacy IDE quirk: reg 0x1c: [io  0x0376]
[    9.170872] pci 0000:00:07.0: quirk: [io  0x4000-0x403f] claimed by PIIX4 ACPI
[    9.245201] pci 0000:00:07.0: quirk: [io  0x4100-0x410f] claimed by PIIX4 SMB
[    9.333665] ACPI: PCI Interrupt Link [LNKA] (IRQs 5 9 10 *11)
[    9.378805] ACPI: PCI Interrupt Link [LNKB] (IRQs 5 9 10 *11)
[    9.433783] ACPI: PCI Interrupt Link [LNKC] (IRQs 5 9 *10 11)
[    9.497428] ACPI: PCI Interrupt Link [LNKD] (IRQs 5 *9 10 11)
[    9.553196] ACPI: Enabled 2 GPEs in block 00 to 07
[    9.598407] vgaarb: setting as boot device: PCI:0000:00:02.0
[    9.666122] vgaarb: device added: PCI:0000:00:02.0,decodes=io+mem,owns=io+mem,locks=none
[    9.761228] vgaarb: loaded
[    9.794442] vgaarb: bridge control possible 0000:00:02.0
[    9.844669] SCSI subsystem initialized
[    9.858764] ACPI: bus type USB registered
[    9.859534] usbcore: registered new interface driver usbfs
[    9.860489] usbcore: registered new interface driver hub
[    9.861442] usbcore: registered new device driver usb
[    9.910270] PCI: Using ACPI for IRQ routing
[    9.951059] NetLabel: Initializing
[    9.988878] NetLabel:  domain hash size = 128
[   10.036906] NetLabel:  protocols = UNLABELED CIPSOv4
[   10.101878] NetLabel:  unlabeled traffic allowed by default
[   10.150703] amd_nb: Cannot enumerate AMD northbridges
[   10.211582] clocksource: Switched to clocksource kvm-clock
[   10.287075] AppArmor: AppArmor Filesystem Enabled
[   10.295713] pnp: PnP ACPI init
[   10.296974] pnp: PnP ACPI: found 3 devices
[   10.402241] clocksource: acpi_pm: mask: 0xffffff max_cycles: 0xffffff, max_idle_ns: 2085701024 ns
[   10.437531] NET: Registered protocol family 2
[   10.438498] TCP established hash table entries: 8192 (order: 4, 65536 bytes)
[   10.439776] TCP bind hash table entries: 8192 (order: 5, 131072 bytes)
[   10.461412] TCP: Hash tables configured (established 8192 bind 8192)
[   10.599080] UDP hash table entries: 512 (order: 2, 16384 bytes)
[   10.712590] UDP-Lite hash table entries: 512 (order: 2, 16384 bytes)
[   10.827568] NET: Registered protocol family 1
[   10.914797] pci 0000:00:00.0: Limiting direct PCI/PCI transfers
[   11.010514] pci 0000:00:01.0: Activating ISA DMA hang workarounds
[   11.147169] Unpacking initramfs...
[   11.403356] Freeing initrd memory: 15236K
[   11.529466] platform rtc_cmos: registered platform RTC device (no PNP device found)
[   11.545506] Scanning for low memory corruption every 60 seconds
[   11.580361] audit: initializing netlink subsys (disabled)
[   11.622230] audit: type=2000 audit(1510299810.325:1): initialized
[   11.737364] Initialise system trusted keyring
[   11.879485] HugeTLB registered 2 MB page size, pre-allocated 0 pages
[   11.936160] zbud: loaded
[   11.943928] VFS: Disk quotas dquot_6.6.0
[   11.950530] VFS: Dquot-cache hash table entries: 512 (order 0, 4096 bytes)
[   11.981643] squashfs: version 4.0 (2009/01/31) Phillip Lougher
[   11.991422] fuse init (API version 7.23)
[   12.006848] Key type big_key registered
[   12.007608] Allocating IMA MOK and blacklist keyrings.
[   12.009474] Key type asymmetric registered
[   12.029798] Asymmetric key parser 'x509' registered
[   12.035596] Block layer SCSI generic (bsg) driver version 0.4 loaded (major 249)
[   12.064238] io scheduler noop registered
[   12.096100] iosscheduler deadline registered (default)
[   12.242549] io scheduler cfq registered
[   12.370213] pci_hotplug: PCI Hot Plug PCI Core version: 0.5
[   12.408536] pciehp: PCI Express Hot Plug Controller Driver version: 0.4
[   12.409829] ACPI: AC Adapter [AC] (on-line)
[   12.416480] input: Power Button as /devices/LNXSYSTM:00/LNXPWRBN:00/input/input0
[   12.526739] ACPI: Power Button [PWRF]
[   12.578102] tsc: Refined TSC clocksource calibration: 2301.226 MHz
[   12.580418] clocksource: tsc: mask: 0xffffffffffffffff max_cycles: 0x212bbb1cd0d, max_idle_ns: 440795221710 ns
[   12.580500] input: Sleep Button as /devices/LNXSYSTM:00/LNXSLPBN:00/input/input1
[   12.580503] ACPI: Sleep Button [SLPF]
[   12.580667] GHES: HEST is not enabled!
[   12.619531] Serial: 8250/16550 driver, 32 ports, IRQ sharing enabled
[   12.705586] 00:02: ttyS0 at I/O 0x3f8 (irq = 4, base_baud = 115200) is a 16550A
[   12.733008] Linux agpgart interface v0.103
[   12.735211] loop: module loaded
[   12.758170] scsi host0: ata_piix
[   12.776884] scsi host1: ata_piix
[   12.799640] ata1: PATA max UDMA/33 cmd 0x1f0 ctl 0x3f6 bmdma 0xd000 irq 14
[   12.807553] ata2: PATA max UDMA/33 cmd 0x170 ctl 0x376 bmdma 0xd008 irq 15
[   12.808885] libphy: Fixed MDIO Bus: probed
[   12.826749] tun: Universal TUN/TAP device driver, 1.6
[   12.827969] tun: (C) 1999-2004 Max Krasnyansky <maxk@qualcomm.com>
[   12.879591] PPP generic driver version 2.4.2
[   12.942667] ehci_hcd: USB 2.0 'Enhanced' Host Controller (EHCI) Driver
[   12.981920] ehci-pci: EHCI PCI platform driver
[   12.982810] ehci-platform: EHCI generic platform driver
[   12.989670] ohci_hcd: USB 1.1 'Open' Host Controller (OHCI) Driver
[   13.009156] ohci-pci: OHCI PCI platform driver
[   13.009983] ohci-platform: OHCI generic platform driver
[   13.010899] uhci_hcd: USB Universal Host Controller Interface driver
[   13.012024] i8042: PNP: PS/2 Controller [PNP0303:PS2K,PNP0f03:PS2M] at 0x60,0x64 irq 1,12
[   13.013870] serio: i8042 KBD port at 0x60,0x64 irq 1
[   13.014748] serio: i8042 AUX port at 0x60,0x64 irq 12
[   13.015753] mousedev: PS/2 mouse device common for all mice
[   13.046920] input: AT Translated Set 2 keyboard as /devices/platform/i8042/serio0/input/input2
[   13.250143] rtc_cmos rtc_cmos: rtc core: registered rtc_cmos as rtc0
[   13.280757] rtc_cmos rtc_cmos: alarms up to one day, 114 bytes nvram
[   13.370508] i2c /dev entries driver
[   13.431695] device-mapper: uevent: version 1.0.3
[   13.527162] device-mapper: ioctl: 4.34.0-ioctl (2015-10-28) initialised: dm-devel@redhat.com
[   13.590024] ledtrig-cpu: registered to indicate activity on CPUs
[   13.664914] NET: Registered protocol family 10
[   13.673513] NET: Registered protocol family 17
[   13.710474] Key type dns_resolver registered
[   13.724479] microcode: CPU0 sig=0x806e9, pf=0x8, revision=0x0
[   13.809975] microcode: CPU1 sig=0x806e9, pf=0x8, revision=0x0
[   13.885380] microcode: Microcode Update Driver: v2.01 <tigran@aivazian.fsnet.co.uk>, Peter Oruba
[   13.940977] registered taskstats version 1
[   14.060409] Loading compiled-in X.509 certificates
[   14.187224] Loaded X.509 cert 'Build time autogenerated kernel key: 7431eaeda5a51458aeb00f8de0f18f89e178d882'
[   14.338891] zswap: loaded using pool lzo/zbud
[   14.480879] Key type trusted registered
[   14.568785] Key type encrypted registered
[   14.632670] AppArmor: AppArmor sha1 policy hashing enabled
[   14.667503] ima: No TPM chip found, activating TPM-bypass!
[   14.670490] evm: HMAC attrs: 0x1
[   14.677282]   Magic number: 9:207:723
[   14.780054] block loop3: hash matches
[   14.811638] rtc_cmos rtc_cmos: setting system clock to 2017-11-10 07:43:37 UTC (1510299817)
[   14.823929] BIOS EDD facility v0.16 2004-Jun-25, 0 devices found
[   14.844667] EDD information not available.
[   14.899769] Freeing unused kernel memory: 1492K
[   14.946694] Write protecting the kernel read-only data: 14336k
[   15.120683] Freeing unused kernel memory: 1744K
[   15.237259] Freeing unused kernel memory: 108K
Loading, please wait...
starting version[   15.297457] random: systemd-udevd: uninitialized urandom read (16 bytes read, 5 bits of entropy available)
 229
[   15.298054] random: udevadm: uninitialized urandom read (16 bytes read, 5 bits of entropy available)
[   15.298086] random: udevadm: uninitialized urandom read (16 bytes read, 5 bits of entropy available)
[   15.298189] random: udevadm: uninitialized urandom read (16 bytes read, 5 bits of entropy available)
[   15.298227] random: udevadm: uninitialized urandom read (16 bytes read, 5 bits of entropy available)
[   15.298264] random: udevadm: uninitialized urandom read (16 bytes read, 5 bits of entropy available)
[   15.298304] random: udevadm: uninitialized urandom read (16 bytes read, 5 bits of entropy available)
[   15.298339] random: udevadm: uninitialized urandom read (16 bytes read, 5 bits of entropy available)
[   15.298374] random: udevadm: uninitialized urandom read (16 bytes read, 5 bits of entropy available)
[   15.298409] random: udevadm: uninitialized urandom read (16 bytes read, 5 bits of entropy available)
[   16.391573] e1000: Intel(R) PRO/1000 Network Driver - version 7.3.21-k8-NAPI
[   16.394060] e1000: Copyright (c) 1999-2006 Intel Corporation.
[   16.397592] Fusion MPT base driver 3.04.20
[   16.446625] Copyright (c) 1999-2008 LSI Corporation
[   16.455793] Fusion MPT SPI Host driver 3.04.20
[   16.493203] AVX version of gcm_enc/dec engaged.
[   16.533265] AES CTR mode by8 optimization enabled
[   16.652649] input: ImExPS/2 Generic Explorer Mouse as /devices/platform/i8042/serio1/input/input4
[   16.786539] e1000 0000:00:03.0 eth0: (PCI:33MHz:32-bit) 02:14:68:3e:84:47
[   16.946452] e1000 0000:00:03.0 eth0: Intel(R) PRO/1000 Network Connection
[   16.975431] mptbase: ioc0: Initiating bringup
[   17.108982] ioc0: LSI53C1030 A0: Capabilities={Initiator}
[   17.393792] scsi host2: ioc0: LSI53C1030 A0, FwRev=00000000h, Ports=1, MaxQ=256, IRQ=20
[   17.676619] scsi 2:0:0:0: Direct-Access     VBOX     HARDDISK         1.0  PQ: 0 ANSI: 5
[   17.854848] scsi target2:0:0: Beginning Domain Validation
[   17.963170] scsi target2:0:0: Domain Validation skipping write tests
[   17.964262] scsi target2:0:0: Ending Domain Validation
[   17.965203] scsi target2:0:0: asynchronous
[   18.014576] scsi 2:0:1:0: Direct-Access     VBOX     HARDDISK         1.0  PQ: 0 ANSI: 5
[   18.018168] scsi target2:0:1: Beginning Domain Validation
[   18.020938] scsi target2:0:1: Domain Validation skipping write tests
[   18.022061] scsi target2:0:1: Ending Domain Validation
[   18.023110] scsi target2:0:1: asynchronous
[   18.096162] sd 2:0:0:0: Attached scsi generic sg0 type 0
[   18.125752] sd 2:0:0:0: [sda] 20971520 512-byte logical blocks: (10.7 GB/10.0 GiB)
[   18.131807] sd 2:0:1:0: Attached scsi generic sg1 type 0
[   18.132234] sd 2:0:1:0: [sdb] 20480 512-byte logical blocks: (10.5 MB/10.0 MiB)
[   18.132361] sd 2:0:1:0: [sdb] Write Protect is off
[   18.132445] sd 2:0:1:0: [sdb] Incomplete mode parameter data
[   18.132446] sd 2:0:1:0: [sdb] Assuming drive cache: write through
[   18.148014] sd 2:0:0:0: [sda] Write Protect is off
[   18.150053] sd 2:0:0:0: [sda] Incomplete mode parameter data
[   18.150907] sd 2:0:0:0: [sda] Assuming drive cache: write through
[   18.201886]  sda: sda1
[   18.217523] sd 2:0:1:0: [sdb] Attached SCSI disk
[   18.227046] sd 2:0:0:0: [sda] Attached SCSI disk
[   18.350777] e1000 0000:00:08.0 eth1: (PCI:33MHz:32-bit) 08:00:27:a5:bc:f2
[   18.391476] e1000 0000:00:08.0 eth1: Intel(R) PRO/1000 Network Connection
[   18.469408] e1000 0000:00:08.0 enp0s8: renamed from eth1
[   18.488278] e1000 0000:00:03.0 enp0s3: renamed from eth0
[   19.551625] floppy0: no floppy controllers found
Begin: Loading e[   20.913650] md: linear personality registered for level -1
ssential drivers[   21.125021] md: multipath personality registered for level -4
 ... [   21.179182] md: raid0 personality registered for level 0
[   21.222917] md: raid1 personality registered for level 1
[   21.387660] raid6: sse2x1   gen()  6461 MB/s
[   21.499716] raid6: sse2x1   xor()  6335 MB/s
[   21.675729] raid6: sse2x2   gen() 11703 MB/s
[   21.827693] raid6: sse2x2   xor()  8258 MB/s
[   21.943950] raid6: sse2x4   gen() 14230 MB/s
[   22.092347] raid6: sse2x4   xor()  9613 MB/s
[   22.194074] raid6: using algorithm sse2x4 gen() 14230 MB/s
[   22.345025] raid6: .... xor() 9613 MB/s, rmw enabled
[   22.411083] raid6: using ssse3x2 recovery algorithm
[   22.437810] xor: automatically using best checksumming function:
[   22.540060]    avx       : 24376.000 MB/sec
[   22.586380] async_tx: api initialized (async)
[   22.642327] md: raid6 personality registered for level 6
[   22.756512] md: raid5 personality registered for level 5
[   22.873785] md: raid4 personality registered for level 4
[   22.970720] md: raid10 personality registered for level 10
done.
Begin: Running /scripts/init-p[   23.049445] Btrfs loaded
remount ... done.
Begin: Mounting root file sys[   23.110162] EXT4-fs (sda1): INFO: recovery required on readonly filesystem
tem ... Begin: R[   23.183424] EXT4-fs (sda1): write access will be enabled during recovery
unning /scripts/local-top ... done.
Begin: Running /scripts/local-premount ... Scanning for Btrfs filesystems
done.
Warning: fsck not present, so skipping root file system
[   23.367724] random: nonblocking pool is initialized
[   23.542853] EXT4-fs (sda1): orphan cleanup on readonly fs
[   23.656355] EXT4-fs (sda1): 6 orphan inodes deleted
[   23.752094] EXT4-fs (sda1): recovery complete
[   23.796786] EXT4-fs (sda1): mounted filesystem with ordered data mode. Opts: (null)
done.
Begin: Running /scripts/local-bottom ... done.
Begin: Running /scripts/init-bottom ... done.
[   24.638531] systemd[1]: systemd 229 running in system mode. (+PAM +AUDIT +SELINUX +IMA +APPARMOR +SMACK +SYSVINIT +UTMP +LIBCRYPTSETUP +GCRYPT +GNUTLS +ACL +XZ -LZ4 +SECCOMP +BLKID +ELFUTILS +KMOD -IDN)
[   24.668257] systemd[1]: Detected virtualization oracle.
[   24.698113] systemd[1]: Detected architecture x86-64.

Welcome to [1mUbuntu 16.04.3 LTS[0m!

[   24.833465] systemd[1]: Set hostname to <ubuntu-xenial>.
[   25.982853] systemd[1]: Created slice User and Session Slice.
[[0;32m  OK  [0m] Created slice User and Session Slice.
[   26.036330] systemd[1]: Listening on LVM2 poll daemon socket.
[[0;32m  OK  [0m] Listening on LVM2 poll daemon socket.
[   26.196194] systemd[1]: Reached target Encrypted Volumes.
[[0;32m  OK  [0m] Reached target Encrypted Volumes.
[   26.344577] systemd[1]: Listening on Device-mapper event daemon FIFOs.
[[0;32m  OK  [0m] Listening on Device-mapper event daemon FIFOs.
[   26.568454] systemd[1]: Listening on Syslog Socket.
[[0;32m  OK  [0m] Listening on Syslog Socket.
[   26.747477] systemd[1]: Listening on Journal Socket (/dev/log).
[[0;32m  OK  [0m] Listening on Journal Socket (/dev/log).
[   26.816184] systemd[1]: Reached target User and Group Name Lookups.
[[0;32m  OK  [0m] Reached target User and Group Name Lookups.
[   26.827978] systemd[1]: Listening on udev Kernel Socket.
[[0;32m  OK  [0m] Listening on udev Kernel Socket.
[   26.848101] systemd[1]: Listening on udev Control Socket.
[[0;32m  OK  [0m] Listening on udev Control Socket.
[   26.931714] systemd[1]: Started Forward Password Requests to Wall Directory Watch.
[[0;32m  OK  [0m] Started Forward Password Requests to Wall Directory Watch.
[   27.028388] systemd[1]: Reached target Swap.
[[0;32m  OK  [0m] Reached target Swap.
[   27.123929] systemd[1]: Listening on Journal Socket.
[[0;32m  OK  [0m] Listening on Journal Socket.
[   27.146039] systemd[1]: Set up automount Arbitrary Executable File Formats File System Automount Point.
[[0;32m  OK  [0m] Set up automount Arbitrary Executab...ats File System Automount Point.
[   27.232159] systemd[1]: Listening on Journal Audit Socket.
[[0;32m  OK  [0m] Listening on Journal Audit Socket.
[   27.242757] systemd[1]: Listening on /dev/initctl Compatibility Named Pipe.
[[0;32m  OK  [0m] Listening on /dev/initctl Compatibility Named Pipe.
[   27.263419] systemd[1]: Started Trigger resolvconf update for networkd DNS.
[[0;32m  OK  [0m] Started Trigger resolvconf update for networkd DNS.
[   27.361473] systemd[1]: Created slice System Slice.
[[0;32m  OK  [0m] Created slice System Slice.
[   27.420875] systemd[1]: Reached target Slices.
[[0;32m  OK  [0m] Reached target Slices.
[   27.484092] systemd[1]: Starting Remount Root and Kernel File Systems...
         Starting Remount Root and Kernel File Systems...
[   27.552169] systemd[1]: Starting Journal Service...
         Starting Journal Service...
[   27.611693] systemd[1]: Mounting Huge Pages File System...
         Mounting Huge Pages File System...
[   27.693665] EXT4-fs (sda1): re-mounted. Opts: (null)
[   27.760305] systemd[1]: Starting Nameserver information manager...
         Starting Nameserver information manager...
[   27.875831] systemd[1]: Starting Load Kernel Modules...
         Starting Load Kernel Modules...
[   27.917200] systemd[1]: Mounting POSIX Message Queue File System...
[   27.944630] Loading iSCSI transport class v2.0-870.
         Mounting POSIX Message Queue File System...
[   27.971768] systemd[1]: Starting Uncomplicated firewall...
[   27.980665] iscsi: registered transport (tcp)
         Starting Uncomplicated firewall...
[   28.072307] systemd[1]: Created slice system-serial\x2dgetty.slice.
[[0;32m  OK  [[   28.103397] iscsi: registered transport (iser)
0m] Created slice system-serial\x2dgetty.slice.
[   28.264131] systemd[1]: Mounting Debug File System...
         Mounting Debug File System...
[   28.358927] systemd[1]: Listening on LVM2 metadata daemon socket.
[[0;32m  OK  [0m] Listening on LVM2 metadata daemon socket.
[   28.572221] systemd[1]: Starting Monitoring of LVM2 mirrors, snapshots etc. using dmeventd or progress polling...
         Starting Monitoring of LVM2 mirrors... dmeventd or progress polling...
[   28.693520] systemd[1]: Starting Set console keymap...
         Starting Set console keymap...
[   28.772226] systemd[1]: Starting Create list of required static device nodes for the current kernel...
         Starting Create list of required st... nodes for the current kernel...
[   28.952892] systemd[1]: Mounted Debug File System.
[[0;32m  OK  [0m] Mounted Debug File System.
[   28.999949] systemd[1]: Mounted Huge Pages File System.
[[0;32m  OK  [0m] Mounted Huge Pages File System.
[   29.031937] systemd[1]: Mounted POSIX Message Queue File System.
[[0;32m  OK  [0m] Mounted POSIX Message Queue File System.
[   29.132256] systemd[1]: Started Journal Service.
[[0;32m  OK  [0m] Started Journal Service.
[[0;32m  OK  [0m] Started Remount Root and Kernel File Systems.
[[0;32m  OK  [0m] Started Load Kernel Modules.
[[0;32m  OK  [0m] Started Uncomplicated firewall.
[[0;32m  OK  [0m] Started Set console keymap.
[[0;32m  OK  [0m] Started Create list of required sta...ce nodes for the current kernel.
[[0;32m  OK  [0m] Started Nameserver information manager.
[[0;32m  OK  [0m] Started LVM2 metadata daemon.
         Starting Create Static Device Nodes in /dev...
         Starting Apply Kernel Variables...
         Mounting FUSE Control File System...
         Starting udev Coldplug all Devices...
         Starting Initial cloud-init job (pre-networking)...
         Starting Load/Save Random Seed...
         Starting Flush Journal to Persistent Storage...
[[0;32m  OK  [0m] Mounted FUSE Control File System.
[[0;32m  OK  [0m] Started Monitoring of LVM2 mirrors,...ng dmeventd or progress polling.
[[0;32m  OK  [0m] Started Create Static Device Nodes in /dev.
[[0;32m  OK  [0m] Started Apply Kernel Variables.
[[0;32m  OK  [0m] Started Load/Save Random Seed.
[[0;32m  OK  [0m] Started udev Coldplug all Devices.
         Starting udev Kernel Device Manager...
[[0;32m  OK  [0m] Started Flush Journal to Persistent Storage.
[[0;32m  OK  [0m] Started udev Kernel Device Manager.
[[0;32m  OK  [0m] Started Dispatch Password Requests to Console Directory Watch.
[[0;32m  OK  [0m] Reached target Local File Systems (Pre).
[[0;32m  OK  [0m] Reached target Local File Systems.
         Starting Set console font and keymap...
         Starting LSB: AppArmor initialization...
         Starting Tell Plymouth To Write Out Runtime Data...
         Starting Create Volatile Files and Directories...
[[0;32m  OK  [0m] Started Create Volatile Files and Directories.
[[0;32m  OK  [0m] Started Tell Plymouth To Write Out Runtime Data.
         Starting Update UTMP about System Boot/Shutdown...
[[0;32m  OK  [0m] Reached target System Time Synchronized.
[[0;32m  OK  [0m] Found device /dev/ttyS0.
[[0;32m  OK  [0m] Started Update UTMP about System Boot/Shutdown.
[[0;32m  OK  [0m] Found device 82540EM Gigabit Ethern...r (PRO/1000 MT Desktop Adapter).
[[0;32m  OK  [0m] Found device 82540EM Gigabit Ethern...r (PRO/1000 MT Desktop Adapter).
[[0;32m  OK  [0m] Started Set console font and keymap.
[[0;32m  OK  [0m] Created slice system-getty.slice.
[[0;32m  OK  [0m] Listening on Load/Save RF Kill Switch Status /dev/rfkill Watch.
[[0;32m  OK  [0m] Started LSB: AppArmor initialization.
[   26.040913] cloud-init[451]: Cloud-init v. 0.7.9 running 'init-local' at Fri, 10 Nov 2017 07:43:57 +0000. Up 25.49 seconds.
[[0;32m  OK  [0m] Started Initial cloud-init job (pre-networking).
[[0;32m  OK  [0m] Reached target Network (Pre).
         Starting Raise network interfaces...
[[0;32m  OK  [0m] Started ifup for enp0s3.
[[0;32m  OK  [0m] Started ifup for enp0s8.
[[0;32m  OK  [0m] Started Raise network interfaces.
[[0;32m  OK  [0m] Reached target Network.
         Starting Initial cloud-init job (metadata service crawler)...
[   27.739594] cloud-init[1056]: Cloud-init v. 0.7.9 running 'init' at Fri, 10 Nov 2017 07:43:59 +0000. Up 26.88 seconds.
[[0;32m  OK  [0m] Started Initial cloud-init job (metadata service crawler).
[[0;32m  OK  [0m] Reached target Cloud-config availability.
[[0;32m  OK  [0m] Reached target System Initialization.
[   27.810227] cloud-init[1056]: ci-info: ++++++++++++++++++++++++++++++++++++++Net device info++++++++++++++++++++++++++++++++++++++
[   28.036298] cloud-init[1056]: ci-info: +--------+------+-----------------------------+---------------+-------+-------------------+
[   28.164325] cloud-init[1056]: ci-info: | Device |  Up  |           Address           |      Mask     | Scope |     Hw-Address    |
[   28.276836] cloud-init[1056]: ci-info: +--------+------+-----------------------------+---------------+-------+-------------------+
[   28.392352] cloud-init[1056]: ci-info: |   lo   | True |          127.0.0.1          |   255.0.0.0   |   .   |         .         |
[   28.496791] cloud-init[1056]: ci-info: |   lo   | True |           ::1/128           |       .       |  host |         .         |
[[0;32m  OK  [0m] Started Timer to automatically refresh installed snaps.
[[0;32m  OK  [0m] Started Timer to automatically fetch and run repair assertions.
[   28.639133] cloud-init[1056]: ci-info: | enp0s8 | True |        192.168.33.60        | 255.255.255.0 |   .   | 08:00:27:a5:bc:f2 |
[   28.888601] cloud-init[1056]: ci-info: | enp0s8 | True | fe80::a00:27ff:fea5:bcf2/64 |       .       |  link | 08:00:27:a5:bc:f2 |
[   29.000913] cloud-init[1056]: ci-info: | enp0s3 | True |          10.0.2.15          | 255.255.255.0 |   .   | 02:14:68:3e:84:47 |
[   29.072760] cloud-init[1056]: ci-info: | enp0s3 | True |  fe80::14:68ff:fe3e:8447/64 |       .       |  link | 02:14:68:3e:84:47 |
[   29.116170] cloud-init[1056]: ci-info: +--------+------+-----------------------------+---------------+-------+-------------------+
[[0;32m  OK  [0m] Started ACPI Events Check.
[[0;32m  OK  [0m] Reached target Paths.
[[0;32m  OK  [0m] Started Daily Cleanup of Temporary Directories.
[   29.231251]          cloud-initStarting Socket activation for snappy daemon.[1056]: 
ci-info: ++++++++++++++++++++++++++++Route IPv4 info++++++++++++++++++++++++++++
[   29.524569]          cloud-initStarting LXD - unix socket.[1056]: 
ci-info: +-------+--------------+----------+---------------+-----------+-------+
[   29.644238] [cloud-init[0;32m  OK  [0m[1056]: ] ci-info: | Route | Destination  | Gateway  |    Genmask    | Interface | Flags |Listening on UUID daemon activation socket.

[   29.836430] [cloud-init[0;32m  OK  [0m[1056]: ] ci-info: +-------+--------------+----------+---------------+-----------+-------+Listening on ACPID Listen Socket.

[   29.836927] [cloud-init[0;32m  OK  [0m[1056]: ] ci-info: |   0   |   0.0.0.0    | 10.0.2.2 |    0.0.0.0    |   enp0s3  |   UG  |Listening on D-Bus System Message Bus Socket.

[   30.144334] cloud-init[1056]: ci-info: |   1   |   10.0.2.0   | 0.0.0.0  | 255.255.255.0 |   enp0s3  |   U   |
[[0;32m  OK  [0m] Reached target Network is Online.
[   30.144816] cloud-init[1056]: ci-info: |   2   | 192.168.33.0 | 0.0.0.0  | 255.255.255.0 |   enp0s8  |   U   |
[   30.308583]          cloud-initStarting iSCSI initiator daemon (iscsid)...[1056]: 
ci-info: +-------+--------------+----------+---------------+-----------+-------+
[[0;32m  OK  [0m] Started Daily apt download activities.
[[0;32m  OK  [0m] Started Daily apt upgrade and clean activities.
[[0;32m  OK  [0m] Reached target Timers.
[[0;32m  OK  [0m] Listening on Socket activation for snappy daemon.
[[0;32m  OK  [0m] Listening on LXD - unix socket.
[[0;32m  OK  [0m] Reached target Sockets.
[[0;32m  OK  [0m] Reached target Basic System.
[[0;32m  OK  [0m] Started Deferred execution scheduler.
         Starting MySQL Community Server...
         Starting LXD - container startup/shutdown...
[[0;32m  OK  [0m] Started Regular background program processing daemon.
[[0;32m  OK  [0m] Started D-Bus System Message Bus.
[[0;32m  OK  [0m] Started ACPI event daemon.
         Starting LSB: Record successful boot for GRUB...
         Starting OpenBSD Secure Shell server...
         Starting System Logging Service...
[[0;32m  OK  [0m] Started FUSE filesystem for LXC.
         Starting Apply the settings specified in cloud-config...
         Starting Accounts Service...
         Starting LSB: MD monitoring daemon...
         Starting Automatically fetch and run repair assertions...
         Starting Login Service...
[[0;32m  OK  [0m] Started Unattended Upgrades Shutdown.
         Starting Snappy daemon...
         Starting /etc/rc.local Compatibility...
[[0;32m  OK  [0m] Started iSCSI initiator daemon (iscsid).
[[0;32m  OK  [0m] Started /etc/rc.local Compatibility.
[[0;32m  OK  [0m] Started Login Service.
         Starting Login to default iSCSI targets...
[[0;32m  OK  [0m] Started LSB: Record successful boot for GRUB.
[[0;32m  OK  [0m] Started System Logging Service.
[[0;32m  OK  [0m] Started LSB: MD monitoring daemon.
[   33.954925] cloud-init[1145]: Cloud-init v. 0.7.9 running 'modules:config' at Fri, 10 Nov 2017 07:44:04 +0000. Up 32.59 seconds.
[[0;32m  OK  [0m] Started Login to default iSCSI targets.
[[0;32m  OK  [0m] Started Apply the settings specified in cloud-config.
[[0;32m  OK  [0m] Reached target Remote File Systems (Pre).
[[0;32m  OK  [0m] Reached target Remote File Systems.
         Starting Permit User Sessions...
         Starting LSB: daemon to balance interrupts for SMP systems...
         Starting LSB: automatic crash report generation...
         Starting LSB: VirtualBox Linux Additions...
         Starting LSB: Set the CPU Frequency Scaling governor to "ondemand"...
         Starting LSB: Apache2 web server...
[[0;32m  OK  [0m] Started Permit User Sessions.
         Starting Hold until boot process finishes up...
         Starting Terminate Plymouth Boot Screen...
[[0;32m  OK  [0m] Started Automatically fetch and run repair assertions.
[[0;32m  OK  [0m] Started LSB: Set the CPU Frequency Scaling governor to "ondemand".
[[0;32m  OK  [0m] Started Hold until boot process finishes up.
[[0;32m  OK  [0m] Started Terminate Plymouth Boot Screen.
[[0;32m  OK  [0m] Started Serial Getty on ttyS0.
         Starting Set console scheme...
[[0;32m  OK  [0m] Started Getty on tty1.
[[0;32m  OK  [0m] Reached target Login Prompts.
[[0;32m  OK  [0m] Started LSB: daemon to balance interrupts for SMP systems.
[[0;32m  OK  [0m] Started Set console scheme.
[[0;32m  OK  [0m] Started LSB: automatic crash report generation.
[[0;32m  OK  [0m] Started OpenBSD Secure Shell server.
         Starting Authenticate and Authorize Users to Run Privileged Tasks...
[[0;32m  OK  [0m] Started LSB: VirtualBox Linux Additions.
[[0;32m  OK  [0m] Started Authenticate and Authorize Users to Run Privileged Tasks.
[[0;32m  OK  [0m] Started Accounts Service.
[[0;32m  OK  [0m] Created slice User Slice of ubuntu.
[[0;32m  OK  [0m] Started LXD - container startup/shutdown.
         Starting User Manager for UID 1000...
[[0;32m  OK  [0m] Started Session 1 of user ubuntu.
[[0;32m  OK  [0m] Started User Manager for UID 1000.
[[0;32m  OK  [0m] Started Snappy daemon.
         Starting Auto import assertions from block devices...
[[0;32m  OK  [0m] Started Auto import assertions from block devices.

Ubuntu 16.04.3 LTS ubuntu-xenial ttyS0

ubuntu-xenial login: [   47.366971] cloud-init[1788]: Cloud-init v. 0.7.9 running 'modules:final' at Fri, 10 Nov 2017 07:44:19 +0000. Up 47.21 seconds.
[   47.367292] cloud-init[1788]: Cloud-init v. 0.7.9 finished at Fri, 10 Nov 2017 07:44:19 +0000. Datasource DataSourceNoCloud [seed=/dev/sdb][dsmode=net].  Up 47.36 seconds
