[    .00000] Initiaizng cgroup ubys cpuset[    0.000000] Initializing cgroup subsys cpu
[    0.000000] Initializing cgroup subsys cpuacct
[    0.000000] Linux version 4.4.0-97-generic (buildd@lcy01-33) (gcc version 5.4.0 20160609 (Ubuntu 5.4.0-6ubuntu1~16.04.4) ) #120-Ubuntu SMP Tue Sep 19 17:28:18 UTC 2017 (Ubuntu 4.4.0-97.120-generic 4.4.87)
[    0.000000] Command line: BOOT_IMAGE=/boot/vmlinuz-4.4.0-97-generic root=LABEL=cloudimg-rootfs ro console=tty1 console=ttyS0
[    0.000000] KERNEL supported cpus:
[    0.000000]   Intel GenuineIntel
[    0.000000]   AMD AuthenticAMD
[    0.000000]   Centaur CentaurHauls
[    0.000000] x86/fpu: xstate_offset[2]:  576, xstate_sizes[2]:  256
[   0.000000] x86/fpu: Supporting XSAVE feature 0x01: 'x87 floating point registers'
[    0.000000] x86/fpu: Supporting XSAVE feature 0x02: 'SSE registers'
    0.000000] x86/fpu: Supporting XSAVE feature 0x04: 'AVX registers'
[    0.000000] x86/fpu Eabedxstatefetures 0x7,cotext size s 32 byte, sing 'standard' fmat.
[    0.000000] 86/fp: si 'lay'FPU onext swtces.
[    000000]e80: BIOS-provided physical RAM map:
[    0.000000] BIOS-e820: [mem 0x0000000000000000-0x000000000009fbff] usable
[    0.000000] BIOS-e820: [mem 0x000000000009fc00-0x000000000009ffff] reserved
[    0.000000] BIOS-e820: [mem 0x00000000000f0000-0x00000000000fffff] reserved
[    0.000000] BIOS-e820: [mem 0x0000000000100000-0x000000003ffeffff] usable
[    0.000000] BIOS-e820: [mem 0x000000003fff0000-0x000000003fffffff] ACPI data
[    0.000000] BIOS-e820: [mem 0x00000000fffc0000-0x00000000ffffffff] reserved
[    0.000000] NX (Execute Disable) roecio: aciv
   0.000000] SMBIOS 2.5 present.
[    0.000000] Hypervisor detected: KVM
[    0.000000] e820: last_pfn = 0x3fff0 max_arch_pfn = 0x400000000
[    0.000000] MTRR: Disabled
[    0.000000] x86/PAT: MTRRs disabled, skipping PAT initialization too.
[    0.000000] CPU MTRRs all blank - virtualized system.
[    0.000000] x86/PAT: Configuration [0-7]: WB  WT  UC- UC  WB  WT  UC- UC  
[    0.000000] found SMP MP-table at [mem 0x0009fff0-0x0009ffff] mapped at [ffff88000009fff0]
[    0.000000] Scanning 1 areas for low memory corruption
[    0.000000] RAMDISK: [mem 0x36adc000-0x37565fff]
[    0.000000] ACPI: Early table checksum verification disabled
[    0.000000] ACPI: RSDP 0x00000000000E0000 000024 (v02 VBOX  )
[    0.000000] ACPI: XSDT 0x000000003FFF0030 00003C (v01 VBOX   VBOXXSDT 00000001 ASL  0000006)
[  0.000000]ACI:ACP 0x00000003FFF0F0 00F4 (v04 BO  BOXFACP 000001SL  00000061)
[    0.00000]ACPIDSDT 00000003FFF0470002118 (v01 VBOX   VBOXBIOS 000002NTL 160108
[  0.000000] ACPI: FACS 0x0000003FFF00 0040
   0.00000] CP: FACS 0x000000003FF020 00000
[  0.0000] PI: IC 0x00000FFF0240 0005C (v VBOX VBOXIC 0000000 ASL  00000061)
[    0.000000] ACPI: SSDT 0x000000003FFF02A0 0001CC (v01 VBOX   VBOXCPUT 00000002 INTL 20160108)
[    0.000000] No NUMA configuration found
[    0.000000] Faking a node at [mem 0x0000000000000000-0x000000003ffeffff]
[    0.000000] NODE_DATA(0) allocated [mem 0x3ffeb000-0x3ffeffff]
[    0.000000] kvm-clock: Using msrs 4b564d01 and 4b564d00
[    0.000000] kvm-clock: cpu 0, msr 0:3ffe3001, primary cpu clock
[    0.000000] kvm-clock: using sched offset of 3623124293 cycles
[    0.000000] clocksource: kvm-clock: mask: 0xffffffffffffffff max_cycles: 0x1cd42e4dffb, max_idle_ns: 881590591483 ns
[    0.000000] Zone ranges:
[    0.000000]   DMA      [mem 0x0000000000001000-0x0000000000ffffff]
[    0.000000]   DMA32    [mem 0x0000000001000000-0x000000003ffeffff]
[    0.000000]   Normal   empty
[    0.000000]   Device   empty
[    0.000000] Movable zone start for each node
[    0.000000] Early memory node ranges
[    0.000000]   node   0: [mem 0x0000000000001000-0x000000000009efff]
[    0.000000]   node   0: [mem 0x0000000000100000-0x000000003ffeffff]
[    0.000000] Initmem setup node 0 [mem 0x0000000000001000-0x000000003ffeffff]
[    0.000000] ACPI: PM-Timer IO Port: 0x4008
[    0.000000] IOAPIC[0]: apic_id 2, version 17, address 0xfec00000, GSI 0-23
[    0.000000] ACPI: INT_SRC_OVR (bus 0 bus_irq 0 global_irq 2 dfl dfl)
[    0.000000] ACPI: INT_SRC_OVR (bus 0 bus_irq 9 global_irq 9 high level)
[    0.000000] Using ACPI (MADT) for SMP configuration information
[    0.000000] smpboot: Allowing 2 CPUs, 0 hotplug CPUs
[    0.000000] PM: Registered nosave memory: [mem 0x00000000-0x00000fff]
[    0.000000] PM: Registered nosave memory: [mem 0x0009f000-0x0009ffff]
[    0.000000] PM: Registered nosave memory: [mem 0x000a0000-0x000effff]
[    0.000000] PM: Registered nosave memory: [mem 0x000f0000-0x000fffff]
[    0.000000] e820: [mem 0x40000000-0xfffbffff] available for PCI devices
[    0.000000] Booting paravirtualized kernel on KVM
[    0.000000] clocksource: refined-jiffies: mask: 0xffffffff max_cycles: 0xffffffff, max_idle_ns: 7645519600211568 ns
[    0.000000] setup_percpu: NR_CPUS:512 nr_cpumask_bits:512 nr_cpu_ids:2 nr_node_ids:1
[    0.000000] PERCPU: Embedded 34 pages/cpu @ffff88003fc00000 s98328 r8192 d32744 u1048576
[    0.000000] PV qspinlock hash table entries: 256 (order: 0, 4096 bytes)
[    0.000000] Built 1 zonelists in Node order, mobility grouping on.  Total pages: 257913
[    0.000000] Policy zone: DMA32
[    0.000000] Kernel command line: BOOT_IMAGE=/boot/vmlinuz-4.4.0-97-generic root=LABEL=cloudimg-rootfs ro console=tty1 console=ttyS0
[    0.000000] PID hash table entries: 4096 (order: 3, 32768 bytes)
[    0.000000] Memry 10017K/10120Kvaille (80K kernel od, 1294K rwdata, 3984K rodata, 1492K init, 1316K bss, 46348K reserved, 0K cma-reserved)
[    0.000000] SLUB: HWalign=64, Order=0-3, MinObjects=0, CPUs=2, Nodes=1
[    0.000000] Hierarchical RCU implementation.
[    0.000000] 	Build-time adjustment of leaf fanout to 64.
[    0.000000] 	RCU restricting CPUs from NR_CPUS=512 to nr_cpu_ids=2.
[    0.000000] RCU: Adjusting geometry for rcu_fanout_leaf=64, nr_cpu_ids=2
[    0.000000] NR_IRQS:33024 nr_irqs:440 16
[    0.000000] Console: colour VGA+ 80x25
[    0.000000] console [tty1] enabled
[    0.000000] console [ttyS0] enabled
[    0.000000] tsc: Detected 2095.240 MHz processor
[    4.433920] Calibrating delay loop (skipped) preset value.. 4190.48 BogoMIPS (lpj=8380960)
[    4.437956] pid_max: default: 32768 minimum: 301
[    4.439122] ACPI: Core revision 20150930
[    4.441628] ACPI: 2 ACPI AML tables successfully acquired and loaded
[    4.443305] Security Framework initialized
[    4.444374] Yama: becoming mindful.
[    4.445400] AppArmor: AppAror initialized
[    4.466129] Dentry cache hash table entries: 131072 (order: 8, 1048576 bytes)
[    4.467998] Inode-cache hash table entries: 65536 (order: 7, 524288 bytes)
[    4.470370] Mount-cache hash table entries: 2048 (order: 2, 16384 bytes)
[    4.510268] Mountpoint-cache hash table entries: 2048 (order: 2, 16384 bytes)
[    4.512058] Initializing cgroup subsys io
[    4.513177] Initializing cgroup subsys memory
[    4.514312] Initializing cgroup subsys devices
[    4.515436] Initializing cgroup subsys freezer
[    4.516756] Initializing cgroup subsys net_cls
[    4.517896] Initializing cgroup subsys perf_event
[    4.519092] Initializing cgroup subsys net_prio
[    4.520253] Initializing cgroup subsys hugetlb
[    4.521374] Initializing cgroup subsys pids
[    4.522576] CPU: Physical Processor ID: 0
[    4.523629] CPU: Processor Core ID: 0
[    4.524656] mce: CPU supports 0 MCE banks
[    4.525793] Last level iTLB entries: 4KB 512, 2MB 8, 4MB 8
[    4.527096] Last level dTLB entries: 4KB 512, 2MB 32, 4MB 32, 1GB 0
[    4.531396] Freeing SMP alternatives memory: 32K
[    4.544918] ftrace: allocating 32148 entries in 126 pages
[    4.656969] smpboot: APIC(0) Converting physical 0 to logical package 0
[    4.675393] smpboot: Max logical packages: 1
[    4.678359] ..TIMER: vector=0x30 apic1=0 pin1=2 apic2=-1 pin2=-1
[    4.872118] smpboot: CPU0: Intel(R) Core(TM) i3-2310M CPU @ 2.10GHz (family: 0x6, model: 0x2a, stepping: 0x7)
[    4.929396] Performance Events: unsupported p6 CPU model 42 no PMU driver, software events only.
[    4.931776] KVM setup paravirtual spinlock
[    4.937952] x86: Booting SMP configuration:
[    4.988999] .... node  #0, CPUs:      #1
[    4.990228] kvm-clock: cpu 1, msr 0:3ffe3041, secondary cpu clock
[    4.991827] mce: CPU supports 0 MCE banks
[    4.994804] x86: Booted up 1 node, 2 CPUs
[    5.037781] smpboot: Total of 2 processors activated (8380.96 BogoMIPS)
[    5.109411] devtmpfs: initialized
[    5.131190] evm: security.selinux
[    5.144824] evm: security.SMACK64
[    5.145776] evm: security.SMACK64EXEC
[    5.169396] evm: security.SMACK64TRANSMUTE
[    5.216686] evm: security.SMACK64MMAP
[    5.244892] evm: security.ima
[    5.293351] evm: security.capability
[    5.322054] clocksource: jiffies: mask: 0xffffffff max_cycles: 0xffffffff, max_idle_ns: 7645041785100000 ns
[    5.345763] futex hash table entries: 512 (order: 3, 32768 bytes)
[    5.357592] pinctrl core: initialized pinctrl subsystem
[    5.370793] RTC time: 23:45:36, date: 11/14/17
[    5.372846] NET: Registered protocol family 16
[    5.384125] cpuidle: using governor ladder
[    5.424669] cpuidle: using governor menu
[    5.435777] PCCT header not found.
[    5.437319] ACPI: bus type PCI registered
[    5.440413] acpiphp: ACPI Hot Plug PCI Controller Driver version: 0.5
[    5.457778] PCI: Using configuration type 1 for base access
[    5.474037] ACPI: Added _OSI(Module Device)
[    5.500921] ACPI: Added _OSI(Processor Device)
[    5.517840] ACPI: Added _OSI(3.0 _SCP Extensions)
[    5.530477] ACPI: Added _OSI(Processor Aggregator Device)
[    5.533597] ACPI: Executed 1 blocks of module-level executable AML code
[    5.544230] ACPI: Interpreter enabled
[    5.586228] ACPI: (supports S0 S5)
[    5.652282] ACPI: Using IOAPIC for interrupt routing
[    5.675178] PCI: Using host bridge windows from ACPI; if necessary, use "pci=nocrs" and report a bug
[    5.705231] ACPI: PCI Root Bridge [PCI0] (domain 0000 [bus 00-ff])
[    5.726499] acpi PNP0A03:00: _OSC: OS supports [ASPM ClockPM Segments MSI]
[    5.740996] acpi PNP0A03:00: _OSC failed (AE_NOT_FOUND); disabling ASPM
[    5.760644] acpi PNP0A03:00: fail to add MMCONFIG information, can't access extended PCI configuration space under this bridge.
[    5.768855] PCI host bridge to bus 0000:00
[    5.825886] pci_bus 0000:00: root bus resource [io  0x0000-0x0cf7 window]
[    5.908701] pci_bus 0000:00: root bus resource [io  0x0d00-0xffff window]
[    5.981430] pci_bus 0000:00: root bus resource [mem 0x000a0000-0x000bffff window]
[    6.016074] pci_bus 0000:00: root bus resource [mem 0x40000000-0xffdfffff window]
[    6.018066] pci_bus 0000:00: root bus resource [bus 00-ff]
[    6.021386] pci 0000:00:01.1: legacy IDE quirk: reg 0x10: [io  0x01f0-0x01f7]
[    6.040882] pci 0000:00:01.1: legacy IDE quirk: reg 0x14: [io  0x03f6]
[    6.042351] pci 0000:00:01.1: legacy IDE quirk: reg 0x18: [io  0x0170-0x0177]
[    6.043920] pci 0000:00:01.1: legacy IDE quirk: reg 0x1c: [io  0x0376]
[    6.122653] ACPI: PCI Interrupt Link [LNKA] (IRQs 5 9 10 11) *0, disabled.
[    6.212556] ACPI: PCI Interrupt Link [LNKB] (IRQs 5 9 10 *11)
[    6.255531] ACPI: PCI Interrupt Link [LNKC] (IRQs 5 9 *10 11)
[    6.306191] ACPI: PCI Interrupt Link [LNKD] (IRQs 5 *9 10 11)
[    6.346153] ACPI: Enabled 2 GPEs in block 00 to 07
[    6.403206] vgaarb: setting as boot device: PCI:0000:00:02.0
[    6.448203] vgaarb: device added: PCI:0000:00:02.0,decodes=io+mem,owns=io+mem,locks=none
[    6.495210] vgaarb: loaded
[    6.512144] vgaarb: bridge control possible 0000:00:02.0
[    6.579706] SCSI subsystem initialized
[    6.620386] ACPI: bus type USB registered
[    6.633284] usbcore: registered new interface driver usbfs
[    6.635675] usbcore: registered new interface driver hub
[    6.637029] usbcore: registered new device driver usb
[    6.638794] PCI: Using ACPI for IRQ routing
[    6.640277] NetLabel: Initializing
[    6.659378] NetLabel:  domain hash size = 128
[    6.690037] NetLabel:  protocols = UNLABELED CIPSOv4
[    6.709060] NetLabel:  unlabeled traffic allowed by default
[    6.744869] amd_nb: Cannot enumerate AMD northbridges
[    6.820554] clocksource: Switched to clocksource kvm-clock
[    6.914823] AppArmor: AppArmor Filesystem Enabled
[  7765]npPnP ACPI init
[  7871]npPnAC: un3 vis
[    8.074556] clocksource: acpi_pm: mask: 0xffffff max_cycles: 0xffffff, max_idle_ns: 2085701024 ns
[    8.076826] NET: Registered protocol family 2
[    8.078235] TCP established hash table entries: 8192 (order: 4, 65536 bytes)
[    8.084597] TCP bind hash table entries: 8192 (order: 5, 131072 bytes)
[    8.094214] TCP: Hash tables configured (established 8192 bind 8192)
[    8.095707] UDP hash table entries: 512 (order: 2, 16384 bytes)
[    8.097080] UDP-Lite hash table entries: 512 (order: 2, 16384 bytes)
[    8.098690] NET: Registered protocol family 1
[    8.103649] pci 0000:00:00.0: Limiting direct PCI/PCI transfers
[    8.105096] pci 0000:00:01.0: Activating ISA DMA hang workarounds
[    8.165848] Unpacking initramfs...
[   10.973781] Freeing initrd memory: 10792K
[   11.075182] RAPL PMU detected, API unit is 2^-32 Joules, 3 fixed counters 10737418240 ms ovfl timer
[   11.096012] hw unit of domain pp0-core 2^-0 Joules
[   11.097235] hw unit of domain package 2^-0 Joules
[   11.274948] hw unit of domain pp1-gpu 2^-0 Joules
[   11.445164] platform rtc_cmos: registered platform RTC device (no PNP device found)
[   11.725762] Scanning for low memory corruption every 60 seconds
[   11.733467] audit: initializing netlink subsys (disabled)
[   12.075027] audit: type=2000 audit(1510703141.098:1): initialized
[   12.226199] Initialise system trusted keyring
[   12.315598] HugeTLB registered 2 MB page size, pre-allocated 0 pages
[   12.725095] tsc: Refined TSC clocksource calibration: 2095.388 MHz
[   13.014972] clocksource: tsc: mask: 0xffffffffffffffff max_cycles: 0x1e342bc8b44, max_idle_ns: 440795296862 ns
[   13.026324] zbud: loaded
[   13.026588] VFS: Disk quotas dquot_6.6.0
[   13.026632] VFS: Dquot-cache hash table entries: 512 (order 0, 4096 bytes)
[   13.026970] squashfs: version 4.0 (2009/01/31) Phillip Lougher
[   13.036780] fuse init (API version 7.23)
[   13.036967] Key type big_key registered
[   13.036995] Allocating IMA MOK and blacklist keyrings.
[   13.037354] Key type asymmetric registered
[   13.037364] Asymmetric key parser 'x509' registered
[   13.037415] Block layer SCSI generic (bsg) driver version 0.4 loaded (major 249)
[   13.037478] io scheduler noop registered
[   13.037482] io scheduler deadline registered (default)
[   13.037522] io scheduler cfq registered
[   13.037654] pci_hotplug: PCI Hot Plug PCI Core version: 0.5
[   13.037660] pciehp: PCI Express Hot Plug Controller Driver version: 0.4
[   13.037862] ACPI: AC Adapter [AC] (on-line)
[   13.037933] input: Power Button as /devices/LNXSYSTM:00/LNXPWRBN:00/input/input0
[   13.037937] ACPI: Power Button [PWRF]
[   13.038027] input: Sleep Button as /devices/LNXSYSTM:00/LNXSLPBN:00/input/input1
[   13.038029] ACPI: Sleep Button [SLPF]
[   13.038212] GHES: HEST is not enabled!
[   13.039142] ACPI: Battery Slot [BAT0] (battery present)
[   13.039199] Serial: 8250/16550 driver, 32 ports, IRQ sharing enabled
[   13.207429] 00:02: ttyS0 at I/O 0x3f8 (irq = 4, base_baud = 115200) is a 16550A
[   13.371199] Linux agpgart interface v0.103
[   13.380202] loop: module loaded
[   13.381030] scsi host0: ata_piix
[   13.381117] scsi host1: ata_piix
[   13.381163] ata1: PATA max UDMA/33 cmd 0x1f0 ctl 0x3f6 bmdma 0xd000 irq 14
[   13.381164] ata2: PATA max UDMA/33 cmd 0x170 ctl 0x376 bmdma 0xd008 irq 15
[   13.381274] libphy: Fixed MDIO Bus: probed
[   13.381278] tun: Universal TUN/TAP device driver, 1.6
[   13.381278] tun: (C) 1999-2004 Max Krasnyansky <maxk@qualcomm.com>
[   13.381642] PPP generic driver version 2.4.2
[   13.381954] ehci_hcd: USB 2.0 'Enhanced' Host Controller (EHCI) Driver
[   13.381960] ehci-pci: EHCI PCI platform driver
[   13.382010] ehci-platform: EHCI generic platform driver
[   13.382024] ohci_hcd: USB 1.1 'Open' Host Controller (OHCI) Driver
[   13.382030] ohci-pci: OHCI PCI platform driver
[   13.382042] ohci-platform: OHCI generic platform driver
[   13.382053] uhci_hcd: USB Universal Host Controller Interface driver
[   13.382137] i8042: PNP: PS/2 Controller [PNP0303:PS2K,PNP0f03:PS2M] at 0x60,0x64 irq 1,12
[   13.382739] serio: i8042 KBD port at 0x60,0x64 irq 1
[   13.382745] serio: i8042 AUX port at 0x60,0x64 irq 12
[   13.382896] mousedev: PS/2 mouse device common for all mice
[   13.383345] input: AT Translated Set 2 keyboard as /devices/platform/i8042/serio0/input/input2
[   13.383789] rtc_cmos rtc_cmos: rtc core: registered rtc_cmos as rtc0
[   13.383873] rtc_cmos rtc_cmos: alarms up to one day, 114 bytes nvram
[   13.383881] i2c /dev entries driver
[   13.383952] device-mapper: uevent: version 1.0.3
[   13.384031] device-mapper: ioctl: 4.34.0-ioctl (2015-10-28) initialised: dm-devel@redhat.com
[   13.384050] ledtrig-cpu: registered to indicate activity on CPUs
[   13.384784] NET: Registered protocol family 10
[   13.385005] NET: Registered protocol family 17
[   13.385017] Key type dns_resolver registered
[   13.385200] microcode: CPU0 sig=0x206a7, pf=0x10, revision=0x0
[   13.385331] microcode: CPU1 sig=0x206a7, pf=0x10, revision=0x0
[   13.385371] microcode: Microcode Update Driver: v2.01 <tigran@aivazian.fsnet.co.uk>, Peter Oruba
[   13.385549] registered taskstats version 1
[   13.385572] Loading compiled-in X.509 certificates
[   13.386693] Loaded X.509 cert 'Build time autogenerated kernel key: d1010f9627fd9242df4b03365d2931dfd1ad3d42'
[   13.386720] zswap: loaded using pool lzo/zbud
[   13.388741] Key type trusted registered
[   13.392204] Key type encrypted registered
[   13.392210] AppArmor: AppArmor sha1 policy hashing enabled
[   13.392215] ima: No TPM chip found, activating TPM-bypass!
[   13.392244] evm: HMAC attrs: 0x1
[   13.392603]   Magic number: 9:759:807
[   13.392623] misc snapshot: hash matches
[   13.394098] rtc_cmos rtc_cmos: setting system clock to 2017-11-14 23:45:44 UTC (1510703144)
[   13.394213] BIOS EDD facility v0.16 2004-Jun-25, 0 devices found
[   13.394214] EDD information not available.
[   18.088228] Freeing unused kernel memory: 1492K
[   18.100701] Write protecting the kernel read-only data: 14336k
[   18.103128] Freeing unused kernel memory: 1748K
[   18.129752] Freeing unused kernel memory: 112K
Loading, please wait...
starting version[   18.911019] random: systemd-udevd: uninitialized urandom read (16 bytes read, 3 bits of entropy available)
 229
[   18.911659] random: udevadm: uninitialized urandom read (16 bytes read, 3 bits of entropy available)
[   18.911697] random: udevadm: uninitialized urandom read (16 bytes read, 3 bits of entropy available)
[   18.925307] random: udevadm: uninitialized urandom read (16 bytes read, 3 bits of entropy available)
[   18.925418] random: udevadm: uninitialized urandom read (16 bytes read, 3 bits of entropy available)
[   18.925684] random: udevadm: uninitialized urandom read (16 bytes read, 3 bits of entropy available)
[   18.925762] random: udevadm: uninitialized urandom read (16 bytes read, 3 bits of entropy available)
[   18.925837] random: udevadm: uninitialized urandom read (16 bytes read, 3 bits of entropy available)
[   18.925907] random: udevadm: uninitialized urandom read (16 bytes read, 3 bits of entropy available)
[   18.925977] random: udevadm: uninitialized urandom read (16 bytes read, 3 bits of entropy available)
[   19.066117] e1000: Intel(R) PRO/1000 Network Driver - version 7.3.21-k8-NAPI
[   19.077912] e1000: Copyright (c) 1999-2006 Intel Corporation.
[   19.083753] Fusion MPT base driver 3.04.20
[   19.106387] Copyright (c) 1999-2008 LSI Corporation
[   19.144400] Fusion MPT SPI Host driver 3.04.20
[   19.350933] input: ImExPS/2 Generic Explorer Mouse as /devices/platform/i8042/serio1/input/input4
[   20.152691] e1000 0000:00:03.0 eth0: (PCI:33MHz:32-bit) 02:51:17:41:23:cb
[   20.388228] e1000 0000:00:03.0 eth0: Intel(R) PRO/1000 Network Connection
[   22.126034] floppy0: no floppy controllers found
[   22.171473] e1000 0000:00:08.0 eth1: (PCI:33MHz:32-bit) 08:00:27:06:e8:73
[   22.295403] e1000 0000:00:08.0 eth1: Intel(R) PRO/1000 Network Connection
[   22.298527] mptbase: ioc0: Initiating bringup
[   22.299254] e1000 0000:00:08.0 enp0s8: renamed from eth1
[   22.422897] e1000 0000:00:03.0 enp0s3: renamed from eth0
[   22.485533] ioc0: LSI53C1030 A0: Capabilities={Initiator}
[   23.181477] scsi host2: ioc0: LSI53C1030 A0, FwRev=00000000h, Ports=1, MaxQ=256, IRQ=20
[   23.482711] scsi 2:0:0:0: Direct-Access     VBOX     HARDDISK         1.0  PQ: 0 ANSI: 5
[   23.536453] scsi target2:0:0: Beginning Domain Validation
[   23.543066] scsi target2:0:0: Domain Validation skipping write tests
[   23.545713] scsi target2:0:0: Ending Domain Validation
[   23.547126] scsi target2:0:0: asynchronous
[   23.549655] scsi 2:0:1:0: Direct-Access     VBOX     HARDDISK         1.0  PQ: 0 ANSI: 5
[   23.556322] scsi target2:0:1: Beginning Domain Validation
[   23.561568] scsi target2:0:1: Domain Validation skipping write tests
[   23.922369] scsi target2:0:1: Ending Domain Validation
[   24.155128] scsi target2:0:1: asynchronous
[   24.379546] sd 2:0:0:0: Attached scsi generic sg0 type 0
[   24.379569] sd 2:0:0:0: [sda] 20971520 512-byte logical blocks: (10.7 GB/10.0 GiB)
[   24.380136] sd 2:0:0:0: [sda] Write Protect is off
[   24.380359] sd 2:0:0:0: [sda] Incomplete mode parameter data
[   24.380361] sd 2:0:0:0: [sda] Assuming drive cache: write through
[   24.395748]  sda: sda1
[   24.396957] sd 2:0:0:0: [sda] Attached SCSI disk
[   24.560974] sd 2:0:1:0: [sdb] 20480 512-byte logical blocks: (10.5 MB/10.0 MiB)
[   24.561008] sd 2:0:1:0: Attached scsi generic sg1 type 0
[   24.568525] sd 2:0:1:0: [sdb] Write Protect is off
[   24.570449] sd 2:0:1:0: [sdb] Incomplete mode parameter data
[   25.118794] sd 2:0:1:0: [sdb] Assuming drive cache: write through
[   25.147192] sd 2:0:1:0: [sdb] Attached SCSI disk
Begin: Loading e[   26.818661] md: linear personality registered for level -1
ssential drivers[   27.159188] md: multipath personality registered for level -4
 ... [   27.299853] md: raid0 personality registered for level 0
[   27.350601] md: raid1 personality registered for level 1
[   27.484356] raid6: sse2x1   gen()  5006 MB/s
[   27.574276] raid6: sse2x1   xor()  4351 MB/s
[   27.644308] raid6: sse2x2   gen()  7230 MB/s
[   27.741724] raid6: sse2x2   xor()  5020 MB/s
[   27.824310] raid6: sse2x4   gen()  7405 MB/s
[   27.914277] raid6: sse2x4   xor()  5978 MB/s
[   27.919434] raid6: using algorithm sse2x4 gen() 7405 MB/s
[   27.921195] raid6: .... xor() 5978 MB/s, rmw enabled
[   27.922881] raid6: using ssse3x2 recovery algorithm
[   27.927771] xor: automatically using best checksumming function:
[   27.984592]    avx       : 11453.000 MB/sec
[   28.040693] async_tx: api initialized (async)
[   28.059780] md: raid6 personality registered for level 6
[   28.067083] md: raid5 personality registered for level 5
[   28.068817] md: raid4 personality registered for level 4
[   28.079700] md: raid10 personality registered for level 10
done.
Begin: Running /scripts/init-premount ... done.
Begin: Mounting root file system ... Beg[   28.145904] Btrfs loaded
in: Running /scripts/local-top ... done.
Begin: Running /scripts/local-premount ... Scanning for Btrfs filesystems
done.
Warning: fsck not present, so skipping root file system
[   28.283633] EXT4-fs (sda1): mounted filesystem with ordered data mode. Opts: (null)
done.
Begin: Running /scripts/local-bottom ... done.
Begin: Running /scripts/init-bottom ... done.
[   29.309506] systemd[1]: systemd 229 running in system mode. (+PAM +AUDIT +SELINUX +IMA +APPARMOR +SMACK +SYSVINIT +UTMP +LIBCRYPTSETUP +GCRYPT +GNUTLS +ACL +XZ -LZ4 +SECCOMP +BLKID +ELFUTILS +KMOD -IDN)
[   29.344953] systemd[1]: Detected virtualization oracle.
[   29.354148] systemd[1]: Detected architecture x86-64.

Welcome to [1mUbuntu 16.04.3 LTS[0m!

[   29.393905] systemd[1]: Set hostname to <ubuntu-xenial>.
[   29.538789] random: nonblocking pool is initialized
[ 30189]ysmd]:isni oJornal Audit Socket.
[[0;32m  OK  [0m] Listening on Journal Audit Socket.
[   31.191357] systemd[1]: Listening on udev Control Socket.
[[0;32m  OK  [0m] Listening on udev Control Socket.
[   31.336058] systemd[1]: Listening on Syslog Socket.
[[0;32m  OK  [0m] Listening on Syslog Socket.
[   31.339619] systemd[1]: Reached target Encrypted Volumes.
[[0;32m  OK  [0m] Reached target Encrypted Volumes.
[   31.343980] systemd[1]: Started Forward Password Requests to Wall Directory Watch.
[[0;32m  OK  [0m] Started Forward Password Requests to Wall Directory Watch.
[   31.350383] systemd[1]: Listening on Device-mapper event daemon FIFOs.
[[0;32m  OK  [0m] Listening on Device-mapper event daemon FIFOs.
[   2.0647syem1]: Reacedart ser and Group Name Lookups.
[[0;32m  OK  [0m] Reached target User and Group Name Lookups.
[   32.558558] systemd[1]: Listening on /dev/initctl Compatibility Named Pipe.
[[0;32m  OK  [0m] Listening on /dev/initctl Compatibility Named Pipe.
[   32.563175] systemd[1]: Listening on LVM2 metadata daemon socket.
[[0;32m  OK  [0m] Listening on LVM2 metadata daemon socket.
[   32.567305] systemd[1]: Listening on udev Kern Socket.

[[0;32m  OK  [0m] Listening on udev Kernel Socket.
[  32.653929] systemd[1]: Created slice System Slice.
[[0;32m  OK  [0m] Created slice System Slice.
[   32.690399] systemd[1]: Listening on Journal Socket (/dev/log).
[[0;32m  OK  [0m] Listening on Journal Socket (/dev/log).
[   32.694426] systemd[1]: Reached target Swap.
[[0;32m  OK  [0m] Reached target Swap.
[  32.697728] systemd[1]: Listening on Journal Socket.
[[0;32m  OK  [0m] Listening on Journal Socket.
[   33.089510] systemd[1]: Starting Remount Root and Kernel File Systems...
         Starting Remount Root and Kernel File Systems...
[   33.110880] systemd[1]: Mounting POSIX Message Queue File System...
         Mounting POSIX Message Queue File System...
[   33.131368] systemd[1]: Starting Create list of required static device nodes for the current kernel...
         Starting Create list of required st... nodes for the current kernel...
[   33.149424] systemd[1]: Mounting Debug File System...
         Mounting Debug File System...
[   33.225475] systemd[1]: Starting Load Kernel Modules...
         Starting Load Kernel Modules...
[   33.263874] systemd[1]: Starting Set console keymap...
         Startin[   33.275763] EXT4-fs (sda1): re-mounted. Opts: (null)
g Set console keymap...
[   33.305074] systemd[1]: Mounting Huge Pages File System...
[   33.353931] Loading iSCSI transport class v2.0-870.
         Mounting Huge Pages File System...
[   33.397284] systemd[1]: Starting Uncomplicated firewall...
         Starting Uncomplicated firewall...
[   33.456042] systemd[1]: Starting Journal Service...
[   33.494958] iscsi: registered transport (tcp)
         Starting Journal Service...
[   33.507747] systemd[1]: Starting Monitoring of LVM2 mirrors, snapshots etc. using dmeventd or progress polling...
         Starting Monitoring of LVM2 mirrors... dmeventd or progress polling...
[   33.673587] systemd[1]: Listening on LVM2 poll daemon socket.
[[0;32m  OK  [0m] Listening on LVM2 poll daemon socket.
[   33.693080] systemd[1]: Set up automount Arbitrary Executable File Formats File System Automount Point.
[[0;32m  OK  [0m] Set up automount Arbitrary Executab...ats File System Automount Point.
[   33.846458] systemd[1]: Created slice User and Session Slice.
[[0;32m  OK  [0m] Created slice User and Session Slice.
[   33.859900] systemd[1]: Reached target Slices.
[[0;32m  OK  [0m] Reached target Slices.
[   33.878124] systemd[1]: Starting Nameserver information manager...
         Starting Nameserver information manager...
[   33.890415] systemd[1]: Started Trigger resolvconf update for networkd DNS.
[[0;32m  OK  [0m] Started Trigger resolvconf update for networkd DNS.
[   33.896322] systemd[1]: Created slice system-serial\x2dgetty.slice.
[[0;32m  OK  [0m] Created slice system-serial\x2dgetty.slice.
[   33.903658] systemd[1]: Mounted POSIX Message Queue File System.
[[0;32m  OK  [0m] Mounted POSIX Message Queue File System.
[   33.944000] systemd[1]: Mounted Huge Pages File System.
[   33.955426] iscsi: registered transport (iser)
[[0;32m  OK  [0m] Mounted Huge Pages File System.
[   34.058057] systemd[1]: Mounted Debug File System.
[[0;32m  OK  [0m] Mounted Debug File System.
[   34.302286] systemd[1]: Started Journal Service.
[[0;32m  OK  [0m] Started Journal Service.
[[0;32m  OK  [0m] Started Remount Root and Kernel File Systems.
[[0;32m  OK  [0m] Started Create list of required sta...ce nodes for the current kernel.
[[0;32m  OK  [0m] Started Load Kernel Modules.
[[0;32m  OK  [0m] Started Set console keymap.
[[0;32m  OK  [0m] Started Uncomplicated firewall.
[[0;32m  OK  [0m] Started Nameserver information manager.
[[0;32m  OK  [0m] Started LVM2 metadata daemon.
         Starting Apply Kernel Variables...
         Mounting FUSE Control File System...
         Starting Create Static Device Nodes in /dev...
         Starting udev Coldplug all Devices...
         Starting Initial cloud-init job (pre-networking)...
         Starting Load/Save Random Seed...
         Starting Flush Journal to Persistent Storage...
[[0;32m  OK  [0m] Mounted FUSE Control File System.
[[0;32m  OK  [0m] Started Apply Kernel Variables.
[[0;32m  OK  [0m] Started Load/Save Random Seed.
[[0;32m  OK  [0m] Started udev Coldplug all Devices.
[[0;32m  OK  [0m] Started Flush Journal to Persistent Storage.
[[0;32m  OK  [0m] Started Create Static Device Nodes in /dev.
         Starting udev Kernel Device Manager...
[[0;32m  OK  [0m] Started Monitoring of LVM2 mirrors,...ng dmeventd or progress polling.
[[0;32m  OK  [0m] Started udev Kernel Device Manager.
[[0;32m  OK  [0m] Started Dispatch Password Requests to Console Directory Watch.
[[0;32m  OK  [0m] Reached target Local File Systems (Pre).
[[0;32m  OK  [0m] Reached target Local File Systems.
         Starting Set console font and keymap...
         Starting Tell Plymouth To Write Out Runtime Data...
         Starting Create Volatile Files and Directories...
         Starting LSB: AppArmor initialization...
[[0;32m  OK  [0m] Started Tell Plymouth To Write Out Runtime Data.
[[0;32m  OK  [0m] Started Create Volatile Files and Directories.
[[0;32m  OK  [0m] Reached target System Time Synchronized.
         Starting Update UTMP about System Boot/Shutdown...
[[0;32m  OK  [0m] Started Update UTMP about System Boot/Shutdown.
[[0;32m  OK  [0m] Found device /dev/ttyS0.
[[0;32m  OK  [0m] Found device 82540EM Gigabit Ethern...r (PRO/1000 MT Desktop Adapter).
[[0;32m  OK  [0m] Found device 82540EM Gigabit Ethern...r (PRO/1000 MT Desktop Adapter).
[[0;32m  OK  [0m] Started Set console font and keymap.
[[0;32m  OK  [0m] Created slice system-getty.slice.
[[0;32m  OK  [0m] Listening on Load/Save RF Kill Switch Status /dev/rfkill Watch.
[[0;32m  OK  [0m] Started LSB: AppArmor initialization.
[   33.565664] cloud-init[430]: Cloud-init v. 0.7.9 running 'init-local' at Tue, 14 Nov 2017 23:46:10 +0000. Up 32.84 seconds.
[[0;32m  OK  [0m] Started Initial cloud-init job (pre-networking).
[[0;32m  OK  [0m] Reached target Network (Pre).
[[0;32m  OK  [0m] Started ifup for enp0s8.
[[0;32m  OK  [0m] Started ifup for enp0s3.
         Starting Raise network interfaces...
[[0;32m  OK  [0m] Started Raise network interfaces.
[[0;32m  OK  [0m] Reached target Network.
         Starting Initial cloud-init job (metadata service crawler)...
[   35.498245] cloud-init[1042]: Cloud-init v. 0.7.9 running 'init' at Tue, 14 Nov 2017 23:46:11 +0000. Up 34.55 seconds.
[   35.514196] cloud-init[1042]: ci-info: ++++++++++++++++++++++++++++++++++++++Net device info++++++++++++++++++++++++++++++++++++++
[   35.524393] cloud-init[1042]: ci-info: +--------+------+-----------------------------+---------------+-------+-------------------+
[   35.544023] cloud-init[1042]: ci-info: | Device |  Up  |           Address           |      Mask     | Scope |     Hw-Address    |
[   35.566454] cloud-init[1042]: ci-info: +--------+------+-----------------------------+---------------+-------+-------------------+
[   35.588716] cloud-init[1042]: ci-info: | enp0s3 | True |          10.0.2.15          | 255.255.255.0 |   .   | 02:51:17:41:23:cb |
[   35.589282] cloud-init[1042]: ci-info: | enp0s3 | True |  fe80::51:17ff:fe41:23cb/64 |       .       |  link | 02:51:17:41:23:cb |
[[0;32m  OK  [0m] Started Initial cloud-init job (metadata service crawler).
[   35.589754] cloud-init[1042]: ci-info: |   lo   | True |          127.0.0.1          |   255.0.0.0   |   .   |         .         |
[   35.605694] cloud-init[1042]: ci-info: |   lo   | True |           ::1/128           |       .       |  host |         .         |
[   35.606034] cloud-init[1042]: ci-info: | enp0s8 | True |        192.168.33.10        | 255.255.255.0 |   .   | 08:00:27:06:e8:73 |
[   35.606308] cloud-init[1042]: ci-info: | enp0s8 | True | fe80::a00:27ff:fe06:e873/64 |       .       |  link | 08:00:27:06:e8:73 |
[   35.606591] cloud-init[1042]: ci-info: +--------+------+-----------------------------+---------------+-------+-------------------+
[   35.606857] cloud-init[1042]: ci-info: ++++++++++++++++++++++++++++Route IPv4 info++++++++++++++++++++++++++++
[   35.607134] cloud-init[1042]: ci-info: +-------+--------------+----------+---------------+-----------+-------+
[   35.607408] cloud-init[1042]: ci-info: | Route | Destination  | Gateway  |    Genmask    | Interface | Flags |
[   35.607684] cloud-init[1042]: ci-info: +-------+--------------+----------+---------------+-----------+-------+
[   35.607959] cloud-init[1042]: ci-info: |   0   |   0.0.0.0    | 10.0.2.2 |    0.0.0.0    |   enp0s3  |   UG  |
[   35.608533] cloud-init[1042]: ci-info: |   1   |   10.0.2.0   | 0.0.0.0  | 255.255.255.0 |   enp0s3  |   U   |
[   35.608799] cloud-init[1042]: ci-info: |   2   | 192.168.33.0 | 0.0.0.0  | 255.255.255.0 |   enp0s8  |   U   |
[   35.609100] cloud-init[1042]: ci-info: +-------+--------------+----------+---------------+-----------+-------+
[[0;32m  OK  [0m] Reached target Cloud-config availability.
[[0;32m  OK  [0m] Reached target Network is Online.
         Starting iSCSI initiator daemon (iscsid)...
[[0;32m  OK  [0m] Reached target System Initialization.
         Starting LXD - unix socket.
[[0;32m  OK  [0m] Listening on ACPID Listen Socket.
[[0;32m  OK  [0m] Started Daily apt download activities.
[[0;32m  OK  [0m] Started Daily Cleanup of Temporary Directories.
         Starting Socket activation for snappy daemon.
[[0;32m  OK  [0m] Started Timer to automatically refresh installed snaps.
[[0;32m  OK  [0m] Listening on D-Bus System Message Bus Socket.
[[0;32m  OK  [0m] Started ACPI Events Check.
[[0;32m  OK  [0m] Reached target Paths.
[[0;32m  OK  [0m] Started Daily apt upgrade and clean activities.
[[0;32m  OK  [0m] Listening on UUID daemon activation socket.
[[0;32m  OK  [0m] Started Timer to automatically fetch and run repair assertions.
[[0;32m  OK  [0m] Reached target Timers.
[[0;32m  OK  [0m] Listening on LXD - unix socket.
[[0;32m  OK  [0m] Listening on Socket activation for snappy daemon.
[[0;32m  OK  [0m] Reached target Sockets.
[[0;32m  OK  [0m] Reached target Basic System.
[[0;32m  OK  [0m] Started D-Bus System Message Bus.
[[0;32m  OK  [0m] Started ACPI event daemon.
[[0;32m  OK  [0m] Started Deferred execution scheduler.
[[0;32m  OK  [0m] Started FUSE filesystem for LXC.
[[0;32m  OK  [0m] Started Unattended Upgrades Shutdown.
         Starting Accounts Service...
         Starting Snappy daemon...
[[0;32m  OK  [0m] Started Regular background program processing daemon.
         Starting LSB: MD monitoring daemon...
         Starting Login Service...
         Starting LXD - container startup/shutdown...
         Starting System Logging Service...
         Starting /etc/rc.local Compatibility...
         Starting LSB: Record successful boot for GRUB...
         Starting Apply the settings specified in cloud-config...
         Starting OpenBSD Secure Shell server...
[[0;32m  OK  [0m] Started iSCSI initiator daemon (iscsid).
[[0;32m  OK  [0m] Started /etc/rc.local Compatibility.
         Starting Login to default iSCSI targets...
[[0;32m  OK  [0m] Started Login Service.
[[0;32m  OK  [0m] Started System Logging Service.
[[0;32m  OK  [0m] Started LSB: MD monitoring daemon.
[[0;32m  OK  [0m] Started LSB: Record successful boot for GRUB.
         Starting Authenticate and Authorize Users to Run Privileged Tasks...
[[0;32m  OK  [0m] Started Login to default iSCSI targets.
[[0;32m  OK  [0m] Reached target Remote File Systems (Pre).
[[0;32m  OK  [0m] Reached target Remote File Systems.
[   38.335693] cloud-init[1132]: Cloud-init v. 0.7.9 running 'modules:config' at Tue, 14 Nov 2017 23:46:15 +0000. Up 37.84 seconds.
         Starting LSB: daemon to balance interrupts for SMP systems...
         Starting Permit User Sessions...
         Starting LSB: Set the CPU Frequency Scaling governor to "ondemand"...
         Starting LSB: VirtualBox Linux Additions...
         Starting LSB: automatic crash report generation...
[[0;32m  OK  [0m] Started OpenBSD Secure Shell server.
[[0;32m  OK  [0m] Started Apply the settings specified in cloud-config.
[[0;32m  OK  [0m] Started Permit User Sessions.
[[0;32m  OK  [0m] Started Authenticate and Authorize Users to Run Privileged Tasks.
[[0;32m  OK  [0m] Started Accounts Service.
[[0;32m  OK  [0m] Started LSB: Set the CPU Frequency Scaling governor to "ondemand".
         Starting Hold until boot process finishes up...
         Starting Terminate Plymouth Boot Screen...
[[0;32m  OK  [0m] Started Hold until boot process finishes up.
[[0;32m  OK  [0m] Started Terminate Plymouth Boot Screen.
[[0;32m  OK  [0m] Started LSB: daemon to balance interrupts for SMP systems.
[[0;32m  OK  [0m] Started LSB: automatic crash report generation.
[[0;32m  OK  [0m] Started Getty on tty1.
         Starting Set console scheme...
[[0;32m  OK  [0m] Started Serial Getty on ttyS0.
[[0;32m  OK  [0m] Reached target Login Prompts.
[[0;32m  OK  [0m] Started Set console scheme.
[[0;32m  OK  [0m] Started LSB: VirtualBox Linux Additions.
[[0;32m  OK  [0m] Created slice User Slice of ubuntu.
         Starting User Manager for UID 1000...
[[0;32m  OK  [0m] Started Session 1 of user ubuntu.
[[0;32m  OK  [0m] Started User Manager for UID 1000.
[[0;32m  OK  [0m] Started Snappy daemon.
         Starting Auto import assertions from block devices...
[[0;32m  OK  [0m] Started Auto import assertions from block devices.
[[0;32m  OK  [0m] Started LXD - container startup/shutdown.
[[0;32m  OK  [0m] Reached target Multi-User System.
         Starting Execute cloud user/final scripts...
[[0;32m  OK  [0m] Reached target Graphical Interface.
         Starting Update UTMP about System Runlevel Changes...
[[0;32m  OK  [0m] Started Update UTMP about System Runlevel Changes.
[   40.567990] cloud-init[1293]: Cloud-init v. 0.7.9 running 'modules:final' at Tue, 14 Nov 2017 23:46:17 +0000. Up 40.32 seconds.
[   40.640864] [cloud-init[0;32m  OK  [0m[1293]: ] Cloud-init v. 0.7.9 finished at Tue, 14 Nov 2017 23:46:17 +0000. Datasource DataSourceNoCloud [seed=/dev/sdb][dsmode=net].  Up 40.55 secondsStarted Execute cloud user/final scripts.

[[0;32m  OK  [0m] Reached target Cloud-init target.

Ubuntu 16.04.3 LTS ubuntu-xenial ttyS0

ubuntu-xenial login: 