[    0.000000] Initializing cgroup subsys cpuset
[    0.000000] Initializing cgroup subsys cpu
[    0.000000] Initializing cgroup subsys cpuacct
[    0.000000] Linux version 4.4.0-97-generic (buildd@lcy01-33) (gcc version 5.4.0 20160609 (Ubuntu 5.4.0-6ubuntu1~16.04.4) ) #120-Ubuntu SMP Tue Sep 19 17:28:18 UTC 2017 (Ubuntu 4.4.0-97.120-generic 4.4.87)
[    0.000000] Command line: BOOT_IMAGE=/boot/vmlinuz-4.4.0-97-generic root=LABEL=cloudimg-rootfs ro console=tty1 console=ttyS0
[    0.000000] KERNEL supported cpus:
[    0.000000]   Intel GenuineIntel
[    0.000000]   AMD AuthenticAMD
[    0.000000]   Centaur CentaurHauls
[    0.000000] x86/fpu: xstate_offset[2]:  576, xstate_sizes[2]:  256
[    0.000000] x86/fpu: Supporting XSAVE feature 0x01: 'x87 floating point registers'
[    0.000000] x86/fpu: Supporting XSAVE feature 0x02: 'SSE registers'
[    0.000000] x86/fpu: Supporting XSAVE feature 0x04: 'AVX registers'
[    0.000000] x86/fpu: Enabled xstate features 0x7, context size is 832 bytes, using 'standard' format.
[    0.000000] x86/fpu: Using 'lazy' FPU context switches.
[    0.000000] e820: BIOS-provided physical RAM map:
[    0.000000] BIOS-e820: [mem 0x0000000000000000-0x000000000009fbff] usable
[    0.000000] BIOS-e820: [mem 0x000000000009fc00-0x000000000009ffff] reserved
[    0.000000] BIOS-e820: [mem 0x00000000000f0000-0x00000000000fffff] reserved
[    0.000000] BIOS-e820: [mem 0x0000000000100000-0x000000003ffeffff] usable
[    0.000000] BIOS-e820: [mem 0x000000003fff0000-0x000000003fffffff] ACPI data
[    0.000000] BIOS-e820: [mem 0x00000000fec00000-0x00000000fec00fff] reserved
[    0.000000] BIOS-e820: [mem 0x00000000fee00000-0x00000000fee00fff] reserved
[    0.000000] BIOS-e820: [mem 0x00000000fffc0000-0x00000000ffffffff] reserved
[    0.000000] NX (Execute Disable) protection: active
[    0.000000] SMBIOS 2.5 present.
[    0.000000] Hypervisor detected: KVM
[    0.000000] e820: last_pfn = 0x3fff0 max_arch_pfn = 0x400000000
[    0.000000] MTRR: Disabled
[    0.000000] x86/PAT: MTRRs disabled, skipping PAT initialization too.
[    0.000000] CPU MTRRs all blank - virtualized system.
[    0.000000] x86/PAT: Configuration [0-7]: WB  WT  UC- UC  WB  WT  UC- UC  
[    0.000000] found SMP MP-table at [mem 0x0009fff0-0x0009ffff] mapped at [ffff88000009fff0]
[    0.000000] Scanning 1 areas for low memory corruption
[    0.000000] RAMDISK: [mem 0x36adc000-0x37565fff]
[    0.000000] ACPI: Early table checksum verification disabled
[    0.000000] ACPI: RSDP 0x00000000000E0000 000024 (v02 VBOX  )
[    0.000000] ACPI: XSDT 0x000000003FFF0030 00003C (v01 VBOX   VBOXXSDT 00000001 ASL  00000061)
[    0.000000] ACPI: FACP 0x000000003FFF00F0 0000F4 (v04 VBOX   VBOXFACP 00000001 ASL  00000061)
[    0.000000] ACPI: DSDT 0x000000003FFF0470 0021FF (v02 VBOX   VBOXBIOS 00000002 INTL 20100528)
[    0.000000] ACPI: FACS 0x000000003FFF0200 000040
[    0.000000] ACPI: FACS 0x000000003FFF0200 000040
[    0.000000] ACPI: APIC 0x000000003FFF0240 00005C (v02 VBOX   VBOXAPIC 00000001 ASL  00000061)
[    0.000000] ACPI: SSDT 0x000000003FFF02A0 0001CC (v01 VBOX   VBOXCPUT 00000002 INTL 20100528)
[    0.000000] No NUMA configuration found
[    0.000000] Faking a node at [mem 0x0000000000000000-0x000000003ffeffff]
[    0.000000] NODE_DATA(0) allocated [mem 0x3ffeb000-0x3ffeffff]
[    0.000000] kvm-clock: Using msrs 4b564d01 and 4b564d00
[    0.000000] kvm-clock: cpu 0, msr 0:3ffe3001, primary cpu clock
[    0.000000] kvm-clock: using sched offset of 3491987913 cycles
[    0.000000] clocksource: kvm-clock: mask: 0xffffffffffffffff max_cycles: 0x1cd42e4dffb, max_idle_ns: 881590591483 ns
[    0.000000] Zone ranges:
[    0.000000]   DMA      [mem 0x0000000000001000-0x0000000000ffffff]
[    0.000000]   DMA32    [mem 0x0000000001000000-0x000000003ffeffff]
[    0.000000]   Normal   empty
[    0.000000]   Device   empty
[    0.000000] Movable zone start for each node
[    0.000000] Early memory node ranges
[    0.000000]   node   0: [mem 0x0000000000001000-0x000000000009efff]
[    0.000000]   node   0: [mem 0x0000000000100000-0x000000003ffeffff]
[    0.000000] Initmem setup node 0 [mem 0x0000000000001000-0x000000003ffeffff]
[    0.000000] ACPI: PM-Timer IO Port: 0x4008
[    0.000000] IOAPIC[0]: apic_id 2, version 32, address 0xfec00000, GSI 0-23
[    0.000000] ACPI: INT_SRC_OVR (bus 0 bus_irq 0 global_irq 2 dfl dfl)
[    0.000000] ACPI: INT_SRC_OVR (bus 0 bus_irq 9 global_irq 9 high level)
[    0.000000] Using ACPI (MADT) for SMP configuration information
[    0.000000] smpboot: Allowing 2 CPUs, 0 hotplug CPUs
[    0.000000] PM: Registered nosave memory: [mem 0x00000000-0x00000fff]
[    0.000000] PM: Registered nosave memory: [mem 0x0009f000-0x0009ffff]
[    0.000000] PM: Registered nosave memory: [mem 0x000a0000-0x000effff]
[    0.000000] PM: Registered nosave memory: [mem 0x000f0000-0x000fffff]
[    0.000000] e820: [mem 0x40000000-0xfebfffff] available for PCI devices
[    0.000000] Booting paravirtualized kernel on KVM
[    0.000000] clocksource: refined-jiffies: mask: 0xffffffff max_cycles: 0xffffffff, max_idle_ns: 7645519600211568 ns
[    0.000000] setup_percpu: NR_CPUS:512 nr_cpumask_bits:512 nr_cpu_ids:2 nr_node_ids:1
[    0.000000] PERCPU: Embedded 34 pages/cpu @ffff88003fc00000 s98328 r8192 d32744 u1048576
[    0.000000] PV qspinlock hash table entries: 256 (order: 0, 4096 bytes)
[    0.000000] Built 1 zonelists in Node order, mobility grouping on.  Total pages: 257913
[    0.000000] Policy zone: DMA32
[    0.000000] Kernel command line: BOOT_IMAGE=/boot/vmlinuz-4.4.0-97-generic root=LABEL=cloudimg-rootfs ro console=tty1 console=ttyS0
[    0.000000] PID hash table entries: 4096 (order: 3, 32768 bytes)
[    0.000000] Memory: 1001772K/1048120K available (8480K kernel code, 1294K rwdata, 3984K rodata, 1492K init, 1316K bss, 46348K reserved, 0K cma-reserved)
[    0.000000] SLUB: HWalign=64, Order=0-3, MinObjects=0, CPUs=2, Nodes=1
[    0.000000] Hierarchical RCU implementation.
[    0.000000] 	Build-time adjustment of leaf fanout to 64.
[    0.000000] 	RCU restricting CPUs from NR_CPUS=512 to nr_cpu_ids=2.
[    0.000000] RCU: Adjusting geometry for rcu_fanout_leaf=64, nr_cpu_ids=2
[    0.000000] NR_IRQS:33024 nr_irqs:440 16
[    0.000000] Console: colour VGA+ 80x25
[    0.000000] console [tty1] enabled
[    0.000000] console [ttyS0] enabled
[    0.000000] tsc: Detected 2303.998 MHz processor
[    4.352561] Calibrating delay loop (skipped) preset value.. 4607.99 BogoMIPS (lpj=9215992)
[    4.354092] pid_max: default: 32768 minimum: 301
[    4.354946] ACPI: Core revision 20150930
[    4.367810] ACPI: 2 ACPI AML tables successfully acquired and loaded
[    4.386480] Security Framework initialized
[    4.387238] Yama: becoming mindful.
[    4.387929] AppArmor: AppArmor initialized
[    4.388836] Dentry cache hash table entries: 131072 (order: 8, 1048576 bytes)
[    4.422310] Inode-cache hash table entries: 65536 (order: 7, 524288 bytes)
[    4.473545] Mount-cache hash table entries: 2048 (order: 2, 16384 bytes)
[    4.543932] Mountpoint-cache hash table entries: 2048 (order: 2, 16384 bytes)
[    4.644849] Initializing cgroup subsys io
[    4.680571] Initializing cgroup subsys memory
[    4.722077] Initializing cgroup subsys devices
[    4.780981] Initializing cgroup subsys freezer
[    4.810620] Initializing cgroup subsys net_cls
[    4.872733] Initializing cgroup subsys perf_event
[    4.934997] Initializing cgroup subsys net_prio
[    4.988835] Initializing cgroup subsys hugetlb
[    5.046653] Initializing cgroup subsys pids
[    5.070321] CPU: Physical Processor ID: 0
[    5.100723] CPU: Processor Core ID: 0
[    5.143001] mce: CPU supports 0 MCE banks
[    5.160380] Last level iTLB entries: 4KB 64, 2MB 8, 4MB 8
[    5.170399] Last level dTLB entries: 4KB 64, 2MB 0, 4MB 0, 1GB 4
[    5.173057] Freeing SMP alternatives memory: 32K
[    5.180472] ftrace: allocating 32148 entries in 126 pages
[    5.312165] smpboot: APIC(0) Converting physical 0 to logical package 0
[    5.398564] smpboot: Max logical packages: 1
[    5.399578] x2apic enabled
[    5.400364] Switched APIC routing to physical x2apic.
[    5.457916] ..TIMER: vector=0x30 apic1=0 pin1=2 apic2=-1 pin2=-1
[    5.632229] smpboot: CPU0: Intel(R) Core(TM) i5-7360U CPU @ 2.30GHz (family: 0x6, model: 0x8e, stepping: 0x9)
[    5.755444] Performance Events: unsupported p6 CPU model 142 no PMU driver, software events only.
[    5.876552] KVM setup paravirtual spinlock
[    5.908473] x86: Booting SMP configuration:
[    5.923787] .... node  #0, CPUs:      #1
[    5.951927] kvm-clock: cpu 1, msr 0:3ffe3041, secondary cpu clock
[    5.956567] mce: CPU supports 0 MCE banks
[    5.966395] x86: Booted up 1 node, 2 CPUs
[    5.991217] smpboot: Total of 2 processors activated (9215.99 BogoMIPS)
[    6.036672] devtmpfs: initialized
[    6.074554] evm: security.selinux
[    6.106977] evm: security.SMACK64
[    6.133393] evm: security.SMACK64EXEC
[    6.164227] evm: security.SMACK64TRANSMUTE
[    6.207068] evm: security.SMACK64MMAP
[    6.239256] evm: security.ima
[    6.239858] evm: security.capability
[    6.240753] clocksource: jiffies: mask: 0xffffffff max_cycles: 0xffffffff, max_idle_ns: 7645041785100000 ns
[    6.331406] futex hash table entries: 512 (order: 3, 32768 bytes)
[    6.361278] pinctrl core: initialized pinctrl subsystem
[    6.393306] RTC time: 11:46:33, date: 10/26/17
[    6.431433] NET: Registered protocol family 16
[    6.485595] cpuidle: using governor ladder
[    6.533560] cpuidle: using governor menu
[    6.563044] PCCT header not found.
[    6.608512] ACPI: bus type PCI registered
[    6.614715] acpiphp: ACPI Hot Plug PCI Controller Driver version: 0.5
[    6.655424] PCI: Using configuration type 1 for base access
[    6.670623] ACPI: Added _OSI(Module Device)
[    6.683528] ACPI: Added _OSI(Processor Device)
[    6.740476] ACPI: Added _OSI(3.0 _SCP Extensions)
[    6.746912] ACPI: Added _OSI(Processor Aggregator Device)
[    6.786442] ACPI: Executed 1 blocks of module-level executable AML code
[    6.824863] ACPI: Interpreter enabled
[    6.825573] ACPI: (supports S0 S5)
[    6.826233] ACPI: Using IOAPIC for interrupt routing
[    6.859953] PCI: Using host bridge windows from ACPI; if necessary, use "pci=nocrs" and report a bug
[    6.871252] ACPI: PCI Root Bridge [PCI0] (domain 0000 [bus 00-ff])
[    6.879617] acpi PNP0A03:00: _OSC: OS supports [ASPM ClockPM Segments MSI]
[    6.899561] acpi PNP0A03:00: _OSC: not requesting OS control; OS requires [ExtendedConfig ASPM ClockPM MSI]
[    6.923265] acpi PNP0A03:00: fail to add MMCONFIG information, can't access extended PCI configuration space under this bridge.
[    7.023763] PCI host bridge to bus 0000:00
[    7.075037] pci_bus 0000:00: root bus resource [io  0x0000-0x0cf7 window]
[    7.136254] pci_bus 0000:00: root bus resource [io  0x0d00-0xffff window]
[    7.195193] pci_bus 0000:00: root bus resource [mem 0x000a0000-0x000bffff window]
[    7.272900] pci_bus 0000:00: root bus resource [mem 0x40000000-0xffdfffff window]
[    7.337741] pci_bus 0000:00: root bus resource [bus 00-ff]
[    7.393825] pci 0000:00:01.1: legacy IDE quirk: reg 0x10: [io  0x01f0-0x01f7]
[    7.462279] pci 0000:00:01.1: legacy IDE quirk: reg 0x14: [io  0x03f6]
[    7.511158] pci 0000:00:01.1: legacy IDE quirk: reg 0x18: [io  0x0170-0x0177]
[    7.563796] pci 0000:00:01.1: legacy IDE quirk: reg 0x1c: [io  0x0376]
[    7.635124] pci 0000:00:07.0: quirk: [io  0x4000-0x403f] claimed by PIIX4 ACPI
[    7.717437] pci 0000:00:07.0: quirk: [io  0x4100-0x410f] claimed by PIIX4 SMB
[    7.796304] ACPI: PCI Interrupt Link [LNKA] (IRQs 5 9 10 *11)
[    7.863562] ACPI: PCI Interrupt Link [LNKB] (IRQs 5 9 10 *11)
[    7.919612] ACPI: PCI Interrupt Link [LNKC] (IRQs 5 9 *10 11)
[    7.967448] ACPI: PCI Interrupt Link [LNKD] (IRQs 5 *9 10 11)
[    8.011513] ACPI: Enabled 2 GPEs in block 00 to 07
[    8.056502] vgaarb: setting as boot device: PCI:0000:00:02.0
[    8.118068] vgaarb: device added: PCI:0000:00:02.0,decodes=io+mem,owns=io+mem,locks=none
[    8.191343] vgaarb: loaded
[    8.191916] vgaarb: bridge control possible 0000:00:02.0
[    8.204764] SCSI subsystem initialized
[    8.220317] ACPI: bus type USB registered
[    8.221192] usbcore: registered new interface driver usbfs
[    8.222142] usbcore: registered new interface driver hub
[    8.238837] usbcore: registered new device driver usb
[    8.290737] PCI: Using ACPI for IRQ routing
[    8.325939] NetLabel: Initializing
[    8.349417] NetLabel:  domain hash size = 128
[    8.387093] NetLabel:  protocols = UNLABELED CIPSOv4
[    8.427571] NetLabel:  unlabeled traffic allowed by default
[    8.477801] amd_nb: Cannot enumerate AMD northbridges
[    8.519589] clocksource: Switched to clocksource kvm-clock
[    8.565767] AppArmor: AppArmor Filesystem Enabled
[    8.665061] pnp: PnP ACPI init
[    8.716009] pnp: PnP ACPI: found 3 devices
[    8.764922] clocksource: acpi_pm: mask: 0xffffff max_cycles: 0xffffff, max_idle_ns: 2085701024 ns
[    8.931259] NET: Registered protocol family 2
[    9.013726] TCP established hash table entries: 8192 (order: 4, 65536 bytes)
[    9.152148] TCP bind hash table entries: 8192 (order: 5, 131072 bytes)
[    9.284715] TCP: Hash tables configured (established 8192 bind 8192)
[    9.418177] UDP hash table entries: 512 (order: 2, 16384 bytes)
[    9.524986] UDP-Lite hash table entries: 512 (order: 2, 16384 bytes)
[    9.595919] NET: Registered protocol family 1
[    9.600210] pci 0000:00:00.0: Limiting direct PCI/PCI transfers
[    9.656391] pci 0000:00:01.0: Activating ISA DMA hang workarounds
[    9.727915] Unpacking initramfs...
[   11.213363] Freeing initrd memory: 10792K
[   11.267396] platform rtc_cmos: registered platform RTC device (no PNP device found)
[   11.359457] Scanning for low memory corruption every 60 seconds
[   11.367174] audit: initializing netlink subsys (disabled)
[   11.386668] audit: type=2000 audit(1509018395.768:1): initialized
[   11.388049] Initialise system trusted keyring
[   11.407240] HugeTLB registered 2 MB page size, pre-allocated 0 pages
[   11.420617] zbud: loaded
[   11.433545] VFS: Disk quotas dquot_6.6.0
[   11.475417] VFS: Dquot-cache hash table entries: 512 (order 0, 4096 bytes)
[   11.616976] squashfs: version 4.0 (2009/01/31) Phillip Lougher
[   11.727006] fuse init (API version 7.23)
[   11.806484] Key type big_key registered
[   11.882049] Allocating IMA MOK and blacklist keyrings.
[   11.969110] Key type asymmetric registered
[   11.972329] Asymmetric key parser 'x509' registered
[   11.976189] Block layer SCSI generic (bsg) driver version 0.4 loaded (major 249)
[   11.980759] io scheduler noop registered
[   11.996736] io scheduler deadline registered (default)
[   12.004133] io scheduler cfq registered
[   12.005096] pci_hotplug: PCI Hot Plug PCI Core version: 0.5
[   12.008807] pciehp: PCI Express Hot Plug Controller Driver version: 0.4
[   12.011660] ACPI: AC Adapter [AC] (on-line)
[   12.019930] input: Power Button as /devices/LNXSYSTM:00/LNXPWRBN:00/input/input0
[   12.037213] ACPI: Power Button [PWRF]
[   12.042167] input: Sleep Button as /devices/LNXSYSTM:00/LNXSLPBN:00/input/input1
[   12.055965] ACPI: Sleep Button [SLPF]
[   12.059992] GHES: HEST is not enabled!
[   12.063259] Serial: 8250/16550 driver, 32 ports, IRQ sharing enabled
[   12.126002] 00:02: ttyS0 at I/O 0x3f8 (irq = 4, base_baud = 115200) is a 16550A
[   12.167973] Linux agpgart interface v0.103
[   12.221060] loop: module loaded
[   12.240473] scsi host0: ata_piix
[   12.301935] tsc: Refined TSC clocksource calibration: 2304.637 MHz
[   12.302975] clocksource: tsc: mask: 0xffffffffffffffff max_cycles: 0x21385184945, max_idle_ns: 440795220513 ns
[   12.325193] scsi host1: ata_piix
[   12.373295] ata1: PATA max UDMA/33 cmd 0x1f0 ctl 0x3f6 bmdma 0xd000 irq 14
[   12.395909] ata2: PATA max UDMA/33 cmd 0x170 ctl 0x376 bmdma 0xd008 irq 15
[   12.397131] libphy: Fixed MDIO Bus: probed
[   12.404727] tun: Universal TUN/TAP device driver, 1.6
[   12.505391] tun: (C) 1999-2004 Max Krasnyansky <maxk@qualcomm.com>
[   12.630363] PPP generic driver version 2.4.2
[   12.673998] ehci_hcd: USB 2.0 'Enhanced' Host Controller (EHCI) Driver
[   12.791507] ehci-pci: EHCI PCI platform driver
[   12.845064] ehci-platform: EHCI generic platform driver
[   12.865536] ohci_hcd: USB 1.1 'Open' Host Controller (OHCI) Driver
[   12.886455] ohci-pci: OHCI PCI platform driver
[   12.904925] ohci-platform: OHCI generic platform driver
[   12.989740] uhci_hcd: USB Universal Host Controller Interface driver
[   13.174185] i8042: PNP: PS/2 Controller [PNP0303:PS2K,PNP0f03:PS2M] at 0x60,0x64 irq 1,12
[   13.300212] serio: i8042 KBD port at 0x60,0x64 irq 1
[   13.375453] serio: i8042 AUX port at 0x60,0x64 irq 12
[   13.414716] mousedev: PS/2 mouse device common for all mice
[   13.524949] rtc_cmos rtc_cmos: rtc core: registered rtc_cmos as rtc0
[   13.684888] rtc_cmos rtc_cmos: alarms up to one day, 114 bytes nvram
[   13.790177] input: AT Translated Set 2 keyboard as /devices/platform/i8042/serio0/input/input2
[   13.900244] i2c /dev entries driver
[   13.937261] device-mapper: uevent: version 1.0.3
[   13.938172] device-mapper: ioctl: 4.34.0-ioctl (2015-10-28) initialised: dm-devel@redhat.com
[   13.945124] ledtrig-cpu: registered to indicate activity on CPUs
[   13.964432] NET: Registered protocol family 10
[   14.012317] NET: Registered protocol family 17
[   14.103643] Key type dns_resolver registered
[   14.191727] microcode: CPU0 sig=0x806e9, pf=0x8, revision=0x0
[   14.206027] microcode: CPU1 sig=0x806e9, pf=0x8, revision=0x0
[   14.305008] microcode: Microcode Update Driver: v2.01 <tigran@aivazian.fsnet.co.uk>, Peter Oruba
[   14.450930] registered taskstats version 1
[   14.628948] Loading compiled-in X.509 certificates
[   14.759731] Loaded X.509 cert 'Build time autogenerated kernel key: d1010f9627fd9242df4b03365d2931dfd1ad3d42'
[   14.921269] zswap: loaded using pool lzo/zbud
[   15.013846] Key type trusted registered
[   15.033121] Key type encrypted registered
[   15.041868] AppArmor: AppArmor sha1 policy hashing enabled
[   15.056345] ima: No TPM chip found, activating TPM-bypass!
[   15.064384] evm: HMAC attrs: 0x1
[   15.071751]   Magic number: 5:381:783
[   15.154762] rtc_cmos rtc_cmos: setting system clock to 2017-10-26 11:46:42 UTC (1509018402)
[   15.301462] BIOS EDD facility v0.16 2004-Jun-25, 0 devices found
[   15.449313] EDD information not available.
[   15.594462] Freeing unused kernel memory: 1492K
[   15.694722] Write protecting the kernel read-only data: 14336k
[   15.776715] Freeing unused kernel memory: 1748K
[   15.927367] Freeing unused kernel memory: 112K
Loading, please [   16.094378] random: systemd-udevd: uninitialized urandom read (16 bytes read, 5 bits of entropy available)
wait...
startin[   16.094859] random: udevadm: uninitialized urandom read (16 bytes read, 5 bits of entropy available)
g version 229
[   16.094887] random: udevadm: uninitialized urandom read (16 bytes read, 5 bits of entropy available)
[   16.094976] random: udevadm: uninitialized urandom read (16 bytes read, 5 bits of entropy available)
[   16.095007] random: udevadm: uninitialized urandom read (16 bytes read, 5 bits of entropy available)
[   16.095036] random: udevadm: uninitialized urandom read (16 bytes read, 5 bits of entropy available)
[   16.095064] random: udevadm: uninitialized urandom read (16 bytes read, 5 bits of entropy available)
[   16.095091] random: udevadm: uninitialized urandom read (16 bytes read, 5 bits of entropy available)
[   16.095119] random: udevadm: uninitialized urandom read (16 bytes read, 5 bits of entropy available)
[   16.095144] random: udevadm: uninitialized urandom read (16 bytes read, 5 bits of entropy available)
[   16.552654] e1000: Intel(R) PRO/1000 Network Driver - version 7.3.21-k8-NAPI
[   16.710657] e1000: Copyright (c) 1999-2006 Intel Corporation.
[   16.713560] Fusion MPT base driver 3.04.20
[   16.721203] Copyright (c) 1999-2008 LSI Corporation
[   16.725886] Fusion MPT SPI Host driver 3.04.20
[   16.740687] AVX version of gcm_enc/dec engaged.
[   16.760918] AES CTR mode by8 optimization enabled
[   17.046404] input: ImExPS/2 Generic Explorer Mouse as /devices/platform/i8042/serio1/input/input4
[   17.155497] e1000 0000:00:03.0 eth0: (PCI:33MHz:32-bit) 02:14:68:3e:84:47
[   17.201118] e1000 0000:00:03.0 eth0: Intel(R) PRO/1000 Network Connection
[   17.599013] e1000 0000:00:08.0 eth1: (PCI:33MHz:32-bit) 08:00:27:a5:bc:f2
[   17.682692] e1000 0000:00:08.0 eth1: Intel(R) PRO/1000 Network Connection
[   17.775008] e1000 0000:00:08.0 enp0s8: renamed from eth1
[   17.807070] mptbase: ioc0: Initiating bringup
[   17.885341] e1000 0000:00:03.0 enp0s3: renamed from eth0
[   18.007965] ioc0: LSI53C1030 A0: Capabilities={Initiator}
[   18.305289] scsi host2: ioc0: LSI53C1030 A0, FwRev=00000000h, Ports=1, MaxQ=256, IRQ=20
[   18.428122] scsi 2:0:0:0: Direct-Access     VBOX     HARDDISK         1.0  PQ: 0 ANSI: 5
[   18.647246] scsi target2:0:0: Beginning Domain Validation
[   18.817191] scsi target2:0:0: Domain Validation skipping write tests
[   18.952110] scsi target2:0:0: Ending Domain Validation
[   19.080778] scsi target2:0:0: asynchronous
[   19.235907] scsi 2:0:1:0: Direct-Access     VBOX     HARDDISK         1.0  PQ: 0 ANSI: 5
[   19.361503] scsi target2:0:1: Beginning Domain Validation
[   19.364307] scsi target2:0:1: Domain Validation skipping write tests
[   19.404888] scsi target2:0:1: Ending Domain Validation
[   19.414095] scsi target2:0:1: asynchronous
[   19.459695] sd 2:0:0:0: Attached scsi generic sg0 type 0
[   19.459876] sd 2:0:0:0: [sda] 20971520 512-byte logical blocks: (10.7 GB/10.0 GiB)
[   19.459955] sd 2:0:0:0: [sda] Write Protect is off
[   19.460007] sd 2:0:0:0: [sda] Incomplete mode parameter data
[   19.460008] sd 2:0:0:0: [sda] Assuming drive cache: write through
[   19.460835]  sda: sda1
[   19.461328] sd 2:0:0:0: [sda] Attached SCSI disk
[   19.765220] sd 2:0:1:0: Attached scsi generic sg1 type 0
[   19.765336] sd 2:0:1:0: [sdb] 20480 512-byte logical blocks: (10.5 MB/10.0 MiB)
[   19.765431] sd 2:0:1:0: [sdb] Write Protect is off
[   19.765519] sd 2:0:1:0: [sdb] Incomplete mode parameter data
[   19.765520] sd 2:0:1:0: [sdb] Assuming drive cache: write through
[   19.767107] sd 2:0:1:0: [sdb] Attached SCSI disk
[   19.772687] floppy0: no floppy controllers found
[   19.772720] work still pending
Begin: Loading e[   21.658624] md: linear personality registered for level -1
ssential drivers[   21.730822] md: multipath personality registered for level -4
 ... [   21.798470] md: raid0 personality registered for level 0
[   21.833279] md: raid1 personality registered for level 1
[   21.996353] raid6: sse2x1   gen() 10505 MB/s
[   22.151673] raid6: sse2x1   xor()  6425 MB/s
[   22.353800] raid6: sse2x2   gen() 12786 MB/s
[   22.536225] raid6: sse2x2   xor()  8267 MB/s
[   22.695613] raid6: sse2x4   gen()  9656 MB/s
[   22.844156] raid6: sse2x4   xor()  9625 MB/s
[   22.924900] raid6: using algorithm sse2x2 gen() 12786 MB/s
[   23.029877] raid6: .... xor() 8267 MB/s, rmw enabled
[   23.235214] raid6: using ssse3x2 recovery algorithm
[   23.286799] xor: automatically using best checksumming function:
[   23.399735]    avx       : 23354.000 MB/sec
[   23.448954] async_tx: api initialized (async)
[   23.561893] md: raid6 personality registered for level 6
[   23.692089] md: raid5 personality registered for level 5
[   23.714340] md: raid4 personality registered for level 4
[   23.749179] md: raid10 personality registered for level 10
done.
Begin: Running /scripts/init-premount ... done.
Begin: Mounting root file system ... Begin: Running /scripts/local-top ... done.
Begin: Running /scripts/local-premount ... [   23.815789] Btrfs loaded
Scanning for Btrfs filesystems
done.
Warning: fsck not present, so skipping root file system
[   23.922611] EXT4-fs (sda1): mounted filesystem with ordered data mode. Opts: (null)
done.
Begin: Running /scripts/local-bottom ... done.
Begin: Running /scripts/init-bottom ... done.
[   24.507415] random: nonblocking pool is initialized
[   24.758325] systemd[1]: systemd 229 running in system mode. (+PAM +AUDIT +SELINUX +IMA +APPARMOR +SMACK +SYSVINIT +UTMP +LIBCRYPTSETUP +GCRYPT +GNUTLS +ACL +XZ -LZ4 +SECCOMP +BLKID +ELFUTILS +KMOD -IDN)
[   24.835574] systemd[1]: Detected virtualization oracle.
[   24.849111] systemd[1]: Detected architecture x86-64.

Welcome to [1mUbuntu 16.04.3 LTS[0m!

[   25.109626] systemd[1]: Set hostname to <ubuntu-xenial>.
[   26.138870] systemd[1]: Started Forward Password Requests to Wall Directory Watch.
[[0;32m  OK  [0m] Started Forward Password Requests to Wall Directory Watch.
[   26.328189] systemd[1]: Listening on Journal Socket.
[[0;32m  OK  [0m] Listening on Journal Socket.
[   26.532224] systemd[1]: Listening on Journal Socket (/dev/log).
[[0;32m  OK  [0m] Listening on Journal Socket (/dev/log).
[   26.736404] systemd[1]: Reached target Swap.
[[0;32m  OK  [0m] Reached target Swap.
[   26.900065] systemd[1]: Listening on Syslog Socket.
[[0;32m  OK  [0m] Listening on Syslog Socket.
[   26.954483] systemd[1]: Listening on Journal Audit Socket.
[[0;32m  OK  [0m] Listening on Journal Audit Socket.
[   26.984324] systemd[1]: Created slice System Slice.
[[0;32m  OK  [0m] Created slice System Slice.
[   27.016174] systemd[1]: Mounting Huge Pages File System...
         Mounting Huge Pages File System...
[   27.109544] systemd[1]: Starting Load Kernel Modules...
         Starting Load Kernel Modules...
[   27.151591] systemd[1]: Starting Remount Root and Kernel File Systems...
         Starting Remount Root and Kernel File Systems...
[   27.208258] EXT4-fs (sda1): re-mounted. Opts: (null)
[   27.274985] Loading iSCSI transport class v2.0-870.
[   27.340029] systemd[1]: Starting Create list of required static device nodes for the current kernel...
         Starting Create list of[   27.390492] iscsi: registered transport (tcp)
 required st... nodes for the current kernel...
[   27.492407] systemd[1]: Mounting POSIX Message Queue File System...
         Mounting POSIX Message [   27.510643] iscsi: registered transport (iser)
Queue File System...
[   27.604511] systemd[1]: Starting Set console keymap...
         Starting Set console keymap...
[   27.791958] systemd[1]: Started Trigger resolvconf update for networkd DNS.
[[0;32m  OK  [0m] Started Trigger resolvconf update for networkd DNS.
[   28.011944] systemd[1]: Starting Nameserver information manager...
         Starting Nameserver information manager...
[   28.092012] systemd[1]: Listening on LVM2 poll daemon socket.
[[0;32m  OK  [0m] Listening on LVM2 poll daemon socket.
[   28.181895] systemd[1]: Listening on udev Control Socket.
[[0;32m  OK  [0m] Listening on udev Control Socket.
[   28.271627] systemd[1]: Listening on /dev/initctl Compatibility Named Pipe.
[[0;32m  OK  [0m] Listening on /dev/initctl Compatibility Named Pipe.
[   28.308212] systemd[1]: Set up automount Arbitrary Executable File Formats File System Automount Point.
[[0;32m  OK  [0m] Set up automount Arbitrary Executab...ats File System Automount Point.
[   28.600539] systemd[1]: Mounting Debug File System...
         Mounting Debug File System...
[   28.692502] systemd[1]: Created slice User and Session Slice.
[[0;32m  OK  [0m] Created slice User and Session Slice.
[   28.848461] systemd[1]: Reached target Slices.
[[0;32m  OK  [0m] Reached target Slices.
[   28.991849] systemd[1]: Starting Uncomplicated firewall...
         Starting Uncomplicated firewall...
[   29.108780] systemd[1]: Listening on Device-mapper event daemon FIFOs.
[[0;32m  OK  [0m] Listening on Device-mapper event daemon FIFOs.
[   29.284060] systemd[1]: Starting Journal Service...
         Starting Journal Service...
[   29.352236] systemd[1]: Listening on udev Kernel Socket.
[[0;32m  OK  [0m] Listening on udev Kernel Socket.
[   29.451858] systemd[1]: Created slice system-serial\x2dgetty.slice.
[[0;32m  OK  [0m] Created slice system-serial\x2dgetty.slice.
[   29.497985] systemd[1]: Listening on LVM2 metadata daemon socket.
[[0;32m  OK  [0m] Listening on LVM2 metadata daemon socket.
[   29.536124] systemd[1]: Starting Monitoring of LVM2 mirrors, snapshots etc. using dmeventd or progress polling...
         Starting Monitoring of LVM2 mirrors... dmeventd or progress polling...
[   29.696090] systemd[1]: Reached target Encrypted Volumes.
[[0;32m  OK  [0m] Reached target Encrypted Volumes.
[   29.836201] systemd[1]: Reached target User and Group Name Lookups.
[[0;32m  OK  [0m] Reached target User and Group Name Lookups.
[   29.990761] systemd[1]: Mounted Debug File System.
[[0;32m  OK  [0m] Mounted Debug File System.
[   30.160129] systemd[1]: Mounted Huge Pages File System.
[[0;32m  OK  [0m] Mounted Huge Pages File System.
[   30.247913] systemd[1]: Mounted POSIX Message Queue File System.
[[0;32m  OK  [0m] Mounted POSIX Message Queue File System.
[   30.392944] systemd[1]: Started Journal Service.
[[0;32m  OK  [0m] Started Journal Service.
[[0;32m  OK  [0m] Started Load Kernel Modules.
[[0;32m  OK  [0m] Started Remount Root and Kernel File Systems.
[[0;32m  OK  [0m] Started Create list of required sta...ce nodes for the current kernel.
[[0;32m  OK  [0m] Started Set console keymap.
[[0;32m  OK  [0m] Started Uncomplicated firewall.
[[0;32m  OK  [0m] Started Nameserver information manager.
[[0;32m  OK  [0m] Started LVM2 metadata daemon.
         Starting Create Static Device Nodes in /dev...
         Starting udev Coldplug all Devices...
         Starting Load/Save Random Seed...
         Starting Initial cloud-init job (pre-networking)...
         Starting Apply Kernel Variables...
         Mounting FUSE Control File System...
         Starting Flush Journal to Persistent Storage...
[[0;32m  OK  [0m] Mounted FUSE Control File System.
[[0;32m  OK  [0m] Started Monitoring of LVM2 mirrors,...ng dmeventd or progress polling.
[[0;32m  OK  [0m] Started Load/Save Random Seed.
[[0;32m  OK  [0m] Started Create Static Device Nodes in /dev.
[[0;32m  OK  [0m] Started Apply Kernel Variables.
[[0;32m  OK  [0m] Started udev Coldplug all Devices.
         Starting udev Kernel Device Manager...
[[0;32m  OK  [0m] Started Flush Journal to Persistent Storage.
[[0;32m  OK  [0m] Started udev Kernel Device Manager.
[[0;32m  OK  [0m] Started Dispatch Password Requests to Console Directory Watch.
[[0;32m  OK  [0m] Reached target Local File Systems (Pre).
[[0;32m  OK  [0m] Reached target Local File Systems.
         Starting LSB: AppArmor initialization...
         Starting Create Volatile Files and Directories...
         Starting Tell Plymouth To Write Out Runtime Data...
         Starting Set console font and keymap...
[[0;32m  OK  [0m] Found device /dev/ttyS0.
[[0;32m  OK  [0m] Started Tell Plymouth To Write Out Runtime Data.
[[0;32m  OK  [0m] Started Create Volatile Files and Directories.
         Starting Update UTMP about System Boot/Shutdown...
[[0;32m  OK  [0m] Reached target System Time Synchronized.
[[0;32m  OK  [0m] Started Update UTMP about System Boot/Shutdown.
[[0;32m  OK  [0m] Found device 82540EM Gigabit Ethern...r (PRO/1000 MT Desktop Adapter).
[[0;32m  OK  [0m] Found device 82540EM Gigabit Ethern...r (PRO/1000 MT Desktop Adapter).
[[0;32m  OK  [0m] Started Set console font and keymap.
[[0;32m  OK  [0m] Listening on Load/Save RF Kill Switch Status /dev/rfkill Watch.
[[0;32m  OK  [0m] Created slice system-getty.slice.
[[0;32m  OK  [0m] Started LSB: AppArmor initialization.
[   29.165746] cloud-init[440]: Cloud-init v. 0.7.9 running 'init-local' at Thu, 26 Oct 2017 11:47:03 +0000. Up 28.59 seconds.
[[0;32m  OK  [0m] Started Initial cloud-init job (pre-networking).
[[0;32m  OK  [0m] Reached target Network (Pre).
[[0;32m  OK  [0m] Started ifup for enp0s8.
[[0;32m  OK  [0m] Started ifup for enp0s3.
         Starting Raise network interfaces...
[[0;32m  OK  [0m] Started Raise network interfaces.
         Starting Initial cloud-init job (metadata service crawler)...
[[0;32m  OK  [0m] Reached target Network.
[   30.651971] cloud-init[1046]: Cloud-init v. 0.7.9 running 'init' at Thu, 26 Oct 2017 11:47:05 +0000. Up 29.80 seconds.
[[0;32m  OK  [0m] Started Initial cloud-init job (metadata service crawler).
[[0;32m  OK  [0m] Reached target Cloud-config availability.
[[0;32m  OK  [0m] Reached target Network is Online.
[   30.766686] cloud-init[1046]: ci-info: ++++++++++++++++++++++++++++++++++++++Net device info++++++++++++++++++++++++++++++++++++++
[   30.988291] cloud-init[1046]: ci-info: +--------+------+-----------------------------+---------------+-------+-------------------+
[   31.108752] cloud-init[1046]: ci-info: | Device |  Up  |           Address           |      Mask     | Scope |     Hw-Address    |
[   31.248237] cloud-init[1046]: ci-info: +--------+------+-----------------------------+---------------+-------+-------------------+
[   31.395088] cloud-init[1046]: ci-info: | enp0s8 | True |        192.168.33.60        | 255.255.255.0 |   .   | 08:00:27:a5:bc:f2 |
         Starting iSCSI initiator daemon (iscsid)...
[[0;32m  OK  [0m] Reached target System Initialization.
[   31.527620] cloud-init[1046]: ci-info: | enp0s8 | True | fe80::a00:27ff:fea5:bcf2/64 |       .       |  link | 08:00:27:a5:bc:f2 |
[   31.736282] cloud-init[1046]: ci-info: | enp0s3 | True |          10.0.2.15          | 255.255.255.0 |   .   | 02:14:68:3e:84:47 |
[   31.864704] cloud-init[1046]: ci-info: | enp0s3 | True |  fe80::14:68ff:fe3e:8447/64 |       .       |  link | 02:14:68:3e:84:47 |
[   31.980868] cloud-init[1046]: ci-info: |   lo   | True |          127.0.0.1          |   255.0.0.0   |   .   |         .         |
[   32.028385] cloud-init[1046]: ci-info: |   lo   | True |           ::1/128           |       .       |  host |         .         |
         Starting LXD - unix socket.
[[0;32m  OK  [0m] Started Daily Cleanup of Temporary Directories.
[   32.171598] cloud-init[1046]: ci-info: +--------+------+-----------------------------+---------------+-------+-------------------+
[   32.385004] cloud-init[1046]: ci-info: ++++++++++++++++++++++++++++Route IPv4 info++++++++++++++++++++++++++++
[   32.488681] cloud-init[1046]: ci-info: +-------+--------------+----------+---------------+-----------+-------+
[   32.592635] cloud-init[1046]: ci-info: | Route | Destination  | Gateway  |    Genmask    | Interface | Flags |
[   32.684498] cloud-init[1046]: ci-info: +-------+--------------+----------+---------------+-----------+-------+
[   32.768513] cloud-init[1046]: ci-info: |   0   |   0.0.0.0    | 10.0.2.2 |    0.0.0.0    |   enp0s3  |   UG  |
[[0;32m  OK  [0m] Started Timer to automatically fetch and run repair assertions.
[[0;32m  OK  [0m] Listening on ACPID Listen Socket.
[   32.871212] cloud-init[1046]: ci-info: |   1   |   10.0.2.0   | 0.0.0.0  | 255.255.255.0 |   enp0s3  |   U   |
[   33.054919] cloud-init[1046]: ci-info: |   2   | 192.168.33.0 | 0.0.0.0  | 255.255.255.0 |   enp0s8  |   U   |
[   33.091291] cloud-init[1046]: ci-info: +-------+--------------+----------+---------------+-----------+-------+
[[0;32m  OK  [0m] Started ACPI Events Check.
[[0;32m  OK  [0m] Reached target Paths.
[[0;32m  OK  [0m] Started Daily apt download activities.
[[0;32m  OK  [0m] Started Daily apt upgrade and clean activities.
         Starting Socket activation for snappy daemon.
[[0;32m  OK  [0m] Listening on D-Bus System Message Bus Socket.
[[0;32m  OK  [0m] Started Timer to automatically refresh installed snaps.
[[0;32m  OK  [0m] Reached target Timers.
[[0;32m  OK  [0m] Listening on UUID daemon activation socket.
[[0;32m  OK  [0m] Listening on LXD - unix socket.
[[0;32m  OK  [0m] Listening on Socket activation for snappy daemon.
[[0;32m  OK  [0m] Started iSCSI initiator daemon (iscsid).
         Starting Login to default iSCSI targets...
[[0;32m  OK  [0m] Reached target Sockets.
[[0;32m  OK  [0m] Reached target Basic System.
[[0;32m  OK  [0m] Started Unattended Upgrades Shutdown.
[[0;32m  OK  [0m] Started D-Bus System Message Bus.
         Starting Accounts Service...
[[0;32m  OK  [0m] Started Regular background program processing daemon.
         Starting Snappy daemon...
[[0;32m  OK  [0m] Started ACPI event daemon.
         Starting Apply the settings specified in cloud-config...
[[0;32m  OK  [0m] Started FUSE filesystem for LXC.
         Starting System Logging Service...
         Starting LSB: Record successful boot for GRUB...
         Starting Login Service...
[[0;32m  OK  [0m] Started Deferred execution scheduler.
         Starting LXD - container startup/shutdown...
         Starting LSB: MD monitoring daemon...
         Starting OpenBSD Secure Shell server...
         Starting /etc/rc.local Compatibility...
[[0;32m  OK  [0m] Started /etc/rc.local Compatibility.
[[0;32m  OK  [0m] Started Login Service.
[[0;32m  OK  [0m] Started LSB: Record successful boot for GRUB.
[[0;32m  OK  [0m] Started Login to default iSCSI targets.
[[0;32m  OK  [0m] Reached target Remote File Systems (Pre).
[[0;32m  OK  [0m] Reached target Remote File Systems.
         Starting LSB: automatic crash report generation...
         Starting LSB: VirtualBox Linux Additions...
         Starting LSB: daemon to balance interrupts for SMP systems...
         Starting LSB: Apache2 web server...
         Starting Permit User Sessions...
         Starting LSB: Set the CPU Frequency Scaling governor to "ondemand"...
[[0;32m  OK  [0m] Started System Logging Service.
[[0;32m  OK  [0m] Started LSB: MD monitoring daemon.
[[0;32m  OK  [0m] Started LSB: Set the CPU Frequency Scaling governor to "ondemand".
[[0;32m  OK  [0m] Started Permit User Sessions.
[   36.013679] cloud-init[1116]: Cloud-init v. 0.7.9 running 'modules:config' at Thu, 26 Oct 2017 11:47:10 +0000. Up 34.84 seconds.
         Starting Terminate Plymouth Boot Screen...
         Starting Hold until boot process finishes up...
[[0;32m  OK  [0m] Started Apply the settings specified in cloud-config.
[[0;32m  OK  [0m] Started Terminate Plymouth Boot Screen.
[[0;32m  OK  [0m] Started Hold until boot process finishes up.
[[0;32m  OK  [0m] Started Getty on tty1.
         Starting Set console scheme...
[[0;32m  OK  [0m] Started Serial Getty on ttyS0.
[[0;32m  OK  [0m] Reached target Login Prompts.
[[0;32m  OK  [0m] Started LSB: automatic crash report generation.
[[0;32m  OK  [0m] Started Set console scheme.
[[0;32m  OK  [0m] Started LSB: daemon to balance interrupts for SMP systems.
         Starting Authenticate and Authorize Users to Run Privileged Tasks...
[[0;32m  OK  [0m] Started OpenBSD Secure Shell server.
[[0;32m  OK  [0m] Started LSB: VirtualBox Linux Additions.
[[0;32m  OK  [0m] Started Authenticate and Authorize Users to Run Privileged Tasks.
[[0;32m  OK  [0m] Started Accounts Service.
[[0;32m  OK  [0m] Created slice User Slice of ubuntu.
         Starting User Manager for UID 1000...
[[0;32m  OK  [0m] Started Session 1 of user ubuntu.
[[0;32m  OK  [0m] Started User Manager for UID 1000.
[[0;32m  OK  [0m] Started Snappy daemon.
         Starting Auto import assertions from block devices...
[[0;32m  OK  [0m] Started Auto import assertions from block devices.
[[0;32m  OK  [0m] Started LXD - container startup/shutdown.
[[0;32m  OK  [0m] Started LSB: Apache2 web server.
[[0;32m  OK  [0m] Reached target Multi-User System.
         Starting Execute cloud user/final scripts...
[[0;32m  OK  [0m] Reached target Graphical Interface.
         Starting Update UTMP about System Runlevel Changes...
[   41.722683] cloud-init[1434]: Cloud-init v. 0.7.9 running 'modules:final' at Thu, 26 Oct 2017 11:47:16 +0000. Up 41.50 seconds.
[   41.723019] cloud-init[1434]: Cloud-init v. 0.7.9 finished at Thu, 26 Oct 2017 11:47:17 +0000. Datasource DataSourceNoCloud [seed=/dev/sdb][dsmode=net].  Up 41.71 seconds

Ubuntu 16.04.3 LTS ubuntu-xenial ttyS0

ubuntu-xenial login: 